#
# There is insufficient memory for the Java Runtime Environment to continue.
# Native memory allocation (mmap) failed to map 200278016 bytes. Error detail: G1 virtual space
# Possible reasons:
#   The system is out of physical RAM or swap space
#   This process is running with CompressedOops enabled, and the Java Heap may be blocking the growth of the native heap
# Possible solutions:
#   Reduce memory load on the system
#   Increase physical memory or swap space
#   Check if swap backing store is full
#   Decrease Java heap size (-Xmx/-Xms)
#   Decrease number of Java threads
#   Decrease Java thread stack sizes (-Xss)
#   Set larger code cache with -XX:ReservedCodeCacheSize=
#   JVM is running with Unscaled Compressed Oops mode in which the Java heap is
#     placed in the first 4GB address space. The Java Heap base address is the
#     maximum limit for the native heap growth. Please use -XX:HeapBaseMinAddress
#     to set the Java Heap base and to place the Java Heap above 4GB virtual address.
# This output file may be truncated or incomplete.
#
#  Out of Memory Error (os_windows.cpp:3613), pid=3948, tid=17664
#
# JRE version: OpenJDK Runtime Environment Temurin-17.0.12+7 (17.0.12+7) (build 17.0.12+7)
# Java VM: OpenJDK 64-Bit Server VM Temurin-17.0.12+7 (17.0.12+7, mixed mode, sharing, tiered, compressed oops, compressed class ptrs, g1 gc, windows-amd64)
# No core dump will be written. Minidumps are not enabled by default on client versions of Windows
#

---------------  S U M M A R Y ------------

Command Line: --module-path=E:/openjfx-17.0.13_windows-x64_bin-sdk/javafx-sdk-17.0.13/lib --add-modules=javafx.controls,javafx.fxml -XX:+ShowCodeDetailsInExceptionMessages App

Host: 12th Gen Intel(R) Core(TM) i5-1235U, 12 cores, 7G,  Windows 11 , 64 bit Build 26100 (10.0.26100.2454)
Time: Thu Dec 19 19:48:40 2024 Bangladesh Standard Time elapsed time: 1.973958 seconds (0d 0h 0m 1s)

---------------  T H R E A D  ---------------

Current thread (0x000001db49b05ad0):  VMThread "VM Thread" [stack: 0x000000aa95b00000,0x000000aa95c00000] [id=17664]

Stack: [0x000000aa95b00000,0x000000aa95c00000]
Native frames: (J=compiled Java code, j=interpreted, Vv=VM code, C=native code)
V  [jvm.dll+0x67f929]
V  [jvm.dll+0x8371ba]
V  [jvm.dll+0x838c7e]
V  [jvm.dll+0x8392e3]
V  [jvm.dll+0x24834f]
V  [jvm.dll+0x67c6e9]
V  [jvm.dll+0x6711aa]
V  [jvm.dll+0x307f7b]
V  [jvm.dll+0x30f476]
V  [jvm.dll+0x35f63e]
V  [jvm.dll+0x35f87f]
V  [jvm.dll+0x2def9c]
V  [jvm.dll+0x2dd35f]
V  [jvm.dll+0x2dca8c]
V  [jvm.dll+0x320491]
V  [jvm.dll+0x83d7dd]
V  [jvm.dll+0x83e522]
V  [jvm.dll+0x83ea4f]
V  [jvm.dll+0x83ee34]
V  [jvm.dll+0x83ef00]
V  [jvm.dll+0x7e65dc]
V  [jvm.dll+0x67e7f7]
C  [ucrtbase.dll+0x14ea0]
C  [KERNEL32.DLL+0x2e8d7]
C  [ntdll.dll+0xdfbcc]

VM_Operation (0x000000aa96ffc3d0): G1TryInitiateConcMark, mode: safepoint, requested by thread 0x000001db925f9050


---------------  P R O C E S S  ---------------

Threads class SMR info:
_java_thread_list=0x000001db92642850, length=18, elements={
0x000001db2b513000, 0x000001db49b0cff0, 0x000001db49b0d9b0, 0x000001db49b25a90,
0x000001db49b26ed0, 0x000001db49b27890, 0x000001db49b29dd0, 0x000001db49b2d300,
0x000001db49b2d9c0, 0x000001db49b31a70, 0x000001db8f0c9080, 0x000001db8f128ba0,
0x000001db8f1fcc30, 0x000001db8f425030, 0x000001db92644020, 0x000001db925f9050,
0x000001db927ed940, 0x000001db9280d240
}

Java Threads: ( => current thread )
  0x000001db2b513000 JavaThread "main" [_thread_blocked, id=15732, stack(0x000000aa95500000,0x000000aa95600000)]
  0x000001db49b0cff0 JavaThread "Reference Handler" daemon [_thread_blocked, id=13424, stack(0x000000aa95c00000,0x000000aa95d00000)]
  0x000001db49b0d9b0 JavaThread "Finalizer" daemon [_thread_blocked, id=17680, stack(0x000000aa95d00000,0x000000aa95e00000)]
  0x000001db49b25a90 JavaThread "Signal Dispatcher" daemon [_thread_blocked, id=16840, stack(0x000000aa95e00000,0x000000aa95f00000)]
  0x000001db49b26ed0 JavaThread "Attach Listener" daemon [_thread_blocked, id=9660, stack(0x000000aa95f00000,0x000000aa96000000)]
  0x000001db49b27890 JavaThread "Service Thread" daemon [_thread_blocked, id=15400, stack(0x000000aa96000000,0x000000aa96100000)]
  0x000001db49b29dd0 JavaThread "Monitor Deflation Thread" daemon [_thread_blocked, id=8448, stack(0x000000aa96100000,0x000000aa96200000)]
  0x000001db49b2d300 JavaThread "C2 CompilerThread0" daemon [_thread_blocked, id=2948, stack(0x000000aa96200000,0x000000aa96300000)]
  0x000001db49b2d9c0 JavaThread "C1 CompilerThread0" daemon [_thread_blocked, id=19296, stack(0x000000aa96300000,0x000000aa96400000)]
  0x000001db49b31a70 JavaThread "Sweeper thread" daemon [_thread_blocked, id=9616, stack(0x000000aa96400000,0x000000aa96500000)]
  0x000001db8f0c9080 JavaThread "Common-Cleaner" daemon [_thread_blocked, id=15232, stack(0x000000aa96500000,0x000000aa96600000)]
  0x000001db8f128ba0 JavaThread "C2 CompilerThread1" daemon [_thread_blocked, id=7684, stack(0x000000aa96600000,0x000000aa96700000)]
  0x000001db8f1fcc30 JavaThread "Notification Thread" daemon [_thread_blocked, id=17736, stack(0x000000aa96700000,0x000000aa96800000)]
  0x000001db8f425030 JavaThread "QuantumRenderer-0" daemon [_thread_blocked, id=12880, stack(0x000000aa96900000,0x000000aa96a00000)]
  0x000001db92644020 JavaThread "InvokeLaterDispatcher" daemon [_thread_blocked, id=17500, stack(0x000000aa96e00000,0x000000aa96f00000)]
  0x000001db925f9050 JavaThread "JavaFX Application Thread" [_thread_blocked, id=3468, stack(0x000000aa96f00000,0x000000aa97000000)]
  0x000001db927ed940 JavaThread "JavaFX-Launcher" [_thread_blocked, id=9728, stack(0x000000aa97200000,0x000000aa97300000)]
  0x000001db9280d240 JavaThread "Thread-2" daemon [_thread_blocked, id=18188, stack(0x000000aa97100000,0x000000aa97200000)]

Other Threads:
=>0x000001db49b05ad0 VMThread "VM Thread" [stack: 0x000000aa95b00000,0x000000aa95c00000] [id=17664]
  0x000001db8f2bd520 WatcherThread [stack: 0x000000aa96800000,0x000000aa96900000] [id=18720]
  0x000001db2b5713a0 GCTaskThread "GC Thread#0" [stack: 0x000000aa95600000,0x000000aa95700000] [id=3788]
  0x000001db9285ec90 GCTaskThread "GC Thread#1" [stack: 0x000000aa97300000,0x000000aa97400000] [id=6964]
  0x000001db928a3920 GCTaskThread "GC Thread#2" [stack: 0x000000aa97400000,0x000000aa97500000] [id=9812]
  0x000001db92ad4020 GCTaskThread "GC Thread#3" [stack: 0x000000aa97500000,0x000000aa97600000] [id=18124]
  0x000001db92ad42e0 GCTaskThread "GC Thread#4" [stack: 0x000000aa97600000,0x000000aa97700000] [id=17936]
  0x000001db92ad45a0 GCTaskThread "GC Thread#5" [stack: 0x000000aa97700000,0x000000aa97800000] [id=9128]
  0x000001db92944b90 GCTaskThread "GC Thread#6" [stack: 0x000000aa97800000,0x000000aa97900000] [id=11648]
  0x000001db92db0920 GCTaskThread "GC Thread#7" [stack: 0x000000aa97b00000,0x000000aa97c00000] [id=4716]
  0x000001db92b58050 GCTaskThread "GC Thread#8" [stack: 0x000000aa97c00000,0x000000aa97d00000] [id=18352]
  0x000001db2b5818b0 ConcurrentGCThread "G1 Main Marker" [stack: 0x000000aa95700000,0x000000aa95800000] [id=3068]
  0x000001db2b5822d0 ConcurrentGCThread "G1 Conc#0" [stack: 0x000000aa95800000,0x000000aa95900000] [id=17648]
  0x000001db92bb4040 ConcurrentGCThread "G1 Conc#1" [stack: 0x000000aa97d00000,0x000000aa97e00000] [id=11132]
  0x000001db92db1cb0 ConcurrentGCThread "G1 Conc#2" [stack: 0x000000aa97e00000,0x000000aa97f00000] [id=18616]
  0x000001db2b5ce2b0 ConcurrentGCThread "G1 Refine#0" [stack: 0x000000aa95900000,0x000000aa95a00000] [id=17104]
  0x000001db92c0a9d0 ConcurrentGCThread "G1 Refine#1" [stack: 0x000000aa97900000,0x000000aa97a00000] [id=13696]
  0x000001db92bb37c0 ConcurrentGCThread "G1 Refine#2" [stack: 0x000000aa97a00000,0x000000aa97b00000] [id=6504]
  0x000001db2b5cea80 ConcurrentGCThread "G1 Service" [stack: 0x000000aa95a00000,0x000000aa95b00000] [id=16092]

Threads with active compile tasks:
C2 CompilerThread0     2000 1197       4       com.sun.javafx.iio.gif.GIFImageLoader2::decodeImage (161 bytes)

VM state: at safepoint (normal execution)

VM Mutex/Monitor currently owned by a thread:  ([mutex/lock_event])
[0x000001db2b50f870] Threads_lock - owner thread: 0x000001db49b05ad0
[0x000001db2b510440] Heap_lock - owner thread: 0x000001db925f9050

Heap address: 0x0000000085200000, size: 1966 MB, Compressed Oops mode: 32-bit

CDS archive(s) mapped at: [0x000001db4a000000-0x000001db4abb0000-0x000001db4abb0000), size 12255232, SharedBaseAddress: 0x000001db4a000000, ArchiveRelocationMode: 1.
Compressed class space mapped at: 0x000001db4b000000-0x000001db8b000000, reserved size: 1073741824
Narrow klass base: 0x000001db4a000000, Narrow klass shift: 0, Narrow klass range: 0x100000000

GC Precious Log:
 CPUs: 12 total, 12 available
 Memory: 7863M
 Large Page Support: Disabled
 NUMA Support: Disabled
 Compressed Oops: Enabled (32-bit)
 Heap Region Size: 1M
 Heap Min Capacity: 8M
 Heap Initial Capacity: 124M
 Heap Max Capacity: 1966M
 Pre-touch: Disabled
 Parallel Workers: 10
 Concurrent Workers: 3
 Concurrent Refinement Workers: 10
 Periodic GC: Disabled

Heap:
 garbage-first heap   total 266240K, used 165808K [0x0000000085200000, 0x0000000100000000)
  region size 1024K, 1 young (1024K), 1 survivors (1024K)
 Metaspace       used 8758K, committed 9024K, reserved 1114112K
  class space    used 1158K, committed 1280K, reserved 1048576K

Heap Regions: E=young(eden), S=young(survivor), O=old, HS=humongous(starts), HC=humongous(continues), CS=collection set, F=free, OA=open archive, CA=closed archive, TAMS=top-at-mark-start (previous, next)
|   0|0x0000000085200000, 0x0000000085300000, 0x0000000085300000|100%| O|  |TAMS 0x0000000085300000, 0x0000000085300000| Untracked 
|   1|0x0000000085300000, 0x0000000085400000, 0x0000000085400000|100%|HS|  |TAMS 0x0000000085400000, 0x0000000085400000| Complete 
|   2|0x0000000085400000, 0x0000000085500000, 0x0000000085500000|100%|HC|  |TAMS 0x0000000085500000, 0x0000000085500000| Complete 
|   3|0x0000000085500000, 0x0000000085600000, 0x0000000085600000|100%|HC|  |TAMS 0x0000000085600000, 0x0000000085600000| Complete 
|   4|0x0000000085600000, 0x0000000085700000, 0x0000000085700000|100%|HC|  |TAMS 0x0000000085700000, 0x0000000085700000| Complete 
|   5|0x0000000085700000, 0x0000000085800000, 0x0000000085800000|100%|HS|  |TAMS 0x0000000085800000, 0x0000000085800000| Complete 
|   6|0x0000000085800000, 0x0000000085900000, 0x0000000085900000|100%|HC|  |TAMS 0x0000000085900000, 0x0000000085900000| Complete 
|   7|0x0000000085900000, 0x0000000085a00000, 0x0000000085a00000|100%|HS|  |TAMS 0x0000000085a00000, 0x0000000085a00000| Complete 
|   8|0x0000000085a00000, 0x0000000085b00000, 0x0000000085b00000|100%|HC|  |TAMS 0x0000000085b00000, 0x0000000085b00000| Complete 
|   9|0x0000000085b00000, 0x0000000085c00000, 0x0000000085c00000|100%|HS|  |TAMS 0x0000000085c00000, 0x0000000085c00000| Complete 
|  10|0x0000000085c00000, 0x0000000085d00000, 0x0000000085d00000|100%|HC|  |TAMS 0x0000000085d00000, 0x0000000085d00000| Complete 
|  11|0x0000000085d00000, 0x0000000085e00000, 0x0000000085e00000|100%|HS|  |TAMS 0x0000000085e00000, 0x0000000085e00000| Complete 
|  12|0x0000000085e00000, 0x0000000085f00000, 0x0000000085f00000|100%|HC|  |TAMS 0x0000000085f00000, 0x0000000085f00000| Complete 
|  13|0x0000000085f00000, 0x0000000086000000, 0x0000000086000000|100%|HS|  |TAMS 0x0000000086000000, 0x0000000086000000| Complete 
|  14|0x0000000086000000, 0x0000000086100000, 0x0000000086100000|100%|HC|  |TAMS 0x0000000086100000, 0x0000000086100000| Complete 
|  15|0x0000000086100000, 0x0000000086200000, 0x0000000086200000|100%|HS|  |TAMS 0x0000000086200000, 0x0000000086200000| Complete 
|  16|0x0000000086200000, 0x0000000086300000, 0x0000000086300000|100%|HC|  |TAMS 0x0000000086300000, 0x0000000086300000| Complete 
|  17|0x0000000086300000, 0x0000000086400000, 0x0000000086400000|100%|HS|  |TAMS 0x0000000086400000, 0x0000000086400000| Complete 
|  18|0x0000000086400000, 0x0000000086500000, 0x0000000086500000|100%|HC|  |TAMS 0x0000000086500000, 0x0000000086500000| Complete 
|  19|0x0000000086500000, 0x0000000086600000, 0x0000000086600000|100%|HS|  |TAMS 0x0000000086600000, 0x0000000086600000| Complete 
|  20|0x0000000086600000, 0x0000000086700000, 0x0000000086700000|100%|HC|  |TAMS 0x0000000086700000, 0x0000000086700000| Complete 
|  21|0x0000000086700000, 0x0000000086800000, 0x0000000086800000|100%|HS|  |TAMS 0x0000000086800000, 0x0000000086800000| Complete 
|  22|0x0000000086800000, 0x0000000086900000, 0x0000000086900000|100%|HC|  |TAMS 0x0000000086900000, 0x0000000086900000| Complete 
|  23|0x0000000086900000, 0x0000000086a00000, 0x0000000086a00000|100%|HS|  |TAMS 0x0000000086a00000, 0x0000000086a00000| Complete 
|  24|0x0000000086a00000, 0x0000000086b00000, 0x0000000086b00000|100%|HC|  |TAMS 0x0000000086b00000, 0x0000000086b00000| Complete 
|  25|0x0000000086b00000, 0x0000000086c00000, 0x0000000086c00000|100%|HS|  |TAMS 0x0000000086c00000, 0x0000000086c00000| Complete 
|  26|0x0000000086c00000, 0x0000000086d00000, 0x0000000086d00000|100%|HC|  |TAMS 0x0000000086d00000, 0x0000000086d00000| Complete 
|  27|0x0000000086d00000, 0x0000000086e00000, 0x0000000086e00000|100%|HS|  |TAMS 0x0000000086e00000, 0x0000000086e00000| Complete 
|  28|0x0000000086e00000, 0x0000000086f00000, 0x0000000086f00000|100%|HC|  |TAMS 0x0000000086f00000, 0x0000000086f00000| Complete 
|  29|0x0000000086f00000, 0x0000000087000000, 0x0000000087000000|100%|HS|  |TAMS 0x0000000087000000, 0x0000000087000000| Complete 
|  30|0x0000000087000000, 0x0000000087100000, 0x0000000087100000|100%|HC|  |TAMS 0x0000000087100000, 0x0000000087100000| Complete 
|  31|0x0000000087100000, 0x0000000087200000, 0x0000000087200000|100%|HS|  |TAMS 0x0000000087200000, 0x0000000087200000| Complete 
|  32|0x0000000087200000, 0x0000000087300000, 0x0000000087300000|100%|HC|  |TAMS 0x0000000087300000, 0x0000000087300000| Complete 
|  33|0x0000000087300000, 0x0000000087400000, 0x0000000087400000|100%|HS|  |TAMS 0x0000000087400000, 0x0000000087400000| Complete 
|  34|0x0000000087400000, 0x0000000087500000, 0x0000000087500000|100%|HC|  |TAMS 0x0000000087500000, 0x0000000087500000| Complete 
|  35|0x0000000087500000, 0x0000000087600000, 0x0000000087600000|100%|HS|  |TAMS 0x0000000087600000, 0x0000000087600000| Complete 
|  36|0x0000000087600000, 0x0000000087700000, 0x0000000087700000|100%|HC|  |TAMS 0x0000000087700000, 0x0000000087700000| Complete 
|  37|0x0000000087700000, 0x0000000087800000, 0x0000000087800000|100%|HS|  |TAMS 0x0000000087800000, 0x0000000087800000| Complete 
|  38|0x0000000087800000, 0x0000000087900000, 0x0000000087900000|100%|HC|  |TAMS 0x0000000087900000, 0x0000000087900000| Complete 
|  39|0x0000000087900000, 0x0000000087a00000, 0x0000000087a00000|100%|HS|  |TAMS 0x0000000087a00000, 0x0000000087a00000| Complete 
|  40|0x0000000087a00000, 0x0000000087b00000, 0x0000000087b00000|100%|HC|  |TAMS 0x0000000087b00000, 0x0000000087b00000| Complete 
|  41|0x0000000087b00000, 0x0000000087c00000, 0x0000000087c00000|100%|HS|  |TAMS 0x0000000087c00000, 0x0000000087c00000| Complete 
|  42|0x0000000087c00000, 0x0000000087d00000, 0x0000000087d00000|100%|HC|  |TAMS 0x0000000087d00000, 0x0000000087d00000| Complete 
|  43|0x0000000087d00000, 0x0000000087e00000, 0x0000000087e00000|100%|HS|  |TAMS 0x0000000087e00000, 0x0000000087e00000| Complete 
|  44|0x0000000087e00000, 0x0000000087f00000, 0x0000000087f00000|100%|HC|  |TAMS 0x0000000087f00000, 0x0000000087f00000| Complete 
|  45|0x0000000087f00000, 0x0000000088000000, 0x0000000088000000|100%|HS|  |TAMS 0x0000000088000000, 0x0000000088000000| Complete 
|  46|0x0000000088000000, 0x0000000088100000, 0x0000000088100000|100%|HC|  |TAMS 0x0000000088100000, 0x0000000088100000| Complete 
|  47|0x0000000088100000, 0x0000000088200000, 0x0000000088200000|100%|HS|  |TAMS 0x0000000088200000, 0x0000000088200000| Complete 
|  48|0x0000000088200000, 0x0000000088300000, 0x0000000088300000|100%|HC|  |TAMS 0x0000000088300000, 0x0000000088300000| Complete 
|  49|0x0000000088300000, 0x0000000088400000, 0x0000000088400000|100%|HS|  |TAMS 0x0000000088400000, 0x0000000088400000| Complete 
|  50|0x0000000088400000, 0x0000000088500000, 0x0000000088500000|100%|HC|  |TAMS 0x0000000088500000, 0x0000000088500000| Complete 
|  51|0x0000000088500000, 0x0000000088600000, 0x0000000088600000|100%|HS|  |TAMS 0x0000000088600000, 0x0000000088600000| Complete 
|  52|0x0000000088600000, 0x0000000088700000, 0x0000000088700000|100%|HC|  |TAMS 0x0000000088700000, 0x0000000088700000| Complete 
|  53|0x0000000088700000, 0x0000000088800000, 0x0000000088800000|100%|HS|  |TAMS 0x0000000088800000, 0x0000000088800000| Complete 
|  54|0x0000000088800000, 0x0000000088900000, 0x0000000088900000|100%|HC|  |TAMS 0x0000000088900000, 0x0000000088900000| Complete 
|  55|0x0000000088900000, 0x0000000088a00000, 0x0000000088a00000|100%| O|  |TAMS 0x0000000088a00000, 0x0000000088a00000| Untracked 
|  56|0x0000000088a00000, 0x0000000088b00000, 0x0000000088b00000|100%| O|  |TAMS 0x0000000088b00000, 0x0000000088b00000| Untracked 
|  57|0x0000000088b00000, 0x0000000088c00000, 0x0000000088c00000|100%| O|  |TAMS 0x0000000088c00000, 0x0000000088c00000| Untracked 
|  58|0x0000000088c00000, 0x0000000088d00000, 0x0000000088d00000|100%|HS|  |TAMS 0x0000000088d00000, 0x0000000088d00000| Complete 
|  59|0x0000000088d00000, 0x0000000088e00000, 0x0000000088e00000|100%|HC|  |TAMS 0x0000000088e00000, 0x0000000088e00000| Complete 
|  60|0x0000000088e00000, 0x0000000088f00000, 0x0000000088f00000|100%|HS|  |TAMS 0x0000000088f00000, 0x0000000088f00000| Complete 
|  61|0x0000000088f00000, 0x0000000089000000, 0x0000000089000000|100%|HC|  |TAMS 0x0000000089000000, 0x0000000089000000| Complete 
|  62|0x0000000089000000, 0x0000000089100000, 0x0000000089100000|100%|HS|  |TAMS 0x0000000089100000, 0x0000000089100000| Complete 
|  63|0x0000000089100000, 0x0000000089200000, 0x0000000089200000|100%|HC|  |TAMS 0x0000000089200000, 0x0000000089200000| Complete 
|  64|0x0000000089200000, 0x0000000089300000, 0x0000000089300000|100%|HS|  |TAMS 0x0000000089300000, 0x0000000089300000| Complete 
|  65|0x0000000089300000, 0x0000000089400000, 0x0000000089400000|100%|HC|  |TAMS 0x0000000089400000, 0x0000000089400000| Complete 
|  66|0x0000000089400000, 0x0000000089500000, 0x0000000089500000|100%|HS|  |TAMS 0x0000000089500000, 0x0000000089500000| Complete 
|  67|0x0000000089500000, 0x0000000089600000, 0x0000000089600000|100%|HC|  |TAMS 0x0000000089600000, 0x0000000089600000| Complete 
|  68|0x0000000089600000, 0x0000000089700000, 0x0000000089700000|100%|HS|  |TAMS 0x0000000089700000, 0x0000000089700000| Complete 
|  69|0x0000000089700000, 0x0000000089800000, 0x0000000089800000|100%|HC|  |TAMS 0x0000000089800000, 0x0000000089800000| Complete 
|  70|0x0000000089800000, 0x0000000089900000, 0x0000000089900000|100%|HS|  |TAMS 0x0000000089900000, 0x0000000089900000| Complete 
|  71|0x0000000089900000, 0x0000000089a00000, 0x0000000089a00000|100%|HC|  |TAMS 0x0000000089a00000, 0x0000000089a00000| Complete 
|  72|0x0000000089a00000, 0x0000000089b00000, 0x0000000089b00000|100%|HS|  |TAMS 0x0000000089b00000, 0x0000000089b00000| Complete 
|  73|0x0000000089b00000, 0x0000000089c00000, 0x0000000089c00000|100%|HC|  |TAMS 0x0000000089c00000, 0x0000000089c00000| Complete 
|  74|0x0000000089c00000, 0x0000000089d00000, 0x0000000089d00000|100%| O|  |TAMS 0x0000000089d00000, 0x0000000089d00000| Untracked 
|  75|0x0000000089d00000, 0x0000000089ddec00, 0x0000000089e00000| 87%| O|  |TAMS 0x0000000089ddec00, 0x0000000089ddec00| Untracked 
|  76|0x0000000089e00000, 0x0000000089f00000, 0x0000000089f00000|100%|HS|  |TAMS 0x0000000089f00000, 0x0000000089f00000| Complete 
|  77|0x0000000089f00000, 0x000000008a000000, 0x000000008a000000|100%|HC|  |TAMS 0x000000008a000000, 0x000000008a000000| Complete 
|  78|0x000000008a000000, 0x000000008a100000, 0x000000008a100000|100%|HS|  |TAMS 0x000000008a100000, 0x000000008a100000| Complete 
|  79|0x000000008a100000, 0x000000008a200000, 0x000000008a200000|100%|HC|  |TAMS 0x000000008a200000, 0x000000008a200000| Complete 
|  80|0x000000008a200000, 0x000000008a300000, 0x000000008a300000|100%|HS|  |TAMS 0x000000008a300000, 0x000000008a300000| Complete 
|  81|0x000000008a300000, 0x000000008a400000, 0x000000008a400000|100%|HC|  |TAMS 0x000000008a400000, 0x000000008a400000| Complete 
|  82|0x000000008a400000, 0x000000008a500000, 0x000000008a500000|100%|HS|  |TAMS 0x000000008a500000, 0x000000008a500000| Complete 
|  83|0x000000008a500000, 0x000000008a600000, 0x000000008a600000|100%|HC|  |TAMS 0x000000008a600000, 0x000000008a600000| Complete 
|  84|0x000000008a600000, 0x000000008a700000, 0x000000008a700000|100%|HS|  |TAMS 0x000000008a700000, 0x000000008a700000| Complete 
|  85|0x000000008a700000, 0x000000008a800000, 0x000000008a800000|100%|HC|  |TAMS 0x000000008a800000, 0x000000008a800000| Complete 
|  86|0x000000008a800000, 0x000000008a900000, 0x000000008a900000|100%|HS|  |TAMS 0x000000008a900000, 0x000000008a900000| Complete 
|  87|0x000000008a900000, 0x000000008aa00000, 0x000000008aa00000|100%|HC|  |TAMS 0x000000008aa00000, 0x000000008aa00000| Complete 
|  88|0x000000008aa00000, 0x000000008ab00000, 0x000000008ab00000|100%|HS|  |TAMS 0x000000008ab00000, 0x000000008ab00000| Complete 
|  89|0x000000008ab00000, 0x000000008ac00000, 0x000000008ac00000|100%|HC|  |TAMS 0x000000008ac00000, 0x000000008ac00000| Complete 
|  90|0x000000008ac00000, 0x000000008ad00000, 0x000000008ad00000|100%|HS|  |TAMS 0x000000008ad00000, 0x000000008ad00000| Complete 
|  91|0x000000008ad00000, 0x000000008ae00000, 0x000000008ae00000|100%|HC|  |TAMS 0x000000008ae00000, 0x000000008ae00000| Complete 
|  92|0x000000008ae00000, 0x000000008af00000, 0x000000008af00000|100%|HS|  |TAMS 0x000000008af00000, 0x000000008af00000| Complete 
|  93|0x000000008af00000, 0x000000008b000000, 0x000000008b000000|100%|HC|  |TAMS 0x000000008b000000, 0x000000008b000000| Complete 
|  94|0x000000008b000000, 0x000000008b100000, 0x000000008b100000|100%|HS|  |TAMS 0x000000008b100000, 0x000000008b100000| Complete 
|  95|0x000000008b100000, 0x000000008b200000, 0x000000008b200000|100%|HC|  |TAMS 0x000000008b200000, 0x000000008b200000| Complete 
|  96|0x000000008b200000, 0x000000008b300000, 0x000000008b300000|100%|HS|  |TAMS 0x000000008b300000, 0x000000008b300000| Complete 
|  97|0x000000008b300000, 0x000000008b400000, 0x000000008b400000|100%|HC|  |TAMS 0x000000008b400000, 0x000000008b400000| Complete 
|  98|0x000000008b400000, 0x000000008b500000, 0x000000008b500000|100%|HS|  |TAMS 0x000000008b500000, 0x000000008b500000| Complete 
|  99|0x000000008b500000, 0x000000008b600000, 0x000000008b600000|100%|HC|  |TAMS 0x000000008b600000, 0x000000008b600000| Complete 
| 100|0x000000008b600000, 0x000000008b700000, 0x000000008b700000|100%|HS|  |TAMS 0x000000008b700000, 0x000000008b700000| Complete 
| 101|0x000000008b700000, 0x000000008b800000, 0x000000008b800000|100%|HC|  |TAMS 0x000000008b800000, 0x000000008b800000| Complete 
| 102|0x000000008b800000, 0x000000008b900000, 0x000000008b900000|100%|HS|  |TAMS 0x000000008b900000, 0x000000008b900000| Complete 
| 103|0x000000008b900000, 0x000000008ba00000, 0x000000008ba00000|100%|HC|  |TAMS 0x000000008ba00000, 0x000000008ba00000| Complete 
| 104|0x000000008ba00000, 0x000000008bb00000, 0x000000008bb00000|100%|HS|  |TAMS 0x000000008bb00000, 0x000000008bb00000| Complete 
| 105|0x000000008bb00000, 0x000000008bc00000, 0x000000008bc00000|100%|HC|  |TAMS 0x000000008bc00000, 0x000000008bc00000| Complete 
| 106|0x000000008bc00000, 0x000000008bd00000, 0x000000008bd00000|100%|HS|  |TAMS 0x000000008bd00000, 0x000000008bd00000| Complete 
| 107|0x000000008bd00000, 0x000000008be00000, 0x000000008be00000|100%|HC|  |TAMS 0x000000008be00000, 0x000000008be00000| Complete 
| 108|0x000000008be00000, 0x000000008bf00000, 0x000000008bf00000|100%|HS|  |TAMS 0x000000008bf00000, 0x000000008bf00000| Complete 
| 109|0x000000008bf00000, 0x000000008c000000, 0x000000008c000000|100%|HC|  |TAMS 0x000000008c000000, 0x000000008c000000| Complete 
| 110|0x000000008c000000, 0x000000008c100000, 0x000000008c100000|100%|HS|  |TAMS 0x000000008c100000, 0x000000008c100000| Complete 
| 111|0x000000008c100000, 0x000000008c200000, 0x000000008c200000|100%|HC|  |TAMS 0x000000008c200000, 0x000000008c200000| Complete 
| 112|0x000000008c200000, 0x000000008c300000, 0x000000008c300000|100%|HS|  |TAMS 0x000000008c300000, 0x000000008c300000| Complete 
| 113|0x000000008c300000, 0x000000008c400000, 0x000000008c400000|100%|HC|  |TAMS 0x000000008c400000, 0x000000008c400000| Complete 
| 114|0x000000008c400000, 0x000000008c500000, 0x000000008c500000|100%|HS|  |TAMS 0x000000008c500000, 0x000000008c500000| Complete 
| 115|0x000000008c500000, 0x000000008c600000, 0x000000008c600000|100%|HC|  |TAMS 0x000000008c600000, 0x000000008c600000| Complete 
| 116|0x000000008c600000, 0x000000008c700000, 0x000000008c700000|100%|HS|  |TAMS 0x000000008c700000, 0x000000008c700000| Complete 
| 117|0x000000008c700000, 0x000000008c800000, 0x000000008c800000|100%|HC|  |TAMS 0x000000008c800000, 0x000000008c800000| Complete 
| 118|0x000000008c800000, 0x000000008c900000, 0x000000008c900000|100%|HS|  |TAMS 0x000000008c900000, 0x000000008c900000| Complete 
| 119|0x000000008c900000, 0x000000008ca00000, 0x000000008ca00000|100%|HC|  |TAMS 0x000000008ca00000, 0x000000008ca00000| Complete 
| 120|0x000000008ca00000, 0x000000008cb00000, 0x000000008cb00000|100%|HS|  |TAMS 0x000000008cb00000, 0x000000008cb00000| Complete 
| 121|0x000000008cb00000, 0x000000008cc00000, 0x000000008cc00000|100%|HC|  |TAMS 0x000000008cc00000, 0x000000008cc00000| Complete 
| 122|0x000000008cc00000, 0x000000008cd00000, 0x000000008cd00000|100%|HS|  |TAMS 0x000000008cd00000, 0x000000008cd00000| Complete 
| 123|0x000000008cd00000, 0x000000008ce00000, 0x000000008ce00000|100%|HC|  |TAMS 0x000000008ce00000, 0x000000008ce00000| Complete 
| 124|0x000000008ce00000, 0x000000008cf00000, 0x000000008cf00000|100%|HS|  |TAMS 0x000000008cf00000, 0x000000008cf00000| Complete 
| 125|0x000000008cf00000, 0x000000008d000000, 0x000000008d000000|100%|HC|  |TAMS 0x000000008d000000, 0x000000008d000000| Complete 
| 126|0x000000008d000000, 0x000000008d100000, 0x000000008d100000|100%|HS|  |TAMS 0x000000008d100000, 0x000000008d100000| Complete 
| 127|0x000000008d100000, 0x000000008d200000, 0x000000008d200000|100%|HC|  |TAMS 0x000000008d200000, 0x000000008d200000| Complete 
| 128|0x000000008d200000, 0x000000008d300000, 0x000000008d300000|100%|HS|  |TAMS 0x000000008d300000, 0x000000008d300000| Complete 
| 129|0x000000008d300000, 0x000000008d400000, 0x000000008d400000|100%|HC|  |TAMS 0x000000008d400000, 0x000000008d400000| Complete 
| 130|0x000000008d400000, 0x000000008d500000, 0x000000008d500000|100%|HS|  |TAMS 0x000000008d500000, 0x000000008d500000| Complete 
| 131|0x000000008d500000, 0x000000008d600000, 0x000000008d600000|100%|HC|  |TAMS 0x000000008d600000, 0x000000008d600000| Complete 
| 132|0x000000008d600000, 0x000000008d700000, 0x000000008d700000|100%|HS|  |TAMS 0x000000008d700000, 0x000000008d700000| Complete 
| 133|0x000000008d700000, 0x000000008d800000, 0x000000008d800000|100%|HC|  |TAMS 0x000000008d800000, 0x000000008d800000| Complete 
| 134|0x000000008d800000, 0x000000008d900000, 0x000000008d900000|100%|HS|  |TAMS 0x000000008d900000, 0x000000008d900000| Complete 
| 135|0x000000008d900000, 0x000000008da00000, 0x000000008da00000|100%|HC|  |TAMS 0x000000008da00000, 0x000000008da00000| Complete 
| 136|0x000000008da00000, 0x000000008db00000, 0x000000008db00000|100%|HS|  |TAMS 0x000000008db00000, 0x000000008db00000| Complete 
| 137|0x000000008db00000, 0x000000008dc00000, 0x000000008dc00000|100%|HC|  |TAMS 0x000000008dc00000, 0x000000008dc00000| Complete 
| 138|0x000000008dc00000, 0x000000008dd00000, 0x000000008dd00000|100%|HS|  |TAMS 0x000000008dd00000, 0x000000008dd00000| Complete 
| 139|0x000000008dd00000, 0x000000008de00000, 0x000000008de00000|100%|HC|  |TAMS 0x000000008de00000, 0x000000008de00000| Complete 
| 140|0x000000008de00000, 0x000000008df00000, 0x000000008df00000|100%|HS|  |TAMS 0x000000008df00000, 0x000000008df00000| Complete 
| 141|0x000000008df00000, 0x000000008e000000, 0x000000008e000000|100%|HC|  |TAMS 0x000000008e000000, 0x000000008e000000| Complete 
| 142|0x000000008e000000, 0x000000008e100000, 0x000000008e100000|100%|HS|  |TAMS 0x000000008e100000, 0x000000008e100000| Complete 
| 143|0x000000008e100000, 0x000000008e200000, 0x000000008e200000|100%|HC|  |TAMS 0x000000008e200000, 0x000000008e200000| Complete 
| 144|0x000000008e200000, 0x000000008e300000, 0x000000008e300000|100%|HS|  |TAMS 0x000000008e300000, 0x000000008e300000| Complete 
| 145|0x000000008e300000, 0x000000008e400000, 0x000000008e400000|100%|HC|  |TAMS 0x000000008e400000, 0x000000008e400000| Complete 
| 146|0x000000008e400000, 0x000000008e500000, 0x000000008e500000|100%|HS|  |TAMS 0x000000008e400000, 0x000000008e500000| Complete 
| 147|0x000000008e500000, 0x000000008e600000, 0x000000008e600000|100%|HC|  |TAMS 0x000000008e500000, 0x000000008e600000| Complete 
| 148|0x000000008e600000, 0x000000008e700000, 0x000000008e700000|100%|HS|  |TAMS 0x000000008e600000, 0x000000008e700000| Complete 
| 149|0x000000008e700000, 0x000000008e800000, 0x000000008e800000|100%|HC|  |TAMS 0x000000008e700000, 0x000000008e800000| Complete 
| 150|0x000000008e800000, 0x000000008e900000, 0x000000008e900000|100%|HS|  |TAMS 0x000000008e800000, 0x000000008e900000| Complete 
| 151|0x000000008e900000, 0x000000008ea00000, 0x000000008ea00000|100%|HC|  |TAMS 0x000000008e900000, 0x000000008ea00000| Complete 
| 152|0x000000008ea00000, 0x000000008eb00000, 0x000000008eb00000|100%|HS|  |TAMS 0x000000008ea00000, 0x000000008eb00000| Complete 
| 153|0x000000008eb00000, 0x000000008ec00000, 0x000000008ec00000|100%|HC|  |TAMS 0x000000008eb00000, 0x000000008ec00000| Complete 
| 154|0x000000008ec00000, 0x000000008ed00000, 0x000000008ed00000|100%|HS|  |TAMS 0x000000008ec00000, 0x000000008ed00000| Complete 
| 155|0x000000008ed00000, 0x000000008ee00000, 0x000000008ee00000|100%|HC|  |TAMS 0x000000008ed00000, 0x000000008ee00000| Complete 
| 156|0x000000008ee00000, 0x000000008ef00000, 0x000000008ef00000|100%|HS|  |TAMS 0x000000008ee00000, 0x000000008ef00000| Complete 
| 157|0x000000008ef00000, 0x000000008f000000, 0x000000008f000000|100%|HC|  |TAMS 0x000000008ef00000, 0x000000008f000000| Complete 
| 158|0x000000008f000000, 0x000000008f100000, 0x000000008f100000|100%|HS|  |TAMS 0x000000008f000000, 0x000000008f100000| Complete 
| 159|0x000000008f100000, 0x000000008f200000, 0x000000008f200000|100%|HC|  |TAMS 0x000000008f100000, 0x000000008f200000| Complete 
| 160|0x000000008f200000, 0x000000008f300000, 0x000000008f300000|100%|HS|  |TAMS 0x000000008f200000, 0x000000008f300000| Complete 
| 161|0x000000008f300000, 0x000000008f400000, 0x000000008f400000|100%|HC|  |TAMS 0x000000008f300000, 0x000000008f400000| Complete 
| 162|0x000000008f400000, 0x000000008f400000, 0x000000008f500000|  0%| F|  |TAMS 0x000000008f400000, 0x000000008f400000| Untracked 
| 163|0x000000008f500000, 0x000000008f500000, 0x000000008f600000|  0%| F|  |TAMS 0x000000008f500000, 0x000000008f500000| Untracked 
| 164|0x000000008f600000, 0x000000008f600000, 0x000000008f700000|  0%| F|  |TAMS 0x000000008f600000, 0x000000008f600000| Untracked 
| 165|0x000000008f700000, 0x000000008f700000, 0x000000008f800000|  0%| F|  |TAMS 0x000000008f700000, 0x000000008f700000| Untracked 
| 166|0x000000008f800000, 0x000000008f800000, 0x000000008f900000|  0%| F|  |TAMS 0x000000008f800000, 0x000000008f800000| Untracked 
| 167|0x000000008f900000, 0x000000008f900000, 0x000000008fa00000|  0%| F|  |TAMS 0x000000008f900000, 0x000000008f900000| Untracked 
| 168|0x000000008fa00000, 0x000000008fa00000, 0x000000008fb00000|  0%| F|  |TAMS 0x000000008fa00000, 0x000000008fa00000| Untracked 
| 169|0x000000008fb00000, 0x000000008fb00000, 0x000000008fc00000|  0%| F|  |TAMS 0x000000008fb00000, 0x000000008fb00000| Untracked 
| 170|0x000000008fc00000, 0x000000008fc00000, 0x000000008fd00000|  0%| F|  |TAMS 0x000000008fc00000, 0x000000008fc00000| Untracked 
| 171|0x000000008fd00000, 0x000000008fd00000, 0x000000008fe00000|  0%| F|  |TAMS 0x000000008fd00000, 0x000000008fd00000| Untracked 
| 172|0x000000008fe00000, 0x000000008fe00000, 0x000000008ff00000|  0%| F|  |TAMS 0x000000008fe00000, 0x000000008fe00000| Untracked 
| 173|0x000000008ff00000, 0x000000008ff00000, 0x0000000090000000|  0%| F|  |TAMS 0x000000008ff00000, 0x000000008ff00000| Untracked 
| 174|0x0000000090000000, 0x0000000090000000, 0x0000000090100000|  0%| F|  |TAMS 0x0000000090000000, 0x0000000090000000| Untracked 
| 175|0x0000000090100000, 0x0000000090100000, 0x0000000090200000|  0%| F|  |TAMS 0x0000000090100000, 0x0000000090100000| Untracked 
| 176|0x0000000090200000, 0x0000000090200000, 0x0000000090300000|  0%| F|  |TAMS 0x0000000090200000, 0x0000000090200000| Untracked 
| 177|0x0000000090300000, 0x0000000090300000, 0x0000000090400000|  0%| F|  |TAMS 0x0000000090300000, 0x0000000090300000| Untracked 
| 178|0x0000000090400000, 0x0000000090400000, 0x0000000090500000|  0%| F|  |TAMS 0x0000000090400000, 0x0000000090400000| Untracked 
| 179|0x0000000090500000, 0x0000000090500000, 0x0000000090600000|  0%| F|  |TAMS 0x0000000090500000, 0x0000000090500000| Untracked 
| 180|0x0000000090600000, 0x0000000090600000, 0x0000000090700000|  0%| F|  |TAMS 0x0000000090600000, 0x0000000090600000| Untracked 
| 181|0x0000000090700000, 0x0000000090700000, 0x0000000090800000|  0%| F|  |TAMS 0x0000000090700000, 0x0000000090700000| Untracked 
| 182|0x0000000090800000, 0x0000000090800000, 0x0000000090900000|  0%| F|  |TAMS 0x0000000090800000, 0x0000000090800000| Untracked 
| 183|0x0000000090900000, 0x0000000090900000, 0x0000000090a00000|  0%| F|  |TAMS 0x0000000090900000, 0x0000000090900000| Untracked 
| 184|0x0000000090a00000, 0x0000000090a00000, 0x0000000090b00000|  0%| F|  |TAMS 0x0000000090a00000, 0x0000000090a00000| Untracked 
| 185|0x0000000090b00000, 0x0000000090b00000, 0x0000000090c00000|  0%| F|  |TAMS 0x0000000090b00000, 0x0000000090b00000| Untracked 
| 186|0x0000000090c00000, 0x0000000090c00000, 0x0000000090d00000|  0%| F|  |TAMS 0x0000000090c00000, 0x0000000090c00000| Untracked 
| 187|0x0000000090d00000, 0x0000000090d00000, 0x0000000090e00000|  0%| F|  |TAMS 0x0000000090d00000, 0x0000000090d00000| Untracked 
| 188|0x0000000090e00000, 0x0000000090e00000, 0x0000000090f00000|  0%| F|  |TAMS 0x0000000090e00000, 0x0000000090e00000| Untracked 
| 189|0x0000000090f00000, 0x0000000090f00000, 0x0000000091000000|  0%| F|  |TAMS 0x0000000090f00000, 0x0000000090f00000| Untracked 
| 190|0x0000000091000000, 0x0000000091000000, 0x0000000091100000|  0%| F|  |TAMS 0x0000000091000000, 0x0000000091000000| Untracked 
| 191|0x0000000091100000, 0x0000000091100000, 0x0000000091200000|  0%| F|  |TAMS 0x0000000091100000, 0x0000000091100000| Untracked 
| 192|0x0000000091200000, 0x0000000091200000, 0x0000000091300000|  0%| F|  |TAMS 0x0000000091200000, 0x0000000091200000| Untracked 
| 193|0x0000000091300000, 0x0000000091300000, 0x0000000091400000|  0%| F|  |TAMS 0x0000000091300000, 0x0000000091300000| Untracked 
| 194|0x0000000091400000, 0x0000000091400000, 0x0000000091500000|  0%| F|  |TAMS 0x0000000091400000, 0x0000000091400000| Untracked 
| 195|0x0000000091500000, 0x0000000091500000, 0x0000000091600000|  0%| F|  |TAMS 0x0000000091500000, 0x0000000091500000| Untracked 
| 196|0x0000000091600000, 0x0000000091600000, 0x0000000091700000|  0%| F|  |TAMS 0x0000000091600000, 0x0000000091600000| Untracked 
| 197|0x0000000091700000, 0x0000000091700000, 0x0000000091800000|  0%| F|  |TAMS 0x0000000091700000, 0x0000000091700000| Untracked 
| 198|0x0000000091800000, 0x0000000091800000, 0x0000000091900000|  0%| F|  |TAMS 0x0000000091800000, 0x0000000091800000| Untracked 
| 199|0x0000000091900000, 0x0000000091900000, 0x0000000091a00000|  0%| F|  |TAMS 0x0000000091900000, 0x0000000091900000| Untracked 
| 200|0x0000000091a00000, 0x0000000091a00000, 0x0000000091b00000|  0%| F|  |TAMS 0x0000000091a00000, 0x0000000091a00000| Untracked 
| 201|0x0000000091b00000, 0x0000000091b00000, 0x0000000091c00000|  0%| F|  |TAMS 0x0000000091b00000, 0x0000000091b00000| Untracked 
| 202|0x0000000091c00000, 0x0000000091c00000, 0x0000000091d00000|  0%| F|  |TAMS 0x0000000091c00000, 0x0000000091c00000| Untracked 
| 203|0x0000000091d00000, 0x0000000091d00000, 0x0000000091e00000|  0%| F|  |TAMS 0x0000000091d00000, 0x0000000091d00000| Untracked 
| 204|0x0000000091e00000, 0x0000000091e00000, 0x0000000091f00000|  0%| F|  |TAMS 0x0000000091e00000, 0x0000000091e00000| Untracked 
| 205|0x0000000091f00000, 0x0000000091f00000, 0x0000000092000000|  0%| F|  |TAMS 0x0000000091f00000, 0x0000000091f00000| Untracked 
| 206|0x0000000092000000, 0x0000000092000000, 0x0000000092100000|  0%| F|  |TAMS 0x0000000092000000, 0x0000000092000000| Untracked 
| 207|0x0000000092100000, 0x0000000092100000, 0x0000000092200000|  0%| F|  |TAMS 0x0000000092100000, 0x0000000092100000| Untracked 
| 208|0x0000000092200000, 0x0000000092200000, 0x0000000092300000|  0%| F|  |TAMS 0x0000000092200000, 0x0000000092200000| Untracked 
| 209|0x0000000092300000, 0x0000000092300000, 0x0000000092400000|  0%| F|  |TAMS 0x0000000092300000, 0x0000000092300000| Untracked 
| 210|0x0000000092400000, 0x0000000092400000, 0x0000000092500000|  0%| F|  |TAMS 0x0000000092400000, 0x0000000092400000| Untracked 
| 211|0x0000000092500000, 0x0000000092500000, 0x0000000092600000|  0%| F|  |TAMS 0x0000000092500000, 0x0000000092500000| Untracked 
| 212|0x0000000092600000, 0x0000000092600000, 0x0000000092700000|  0%| F|  |TAMS 0x0000000092600000, 0x0000000092600000| Untracked 
| 213|0x0000000092700000, 0x0000000092700000, 0x0000000092800000|  0%| F|  |TAMS 0x0000000092700000, 0x0000000092700000| Untracked 
| 214|0x0000000092800000, 0x0000000092800000, 0x0000000092900000|  0%| F|  |TAMS 0x0000000092800000, 0x0000000092800000| Untracked 
| 215|0x0000000092900000, 0x0000000092900000, 0x0000000092a00000|  0%| F|  |TAMS 0x0000000092900000, 0x0000000092900000| Untracked 
| 216|0x0000000092a00000, 0x0000000092a00000, 0x0000000092b00000|  0%| F|  |TAMS 0x0000000092a00000, 0x0000000092a00000| Untracked 
| 217|0x0000000092b00000, 0x0000000092b00000, 0x0000000092c00000|  0%| F|  |TAMS 0x0000000092b00000, 0x0000000092b00000| Untracked 
| 218|0x0000000092c00000, 0x0000000092c00000, 0x0000000092d00000|  0%| F|  |TAMS 0x0000000092c00000, 0x0000000092c00000| Untracked 
| 219|0x0000000092d00000, 0x0000000092d00000, 0x0000000092e00000|  0%| F|  |TAMS 0x0000000092d00000, 0x0000000092d00000| Untracked 
| 220|0x0000000092e00000, 0x0000000092e00000, 0x0000000092f00000|  0%| F|  |TAMS 0x0000000092e00000, 0x0000000092e00000| Untracked 
| 221|0x0000000092f00000, 0x0000000092f00000, 0x0000000093000000|  0%| F|  |TAMS 0x0000000092f00000, 0x0000000092f00000| Untracked 
| 222|0x0000000093000000, 0x0000000093000000, 0x0000000093100000|  0%| F|  |TAMS 0x0000000093000000, 0x0000000093000000| Untracked 
| 223|0x0000000093100000, 0x0000000093100000, 0x0000000093200000|  0%| F|  |TAMS 0x0000000093100000, 0x0000000093100000| Untracked 
| 224|0x0000000093200000, 0x0000000093200000, 0x0000000093300000|  0%| F|  |TAMS 0x0000000093200000, 0x0000000093200000| Untracked 
| 225|0x0000000093300000, 0x0000000093300000, 0x0000000093400000|  0%| F|  |TAMS 0x0000000093300000, 0x0000000093300000| Untracked 
| 226|0x0000000093400000, 0x0000000093400000, 0x0000000093500000|  0%| F|  |TAMS 0x0000000093400000, 0x0000000093400000| Untracked 
| 227|0x0000000093500000, 0x0000000093500000, 0x0000000093600000|  0%| F|  |TAMS 0x0000000093500000, 0x0000000093500000| Untracked 
| 228|0x0000000093600000, 0x0000000093600000, 0x0000000093700000|  0%| F|  |TAMS 0x0000000093600000, 0x0000000093600000| Untracked 
| 229|0x0000000093700000, 0x0000000093700000, 0x0000000093800000|  0%| F|  |TAMS 0x0000000093700000, 0x0000000093700000| Untracked 
| 230|0x0000000093800000, 0x0000000093800000, 0x0000000093900000|  0%| F|  |TAMS 0x0000000093800000, 0x0000000093800000| Untracked 
| 231|0x0000000093900000, 0x0000000093900000, 0x0000000093a00000|  0%| F|  |TAMS 0x0000000093900000, 0x0000000093900000| Untracked 
| 232|0x0000000093a00000, 0x0000000093a00000, 0x0000000093b00000|  0%| F|  |TAMS 0x0000000093a00000, 0x0000000093a00000| Untracked 
| 233|0x0000000093b00000, 0x0000000093b00000, 0x0000000093c00000|  0%| F|  |TAMS 0x0000000093b00000, 0x0000000093b00000| Untracked 
| 234|0x0000000093c00000, 0x0000000093c00000, 0x0000000093d00000|  0%| F|  |TAMS 0x0000000093c00000, 0x0000000093c00000| Untracked 
| 235|0x0000000093d00000, 0x0000000093d00000, 0x0000000093e00000|  0%| F|  |TAMS 0x0000000093d00000, 0x0000000093d00000| Untracked 
| 236|0x0000000093e00000, 0x0000000093e00000, 0x0000000093f00000|  0%| F|  |TAMS 0x0000000093e00000, 0x0000000093e00000| Untracked 
| 237|0x0000000093f00000, 0x0000000093f00000, 0x0000000094000000|  0%| F|  |TAMS 0x0000000093f00000, 0x0000000093f00000| Untracked 
| 238|0x0000000094000000, 0x0000000094000000, 0x0000000094100000|  0%| F|  |TAMS 0x0000000094000000, 0x0000000094000000| Untracked 
| 239|0x0000000094100000, 0x0000000094100000, 0x0000000094200000|  0%| F|  |TAMS 0x0000000094100000, 0x0000000094100000| Untracked 
| 240|0x0000000094200000, 0x0000000094200000, 0x0000000094300000|  0%| F|  |TAMS 0x0000000094200000, 0x0000000094200000| Untracked 
| 241|0x0000000094300000, 0x0000000094300000, 0x0000000094400000|  0%| F|  |TAMS 0x0000000094300000, 0x0000000094300000| Untracked 
| 242|0x0000000094400000, 0x0000000094400000, 0x0000000094500000|  0%| F|  |TAMS 0x0000000094400000, 0x0000000094400000| Untracked 
| 243|0x0000000094500000, 0x0000000094500000, 0x0000000094600000|  0%| F|  |TAMS 0x0000000094500000, 0x0000000094500000| Untracked 
| 244|0x0000000094600000, 0x0000000094600000, 0x0000000094700000|  0%| F|  |TAMS 0x0000000094600000, 0x0000000094600000| Untracked 
| 245|0x0000000094700000, 0x0000000094700000, 0x0000000094800000|  0%| F|  |TAMS 0x0000000094700000, 0x0000000094700000| Untracked 
| 246|0x0000000094800000, 0x0000000094800000, 0x0000000094900000|  0%| F|  |TAMS 0x0000000094800000, 0x0000000094800000| Untracked 
| 247|0x0000000094900000, 0x0000000094900000, 0x0000000094a00000|  0%| F|  |TAMS 0x0000000094900000, 0x0000000094900000| Untracked 
| 248|0x0000000094a00000, 0x0000000094a00000, 0x0000000094b00000|  0%| F|  |TAMS 0x0000000094a00000, 0x0000000094a00000| Untracked 
| 249|0x0000000094b00000, 0x0000000094b00000, 0x0000000094c00000|  0%| F|  |TAMS 0x0000000094b00000, 0x0000000094b00000| Untracked 
| 250|0x0000000094c00000, 0x0000000094c00000, 0x0000000094d00000|  0%| F|  |TAMS 0x0000000094c00000, 0x0000000094c00000| Untracked 
| 251|0x0000000094d00000, 0x0000000094d00000, 0x0000000094e00000|  0%| F|  |TAMS 0x0000000094d00000, 0x0000000094d00000| Untracked 
| 252|0x0000000094e00000, 0x0000000094e00000, 0x0000000094f00000|  0%| F|  |TAMS 0x0000000094e00000, 0x0000000094e00000| Untracked 
| 253|0x0000000094f00000, 0x0000000094f00000, 0x0000000095000000|  0%| F|  |TAMS 0x0000000094f00000, 0x0000000094f00000| Untracked 
| 254|0x0000000095000000, 0x0000000095000000, 0x0000000095100000|  0%| F|  |TAMS 0x0000000095000000, 0x0000000095000000| Untracked 
| 255|0x0000000095100000, 0x0000000095100000, 0x0000000095200000|  0%| F|  |TAMS 0x0000000095100000, 0x0000000095100000| Untracked 
| 256|0x0000000095200000, 0x0000000095200000, 0x0000000095300000|  0%| F|  |TAMS 0x0000000095200000, 0x0000000095200000| Untracked 
| 257|0x0000000095300000, 0x0000000095300000, 0x0000000095400000|  0%| F|  |TAMS 0x0000000095300000, 0x0000000095300000| Untracked 
| 258|0x0000000095400000, 0x0000000095400000, 0x0000000095500000|  0%| F|  |TAMS 0x0000000095400000, 0x0000000095400000| Untracked 
| 259|0x0000000095500000, 0x000000009550d790, 0x0000000095600000|  5%| S|CS|TAMS 0x0000000095500000, 0x0000000095500000| Complete 

Card table byte_map: [0x000001db42990000,0x000001db42d70000] _byte_map_base: 0x000001db42567000

Marking Bits (Prev, Next): (CMBitMap*) 0x000001db2b571a00, (CMBitMap*) 0x000001db2b5719c0
 Prev Bits: [0x000001db45010000, 0x000001db46ec8000)
 Next Bits: [0x000001db43150000, 0x000001db45008000)

Polling page: 0x000001db29460000

Metaspace:

Usage:
  Non-class:      7.42 MB used.
      Class:      1.13 MB used.
       Both:      8.55 MB used.

Virtual space:
  Non-class space:       64.00 MB reserved,       7.56 MB ( 12%) committed,  1 nodes.
      Class space:        1.00 GB reserved,       1.25 MB ( <1%) committed,  1 nodes.
             Both:        1.06 GB reserved,       8.81 MB ( <1%) committed. 

Chunk freelists:
   Non-Class:  7.30 MB
       Class:  14.81 MB
        Both:  22.11 MB

MaxMetaspaceSize: unlimited
CompressedClassSpaceSize: 1.00 GB
Initial GC threshold: 21.00 MB
Current GC threshold: 21.00 MB
CDS: on
MetaspaceReclaimPolicy: balanced
 - commit_granule_bytes: 65536.
 - commit_granule_words: 8192.
 - virtual_space_node_default_size: 8388608.
 - enlarge_chunks_in_place: 1.
 - new_chunks_are_fully_committed: 0.
 - uncommit_free_chunks: 1.
 - use_allocation_guard: 0.
 - handle_deallocations: 1.


Internal statistics:

num_allocs_failed_limit: 0.
num_arena_births: 120.
num_arena_deaths: 0.
num_vsnodes_births: 2.
num_vsnodes_deaths: 0.
num_space_committed: 141.
num_space_uncommitted: 0.
num_chunks_returned_to_freelist: 0.
num_chunks_taken_from_freelist: 383.
num_chunk_merges: 0.
num_chunk_splits: 256.
num_chunks_enlarged: 198.
num_inconsistent_stats: 0.

CodeHeap 'non-profiled nmethods': size=120000Kb used=459Kb max_used=459Kb free=119540Kb
 bounds [0x000001db3ab20000, 0x000001db3ad90000, 0x000001db42050000]
CodeHeap 'profiled nmethods': size=120000Kb used=1897Kb max_used=1897Kb free=118102Kb
 bounds [0x000001db33050000, 0x000001db332c0000, 0x000001db3a580000]
CodeHeap 'non-nmethods': size=5760Kb used=1275Kb max_used=1293Kb free=4485Kb
 bounds [0x000001db3a580000, 0x000001db3a7f0000, 0x000001db3ab20000]
 total_blobs=1794 nmethods=1196 adapters=511
 compilation: enabled
              stopped_count=0, restarted_count=0
 full_count=0

Compilation events (20 events):
Event: 0.843 Thread 0x000001db49b2d300 nmethod 1184 0x000001db3ab8b690 code [0x000001db3ab8b860, 0x000001db3ab8c358]
Event: 0.844 Thread 0x000001db49b2d9c0 nmethod 1187 0x000001db33226510 code [0x000001db33226840, 0x000001db33227c48]
Event: 0.844 Thread 0x000001db49b2d9c0 1188       3       java.lang.Integer::valueOf (32 bytes)
Event: 0.844 Thread 0x000001db49b2d9c0 nmethod 1188 0x000001db33228390 code [0x000001db33228540, 0x000001db33228858]
Event: 0.847 Thread 0x000001db49b2d9c0 1189       3       java.util.HashSet::isEmpty (8 bytes)
Event: 0.847 Thread 0x000001db49b2d9c0 nmethod 1189 0x000001db33228990 code [0x000001db33228b20, 0x000001db33228d78]
Event: 0.854 Thread 0x000001db8f128ba0 nmethod 1186 0x000001db3ab8cd10 code [0x000001db3ab8cec0, 0x000001db3ab8d478]
Event: 0.855 Thread 0x000001db49b2d9c0 1191       3       com.sun.javafx.iio.gif.GIFImageLoader2::readBytes (44 bytes)
Event: 0.856 Thread 0x000001db49b2d9c0 nmethod 1191 0x000001db33228e90 code [0x000001db33229060, 0x000001db33229418]
Event: 0.858 Thread 0x000001db49b2d300 1192 %     4       com.sun.javafx.iio.gif.GIFImageLoader2::decodeImage @ 26 (161 bytes)
Event: 0.860 Thread 0x000001db49b2d9c0 1193       3       com.sun.javafx.iio.gif.GIFImageLoader2$LZWDecoder::readData (52 bytes)
Event: 0.862 Thread 0x000001db49b2d9c0 nmethod 1193 0x000001db33229590 code [0x000001db33229780, 0x000001db33229c18]
Event: 0.868 Thread 0x000001db8f128ba0 1194       4       java.io.BufferedInputStream::read1 (108 bytes)
Event: 0.868 Thread 0x000001db49b2d300 nmethod 1192% 0x000001db3ab8d590 code [0x000001db3ab8d780, 0x000001db3ab8e950]
Event: 0.872 Thread 0x000001db49b2d300 1195 %     4       com.sun.javafx.iio.gif.GIFImageLoader2::decodeImage @ 48 (161 bytes)
Event: 0.874 Thread 0x000001db49b2d9c0 1196       3       com.sun.javafx.iio.gif.GIFImageLoader2::readShort (17 bytes)
Event: 0.875 Thread 0x000001db49b2d9c0 nmethod 1196 0x000001db33229e10 code [0x000001db3322a000, 0x000001db3322a558]
Event: 0.884 Thread 0x000001db8f128ba0 nmethod 1194 0x000001db3ab8f290 code [0x000001db3ab8f480, 0x000001db3ab90748]
Event: 0.888 Thread 0x000001db49b2d300 nmethod 1195% 0x000001db3ab91190 code [0x000001db3ab91380, 0x000001db3ab925b0]
Event: 0.888 Thread 0x000001db49b2d300 1197       4       com.sun.javafx.iio.gif.GIFImageLoader2::decodeImage (161 bytes)

GC Heap History (13 events):
Event: 0.574 GC heap before
{Heap before GC invocations=0 (full 0):
 garbage-first heap   total 126976K, used 22528K [0x0000000085200000, 0x0000000100000000)
  region size 1024K, 23 young (23552K), 0 survivors (0K)
 Metaspace       used 6185K, committed 6336K, reserved 1114112K
  class space    used 744K, committed 832K, reserved 1048576K
}
Event: 0.580 GC heap after
{Heap after GC invocations=1 (full 0):
 garbage-first heap   total 126976K, used 3722K [0x0000000085200000, 0x0000000100000000)
  region size 1024K, 3 young (3072K), 3 survivors (3072K)
 Metaspace       used 6185K, committed 6336K, reserved 1114112K
  class space    used 744K, committed 832K, reserved 1048576K
}
Event: 0.848 GC heap before
{Heap before GC invocations=1 (full 0):
 garbage-first heap   total 126976K, used 70282K [0x0000000085200000, 0x0000000100000000)
  region size 1024K, 16 young (16384K), 3 survivors (3072K)
 Metaspace       used 8757K, committed 9024K, reserved 1114112K
  class space    used 1158K, committed 1280K, reserved 1048576K
}
Event: 0.852 GC heap after
{Heap after GC invocations=2 (full 0):
 garbage-first heap   total 126976K, used 61316K [0x0000000085200000, 0x0000000100000000)
  region size 1024K, 3 young (3072K), 3 survivors (3072K)
 Metaspace       used 8757K, committed 9024K, reserved 1114112K
  class space    used 1158K, committed 1280K, reserved 1048576K
}
Event: 0.860 GC heap before
{Heap before GC invocations=3 (full 0):
 garbage-first heap   total 126976K, used 77700K [0x0000000085200000, 0x0000000100000000)
  region size 1024K, 4 young (4096K), 3 survivors (3072K)
 Metaspace       used 8758K, committed 9024K, reserved 1114112K
  class space    used 1158K, committed 1280K, reserved 1048576K
}
Event: 0.862 GC heap after
{Heap after GC invocations=4 (full 0):
 garbage-first heap   total 126976K, used 77749K [0x0000000085200000, 0x0000000100000000)
  region size 1024K, 1 young (1024K), 1 survivors (1024K)
 Metaspace       used 8758K, committed 9024K, reserved 1114112K
  class space    used 1158K, committed 1280K, reserved 1048576K
}
Event: 0.868 GC heap before
{Heap before GC invocations=5 (full 0):
 garbage-first heap   total 153600K, used 96181K [0x0000000085200000, 0x0000000100000000)
  region size 1024K, 2 young (2048K), 1 survivors (1024K)
 Metaspace       used 8758K, committed 9024K, reserved 1114112K
  class space    used 1158K, committed 1280K, reserved 1048576K
}
Event: 0.870 GC heap after
{Heap after GC invocations=6 (full 0):
 garbage-first heap   total 153600K, used 96183K [0x0000000085200000, 0x0000000100000000)
  region size 1024K, 1 young (1024K), 1 survivors (1024K)
 Metaspace       used 8758K, committed 9024K, reserved 1114112K
  class space    used 1158K, committed 1280K, reserved 1048576K
}
Event: 0.880 GC heap before
{Heap before GC invocations=7 (full 0):
 garbage-first heap   total 204800K, used 132023K [0x0000000085200000, 0x0000000100000000)
  region size 1024K, 3 young (3072K), 1 survivors (1024K)
 Metaspace       used 8758K, committed 9024K, reserved 1114112K
  class space    used 1158K, committed 1280K, reserved 1048576K
}
Event: 0.882 GC heap after
{Heap after GC invocations=8 (full 0):
 garbage-first heap   total 204800K, used 130991K [0x0000000085200000, 0x0000000100000000)
  region size 1024K, 1 young (1024K), 1 survivors (1024K)
 Metaspace       used 8758K, committed 9024K, reserved 1114112K
  class space    used 1158K, committed 1280K, reserved 1048576K
}
Event: 0.891 GC heap before
{Heap before GC invocations=9 (full 0):
 garbage-first heap   total 239616K, used 149423K [0x0000000085200000, 0x0000000100000000)
  region size 1024K, 2 young (2048K), 1 survivors (1024K)
 Metaspace       used 8758K, committed 9024K, reserved 1114112K
  class space    used 1158K, committed 1280K, reserved 1048576K
}
Event: 0.893 GC heap after
{Heap after GC invocations=10 (full 0):
 garbage-first heap   total 239616K, used 149426K [0x0000000085200000, 0x0000000100000000)
  region size 1024K, 1 young (1024K), 1 survivors (1024K)
 Metaspace       used 8758K, committed 9024K, reserved 1114112K
  class space    used 1158K, committed 1280K, reserved 1048576K
}
Event: 0.901 GC heap before
{Heap before GC invocations=11 (full 0):
 garbage-first heap   total 266240K, used 165810K [0x0000000085200000, 0x0000000100000000)
  region size 1024K, 2 young (2048K), 1 survivors (1024K)
 Metaspace       used 8758K, committed 9024K, reserved 1114112K
  class space    used 1158K, committed 1280K, reserved 1048576K
}

Dll operation events (20 events):
Event: 0.202 Loaded shared library E:\openjfx-17.0.13_windows-x64_bin-sdk\javafx-sdk-17.0.13\bin\api-ms-win-crt-locale-l1-1-0.dll
Event: 0.202 Loaded shared library E:\openjfx-17.0.13_windows-x64_bin-sdk\javafx-sdk-17.0.13\bin\api-ms-win-crt-math-l1-1-0.dll
Event: 0.203 Loaded shared library E:\openjfx-17.0.13_windows-x64_bin-sdk\javafx-sdk-17.0.13\bin\api-ms-win-crt-multibyte-l1-1-0.dll
Event: 0.203 Loaded shared library E:\openjfx-17.0.13_windows-x64_bin-sdk\javafx-sdk-17.0.13\bin\api-ms-win-crt-private-l1-1-0.dll
Event: 0.204 Loaded shared library E:\openjfx-17.0.13_windows-x64_bin-sdk\javafx-sdk-17.0.13\bin\api-ms-win-crt-process-l1-1-0.dll
Event: 0.204 Loaded shared library E:\openjfx-17.0.13_windows-x64_bin-sdk\javafx-sdk-17.0.13\bin\api-ms-win-crt-runtime-l1-1-0.dll
Event: 0.205 Loaded shared library E:\openjfx-17.0.13_windows-x64_bin-sdk\javafx-sdk-17.0.13\bin\api-ms-win-crt-stdio-l1-1-0.dll
Event: 0.205 Loaded shared library E:\openjfx-17.0.13_windows-x64_bin-sdk\javafx-sdk-17.0.13\bin\api-ms-win-crt-string-l1-1-0.dll
Event: 0.206 Loaded shared library E:\openjfx-17.0.13_windows-x64_bin-sdk\javafx-sdk-17.0.13\bin\api-ms-win-crt-time-l1-1-0.dll
Event: 0.207 Loaded shared library E:\openjfx-17.0.13_windows-x64_bin-sdk\javafx-sdk-17.0.13\bin\api-ms-win-crt-utility-l1-1-0.dll
Event: 0.208 Loaded shared library E:\openjfx-17.0.13_windows-x64_bin-sdk\javafx-sdk-17.0.13\bin\ucrtbase.dll
Event: 0.209 Loaded shared library E:\openjfx-17.0.13_windows-x64_bin-sdk\javafx-sdk-17.0.13\bin\vcruntime140.dll
Event: 0.210 Loaded shared library E:\openjfx-17.0.13_windows-x64_bin-sdk\javafx-sdk-17.0.13\bin\vcruntime140_1.dll
Event: 0.210 Loaded shared library E:\openjfx-17.0.13_windows-x64_bin-sdk\javafx-sdk-17.0.13\bin\msvcp140.dll
Event: 0.211 Loaded shared library E:\openjfx-17.0.13_windows-x64_bin-sdk\javafx-sdk-17.0.13\bin\msvcp140_1.dll
Event: 0.212 Loaded shared library E:\openjfx-17.0.13_windows-x64_bin-sdk\javafx-sdk-17.0.13\bin\msvcp140_2.dll
Event: 0.253 Loaded shared library E:\openjfx-17.0.13_windows-x64_bin-sdk\javafx-sdk-17.0.13\bin\prism_d3d.dll
Event: 0.340 Loaded shared library E:\openjfx-17.0.13_windows-x64_bin-sdk\javafx-sdk-17.0.13\bin\glass.dll
Event: 0.465 Loaded shared library C:\Program Files\Eclipse Adoptium\jdk-17.0.12.7-hotspot\bin\jimage.dll
Event: 0.707 Loaded shared library E:\openjfx-17.0.13_windows-x64_bin-sdk\javafx-sdk-17.0.13\bin\javafx_font.dll

Deoptimization events (20 events):
Event: 0.842 Thread 0x000001db925f9050 DEOPT PACKING pc=0x000001db33223636 sp=0x000000aa96ffdb80
Event: 0.842 Thread 0x000001db925f9050 DEOPT UNPACKING pc=0x000001db3a5d7143 sp=0x000000aa96ffd068 mode 0
Event: 0.843 Thread 0x000001db925f9050 DEOPT PACKING pc=0x000001db33223636 sp=0x000000aa96ffdb80
Event: 0.843 Thread 0x000001db925f9050 DEOPT UNPACKING pc=0x000001db3a5d7143 sp=0x000000aa96ffd068 mode 0
Event: 0.873 Thread 0x000001db925f9050 DEOPT PACKING pc=0x000001db33227886 sp=0x000000aa96ffdb70
Event: 0.873 Thread 0x000001db925f9050 DEOPT UNPACKING pc=0x000001db3a5d7143 sp=0x000000aa96ffd090 mode 0
Event: 0.875 Thread 0x000001db925f9050 DEOPT PACKING pc=0x000001db33227886 sp=0x000000aa96ffdb70
Event: 0.875 Thread 0x000001db925f9050 DEOPT UNPACKING pc=0x000001db3a5d7143 sp=0x000000aa96ffd090 mode 0
Event: 0.884 Thread 0x000001db925f9050 DEOPT PACKING pc=0x000001db33227886 sp=0x000000aa96ffdb70
Event: 0.884 Thread 0x000001db925f9050 DEOPT UNPACKING pc=0x000001db3a5d7143 sp=0x000000aa96ffd090 mode 0
Event: 0.888 Thread 0x000001db925f9050 DEOPT PACKING pc=0x000001db33227886 sp=0x000000aa96ffdb70
Event: 0.888 Thread 0x000001db925f9050 DEOPT UNPACKING pc=0x000001db3a5d7143 sp=0x000000aa96ffd090 mode 0
Event: 0.890 Thread 0x000001db925f9050 DEOPT PACKING pc=0x000001db33227886 sp=0x000000aa96ffdb70
Event: 0.890 Thread 0x000001db925f9050 DEOPT UNPACKING pc=0x000001db3a5d7143 sp=0x000000aa96ffd090 mode 0
Event: 0.894 Thread 0x000001db925f9050 DEOPT PACKING pc=0x000001db33227865 sp=0x000000aa96ffdb70
Event: 0.894 Thread 0x000001db925f9050 DEOPT UNPACKING pc=0x000001db3a5d7143 sp=0x000000aa96ffd090 mode 0
Event: 0.896 Thread 0x000001db925f9050 DEOPT PACKING pc=0x000001db33227865 sp=0x000000aa96ffdb70
Event: 0.896 Thread 0x000001db925f9050 DEOPT UNPACKING pc=0x000001db3a5d7143 sp=0x000000aa96ffd090 mode 0
Event: 0.900 Thread 0x000001db925f9050 DEOPT PACKING pc=0x000001db33227886 sp=0x000000aa96ffdb70
Event: 0.900 Thread 0x000001db925f9050 DEOPT UNPACKING pc=0x000001db3a5d7143 sp=0x000000aa96ffd090 mode 0

Classes loaded (20 events):
Event: 0.766 Loading class java/util/WeakHashMap$Values
Event: 0.766 Loading class java/util/WeakHashMap$Values done
Event: 0.766 Loading class java/util/WeakHashMap$ValueIterator
Event: 0.766 Loading class java/util/WeakHashMap$ValueIterator done
Event: 0.768 Loading class java/lang/CloneNotSupportedException
Event: 0.768 Loading class java/lang/CloneNotSupportedException done
Event: 0.780 Loading class java/io/ObjectOutputStream
Event: 0.781 Loading class java/io/ObjectOutput
Event: 0.781 Loading class java/io/ObjectOutput done
Event: 0.781 Loading class java/io/ObjectStreamConstants
Event: 0.781 Loading class java/io/ObjectStreamConstants done
Event: 0.781 Loading class java/io/ObjectOutputStream done
Event: 0.781 Loading class java/io/ObjectInputStream
Event: 0.781 Loading class java/io/ObjectInput
Event: 0.781 Loading class java/io/ObjectInput done
Event: 0.781 Loading class java/io/ObjectInputStream done
Event: 0.782 Loading class jdk/internal/reflect/UnsafeFieldAccessorFactory
Event: 0.782 Loading class jdk/internal/reflect/UnsafeFieldAccessorFactory done
Event: 0.782 Loading class jdk/internal/reflect/UnsafeObjectFieldAccessorImpl
Event: 0.782 Loading class jdk/internal/reflect/UnsafeObjectFieldAccessorImpl done

Classes unloaded (0 events):
No events

Classes redefined (0 events):
No events

Internal exceptions (20 events):
Event: 0.057 Thread 0x000001db2b513000 Exception <a 'sun/nio/fs/WindowsException'{0x000000008cc2dc40}> (0x000000008cc2dc40) 
thrown [s\src\hotspot\share\prims\jni.cpp, line 516]
Event: 0.133 Thread 0x000001db2b513000 Exception <a 'java/lang/NoSuchMethodError'{0x000000008c7e2cb8}: 'java.lang.Object java.lang.invoke.DirectMethodHandle$Holder.invokeStaticInit(java.lang.Object)'> (0x000000008c7e2cb8) 
thrown [s\src\hotspot\share\interpreter\linkResolver.cpp, line 759]
Event: 0.136 Thread 0x000001db2b513000 Exception <a 'java/lang/NoSuchMethodError'{0x000000008c7ea898}: 'void java.lang.invoke.DirectMethodHandle$Holder.invokeStatic(java.lang.Object, java.lang.Object)'> (0x000000008c7ea898) 
thrown [s\src\hotspot\share\interpreter\linkResolver.cpp, line 759]
Event: 0.236 Thread 0x000001db2b513000 Exception <a 'java/lang/NoSuchMethodError'{0x000000008c343ff0}: 'void java.lang.invoke.DirectMethodHandle$Holder.invokeSpecial(java.lang.Object, java.lang.Object, java.lang.Object)'> (0x000000008c343ff0) 
thrown [s\src\hotspot\share\interpreter\linkResolver.cpp, line 759]
Event: 0.245 Thread 0x000001db2b513000 Exception <a 'java/lang/NoSuchMethodError'{0x000000008c37b048}: 'void java.lang.invoke.DirectMethodHandle$Holder.invokeStatic(java.lang.Object, java.lang.Object, java.lang.Object)'> (0x000000008c37b048) 
thrown [s\src\hotspot\share\interpreter\linkResolver.cpp, line 759]
Event: 0.332 Thread 0x000001db2b513000 Exception <a 'java/lang/NoSuchMethodError'{0x000000008c397aa8}: 'int java.lang.invoke.DirectMethodHandle$Holder.invokeStaticInit(java.lang.Object, java.lang.Object, java.lang.Object)'> (0x000000008c397aa8) 
thrown [s\src\hotspot\share\interpreter\linkResolver.cpp, line 759]
Event: 0.345 Thread 0x000001db2b513000 Exception <a 'java/lang/NoSuchMethodError'{0x000000008c2d6d70}: 'java.lang.Object java.lang.invoke.DirectMethodHandle$Holder.newInvokeSpecial(java.lang.Object, java.lang.Object, int, java.lang.Object)'> (0x000000008c2d6d70) 
thrown [s\src\hotspot\share\interpreter\linkResolver.cpp, line 759]
Event: 0.346 Thread 0x000001db2b513000 Exception <a 'java/lang/NoSuchMethodError'{0x000000008c2db150}: 'java.lang.Object java.lang.invoke.DirectMethodHandle$Holder.invokeSpecial(java.lang.Object, java.lang.Object, java.lang.Object, int, java.lang.Object)'> (0x000000008c2db150) 
thrown [s\src\hotspot\share\interpreter\linkResolver.cpp, line 759]
Event: 0.429 Thread 0x000001db925f9050 Exception <a 'java/lang/NoSuchMethodError'{0x000000008bf14bf8}: 'void java.lang.invoke.DirectMethodHandle$Holder.invokeStaticInit(java.lang.Object)'> (0x000000008bf14bf8) 
thrown [s\src\hotspot\share\interpreter\linkResolver.cpp, line 759]
Event: 0.435 Thread 0x000001db2b513000 Exception <a 'java/lang/NoSuchMethodError'{0x000000008bf77440}: 'java.lang.Object java.lang.invoke.DirectMethodHandle$Holder.newInvokeSpecial(java.lang.Object, java.lang.Object, java.lang.Object, java.lang.Object, java.lang.Object, java.lang.Object)'> (0x000000008bf77440) 
thrown [s\src\hotspot\share\interpreter\linkResolver.cpp, line 759]
Event: 0.445 Thread 0x000001db2b513000 Exception <a 'java/lang/NoSuchMethodError'{0x000000008bfa78b8}: 'java.lang.Object java.lang.invoke.DirectMethodHandle$Holder.newInvokeSpecial(java.lang.Object, java.lang.Object, java.lang.Object, java.lang.Object, java.lang.Object)'> (0x000000008bfa78b8) 
thrown [s\src\hotspot\share\interpreter\linkResolver.cpp, line 759]
Event: 0.447 Thread 0x000001db927ed940 Exception <a 'java/lang/NoSuchMethodError'{0x000000008bff03a8}: 'void java.lang.invoke.DirectMethodHandle$Holder.invokeStatic(java.lang.Object, java.lang.Object, java.lang.Object, java.lang.Object)'> (0x000000008bff03a8) 
thrown [s\src\hotspot\share\interpreter\linkResolver.cpp, line 759]
Event: 0.521 Thread 0x000001db925f9050 Exception <a 'java/lang/NoSuchMethodError'{0x000000008b9949d0}: 'java.lang.Object java.lang.invoke.DirectMethodHandle$Holder.invokeStaticInit(java.lang.Object, java.lang.Object, java.lang.Object, java.lang.Object)'> (0x000000008b9949d0) 
thrown [s\src\hotspot\share\interpreter\linkResolver.cpp, line 759]
Event: 0.522 Thread 0x000001db925f9050 Exception <a 'java/lang/NullPointerException'{0x000000008b9a08d0}> (0x000000008b9a08d0) 
thrown [s\src\hotspot\share\interpreter\linkResolver.cpp, line 1350]
Event: 0.555 Thread 0x000001db925f9050 Exception <a 'java/lang/ClassNotFoundException'{0x000000008b8ab8f0}: sun/util/logging/resources/spi/loggingProvider> (0x000000008b8ab8f0) 
thrown [s\src\hotspot\share\classfile\systemDictionary.cpp, line 256]
Event: 0.691 Thread 0x000001db925f9050 Exception <a 'java/lang/ClassNotFoundException'{0x000000008cbcb568}: com/sun/glass/ui/win/themes> (0x000000008cbcb568) 
thrown [s\src\hotspot\share\prims\jni.cpp, line 535]
Event: 0.691 Thread 0x000001db925f9050 Exception <a 'java/lang/ClassNotFoundException'{0x000000008cbcf7f0}: com/sun/glass/ui/win/themes_en> (0x000000008cbcf7f0) 
thrown [s\src\hotspot\share\prims\jni.cpp, line 535]
Event: 0.692 Thread 0x000001db925f9050 Exception <a 'java/lang/ClassNotFoundException'{0x000000008cbdbd18}: com/sun/glass/ui/win/themes_en_US> (0x000000008cbdbd18) 
thrown [s\src\hotspot\share\prims\jni.cpp, line 535]
Event: 0.767 Thread 0x000001db925f9050 Exception <a 'java/lang/NoSuchMethodError'{0x000000008c6df028}: 'void java.lang.invoke.DirectMethodHandle$Holder.invokeStaticInit(java.lang.Object, java.lang.Object)'> (0x000000008c6df028) 
thrown [s\src\hotspot\share\interpreter\linkResolver.cpp, line 759]
Event: 0.776 Thread 0x000001db925f9050 Exception <a 'java/lang/NoSuchMethodError'{0x000000008c561510}: 'void java.lang.invoke.DirectMethodHandle$Holder.invokeSpecial(java.lang.Object, java.lang.Object, java.lang.Object, java.lang.Object, java.lang.Object)'> (0x000000008c561510) 
thrown [s\src\hotspot\share\interpreter\linkResolver.cpp, line 759]

VM Operations (20 events):
Event: 0.867 Executing VM operation: G1PauseCleanup done
Event: 0.868 Executing VM operation: G1TryInitiateConcMark
Event: 0.870 Executing VM operation: G1TryInitiateConcMark done
Event: 0.875 Executing VM operation: G1PauseRemark
Event: 0.877 Executing VM operation: G1PauseRemark done
Event: 0.879 Executing VM operation: G1PauseCleanup
Event: 0.879 Executing VM operation: G1PauseCleanup done
Event: 0.880 Executing VM operation: G1TryInitiateConcMark
Event: 0.882 Executing VM operation: G1TryInitiateConcMark done
Event: 0.886 Executing VM operation: G1PauseRemark
Event: 0.888 Executing VM operation: G1PauseRemark done
Event: 0.890 Executing VM operation: G1PauseCleanup
Event: 0.890 Executing VM operation: G1PauseCleanup done
Event: 0.891 Executing VM operation: G1TryInitiateConcMark
Event: 0.893 Executing VM operation: G1TryInitiateConcMark done
Event: 0.896 Executing VM operation: G1PauseRemark
Event: 0.897 Executing VM operation: G1PauseRemark done
Event: 0.899 Executing VM operation: G1PauseCleanup
Event: 0.899 Executing VM operation: G1PauseCleanup done
Event: 0.901 Executing VM operation: G1TryInitiateConcMark

Events (18 events):
Event: 0.026 Thread 0x000001db2b513000 Thread added: 0x000001db2b513000
Event: 0.029 Thread 0x000001db49b0cff0 Thread added: 0x000001db49b0cff0
Event: 0.029 Thread 0x000001db49b0d9b0 Thread added: 0x000001db49b0d9b0
Event: 0.034 Thread 0x000001db49b25a90 Thread added: 0x000001db49b25a90
Event: 0.034 Thread 0x000001db49b26ed0 Thread added: 0x000001db49b26ed0
Event: 0.034 Thread 0x000001db49b27890 Thread added: 0x000001db49b27890
Event: 0.034 Thread 0x000001db49b29dd0 Thread added: 0x000001db49b29dd0
Event: 0.034 Thread 0x000001db49b2d300 Thread added: 0x000001db49b2d300
Event: 0.034 Thread 0x000001db49b2d9c0 Thread added: 0x000001db49b2d9c0
Event: 0.034 Thread 0x000001db49b31a70 Thread added: 0x000001db49b31a70
Event: 0.048 Thread 0x000001db8f0c9080 Thread added: 0x000001db8f0c9080
Event: 0.078 Thread 0x000001db8f128ba0 Thread added: 0x000001db8f128ba0
Event: 0.119 Thread 0x000001db8f1fcc30 Thread added: 0x000001db8f1fcc30
Event: 0.246 Thread 0x000001db8f425030 Thread added: 0x000001db8f425030
Event: 0.342 Thread 0x000001db92644020 Thread added: 0x000001db92644020
Event: 0.347 Thread 0x000001db925f9050 Thread added: 0x000001db925f9050
Event: 0.446 Thread 0x000001db927ed940 Thread added: 0x000001db927ed940
Event: 0.454 Thread 0x000001db9280d240 Thread added: 0x000001db9280d240


Dynamic libraries:
0x00007ff6fc670000 - 0x00007ff6fc67e000 	C:\Program Files\Eclipse Adoptium\jdk-17.0.12.7-hotspot\bin\java.exe
0x00007ff9c2c40000 - 0x00007ff9c2ea3000 	C:\WINDOWS\SYSTEM32\ntdll.dll
0x00007ff9c29a0000 - 0x00007ff9c2a68000 	C:\WINDOWS\System32\KERNEL32.DLL
0x00007ff9c0010000 - 0x00007ff9c03c2000 	C:\WINDOWS\System32\KERNELBASE.dll
0x00007ff9c05c0000 - 0x00007ff9c070b000 	C:\WINDOWS\System32\ucrtbase.dll
0x00007ff9b8ad0000 - 0x00007ff9b8ae7000 	C:\Program Files\Eclipse Adoptium\jdk-17.0.12.7-hotspot\bin\jli.dll
0x00007ff9a9080000 - 0x00007ff9a909b000 	C:\Program Files\Eclipse Adoptium\jdk-17.0.12.7-hotspot\bin\VCRUNTIME140.dll
0x00007ff9c1a20000 - 0x00007ff9c1be8000 	C:\WINDOWS\System32\USER32.dll
0x00007ff9c0840000 - 0x00007ff9c0867000 	C:\WINDOWS\System32\win32u.dll
0x00007ff99d1c0000 - 0x00007ff99d450000 	C:\WINDOWS\WinSxS\amd64_microsoft.windows.common-controls_6595b64144ccf1df_6.0.26100.2454_none_3e0b68a2e331ad60\COMCTL32.dll
0x00007ff9c2970000 - 0x00007ff9c299a000 	C:\WINDOWS\System32\GDI32.dll
0x00007ff9c2800000 - 0x00007ff9c28a9000 	C:\WINDOWS\System32\msvcrt.dll
0x00007ff9c0490000 - 0x00007ff9c05bb000 	C:\WINDOWS\System32\gdi32full.dll
0x00007ff9c0870000 - 0x00007ff9c0913000 	C:\WINDOWS\System32\msvcp_win.dll
0x00007ff9c1170000 - 0x00007ff9c119f000 	C:\WINDOWS\System32\IMM32.DLL
0x00007ff9b8dd0000 - 0x00007ff9b8ddc000 	C:\Program Files\Eclipse Adoptium\jdk-17.0.12.7-hotspot\bin\vcruntime140_1.dll
0x00007ff9a5000000 - 0x00007ff9a508d000 	C:\Program Files\Eclipse Adoptium\jdk-17.0.12.7-hotspot\bin\msvcp140.dll
0x00007ff944ef0000 - 0x00007ff945b5a000 	C:\Program Files\Eclipse Adoptium\jdk-17.0.12.7-hotspot\bin\server\jvm.dll
0x00007ff9c28b0000 - 0x00007ff9c2964000 	C:\WINDOWS\System32\ADVAPI32.dll
0x00007ff9c0fa0000 - 0x00007ff9c1046000 	C:\WINDOWS\System32\sechost.dll
0x00007ff9c11b0000 - 0x00007ff9c12c6000 	C:\WINDOWS\System32\RPCRT4.dll
0x00007ff9c2b80000 - 0x00007ff9c2bf4000 	C:\WINDOWS\System32\WS2_32.dll
0x00007ff9bfea0000 - 0x00007ff9bfeee000 	C:\WINDOWS\SYSTEM32\POWRPROF.dll
0x00007ff9b34f0000 - 0x00007ff9b34fb000 	C:\WINDOWS\SYSTEM32\VERSION.dll
0x00007ff9b6180000 - 0x00007ff9b61b6000 	C:\WINDOWS\SYSTEM32\WINMM.dll
0x00007ff9bfe80000 - 0x00007ff9bfe94000 	C:\WINDOWS\SYSTEM32\UMPDC.dll
0x00007ff9bed80000 - 0x00007ff9bed9a000 	C:\WINDOWS\SYSTEM32\kernel.appcore.dll
0x00007ff9a8f10000 - 0x00007ff9a8f1a000 	C:\Program Files\Eclipse Adoptium\jdk-17.0.12.7-hotspot\bin\jimage.dll
0x00007ff9bd990000 - 0x00007ff9bdbd1000 	C:\WINDOWS\SYSTEM32\DBGHELP.DLL
0x00007ff9c0c10000 - 0x00007ff9c0f8e000 	C:\WINDOWS\System32\combase.dll
0x00007ff9c1070000 - 0x00007ff9c1146000 	C:\WINDOWS\System32\OLEAUT32.dll
0x00007ff99a740000 - 0x00007ff99a779000 	C:\WINDOWS\SYSTEM32\dbgcore.DLL
0x00007ff9c0710000 - 0x00007ff9c07a9000 	C:\WINDOWS\System32\bcryptPrimitives.dll
0x00007ff9a4f30000 - 0x00007ff9a4f55000 	C:\Program Files\Eclipse Adoptium\jdk-17.0.12.7-hotspot\bin\java.dll
0x00007ff97c5e0000 - 0x00007ff97c6b7000 	C:\Program Files\Eclipse Adoptium\jdk-17.0.12.7-hotspot\bin\jsvml.dll
0x00007ff9c1c60000 - 0x00007ff9c2360000 	C:\WINDOWS\System32\SHELL32.dll
0x00007ff9bdce0000 - 0x00007ff9be511000 	C:\WINDOWS\SYSTEM32\windows.storage.dll
0x00007ff9c0aa0000 - 0x00007ff9c0b7a000 	C:\WINDOWS\System32\SHCORE.dll
0x00007ff9c1bf0000 - 0x00007ff9c1c4d000 	C:\WINDOWS\System32\shlwapi.dll
0x00007ff9bff20000 - 0x00007ff9bff4e000 	C:\WINDOWS\SYSTEM32\profapi.dll
0x00007ff9a8da0000 - 0x00007ff9a8db9000 	C:\Program Files\Eclipse Adoptium\jdk-17.0.12.7-hotspot\bin\net.dll
0x00007ff9b9080000 - 0x00007ff9b91a6000 	C:\WINDOWS\SYSTEM32\WINHTTP.dll
0x00007ff9bf350000 - 0x00007ff9bf3b8000 	C:\WINDOWS\system32\mswsock.dll
0x00007ff9a5590000 - 0x00007ff9a55a6000 	C:\Program Files\Eclipse Adoptium\jdk-17.0.12.7-hotspot\bin\nio.dll
0x00007ff9a54f0000 - 0x00007ff9a5508000 	C:\Program Files\Eclipse Adoptium\jdk-17.0.12.7-hotspot\bin\zip.dll
0x000001db2b400000 - 0x000001db2b403000 	E:\openjfx-17.0.13_windows-x64_bin-sdk\javafx-sdk-17.0.13\bin\api-ms-win-core-console-l1-1-0.dll
0x000001db2b410000 - 0x000001db2b413000 	E:\openjfx-17.0.13_windows-x64_bin-sdk\javafx-sdk-17.0.13\bin\api-ms-win-core-console-l1-2-0.dll
0x000001db2b420000 - 0x000001db2b423000 	E:\openjfx-17.0.13_windows-x64_bin-sdk\javafx-sdk-17.0.13\bin\api-ms-win-core-datetime-l1-1-0.dll
0x000001db2b430000 - 0x000001db2b433000 	E:\openjfx-17.0.13_windows-x64_bin-sdk\javafx-sdk-17.0.13\bin\api-ms-win-core-debug-l1-1-0.dll
0x000001db2b440000 - 0x000001db2b443000 	E:\openjfx-17.0.13_windows-x64_bin-sdk\javafx-sdk-17.0.13\bin\api-ms-win-core-errorhandling-l1-1-0.dll
0x000001db2b450000 - 0x000001db2b454000 	E:\openjfx-17.0.13_windows-x64_bin-sdk\javafx-sdk-17.0.13\bin\api-ms-win-core-file-l1-1-0.dll
0x000001db2b460000 - 0x000001db2b463000 	E:\openjfx-17.0.13_windows-x64_bin-sdk\javafx-sdk-17.0.13\bin\api-ms-win-core-file-l1-2-0.dll
0x000001db2b470000 - 0x000001db2b473000 	E:\openjfx-17.0.13_windows-x64_bin-sdk\javafx-sdk-17.0.13\bin\api-ms-win-core-file-l2-1-0.dll
0x000001db2b480000 - 0x000001db2b483000 	E:\openjfx-17.0.13_windows-x64_bin-sdk\javafx-sdk-17.0.13\bin\api-ms-win-core-handle-l1-1-0.dll
0x000001db2b490000 - 0x000001db2b493000 	E:\openjfx-17.0.13_windows-x64_bin-sdk\javafx-sdk-17.0.13\bin\api-ms-win-core-heap-l1-1-0.dll
0x000001db2b4a0000 - 0x000001db2b4a3000 	E:\openjfx-17.0.13_windows-x64_bin-sdk\javafx-sdk-17.0.13\bin\api-ms-win-core-interlocked-l1-1-0.dll
0x000001db2b4b0000 - 0x000001db2b4b3000 	E:\openjfx-17.0.13_windows-x64_bin-sdk\javafx-sdk-17.0.13\bin\api-ms-win-core-libraryloader-l1-1-0.dll
0x000001db2b4c0000 - 0x000001db2b4c3000 	E:\openjfx-17.0.13_windows-x64_bin-sdk\javafx-sdk-17.0.13\bin\api-ms-win-core-localization-l1-2-0.dll
0x000001db49c80000 - 0x000001db49c83000 	E:\openjfx-17.0.13_windows-x64_bin-sdk\javafx-sdk-17.0.13\bin\api-ms-win-core-memory-l1-1-0.dll
0x000001db49c90000 - 0x000001db49c93000 	E:\openjfx-17.0.13_windows-x64_bin-sdk\javafx-sdk-17.0.13\bin\api-ms-win-core-namedpipe-l1-1-0.dll
0x000001db49ca0000 - 0x000001db49ca3000 	E:\openjfx-17.0.13_windows-x64_bin-sdk\javafx-sdk-17.0.13\bin\api-ms-win-core-processenvironment-l1-1-0.dll
0x000001db49cb0000 - 0x000001db49cb3000 	E:\openjfx-17.0.13_windows-x64_bin-sdk\javafx-sdk-17.0.13\bin\api-ms-win-core-processthreads-l1-1-0.dll
0x000001db49cc0000 - 0x000001db49cc3000 	E:\openjfx-17.0.13_windows-x64_bin-sdk\javafx-sdk-17.0.13\bin\api-ms-win-core-processthreads-l1-1-1.dll
0x000001db49cd0000 - 0x000001db49cd3000 	E:\openjfx-17.0.13_windows-x64_bin-sdk\javafx-sdk-17.0.13\bin\api-ms-win-core-profile-l1-1-0.dll
0x000001db49ce0000 - 0x000001db49ce3000 	E:\openjfx-17.0.13_windows-x64_bin-sdk\javafx-sdk-17.0.13\bin\api-ms-win-core-rtlsupport-l1-1-0.dll
0x000001db49cf0000 - 0x000001db49cf3000 	E:\openjfx-17.0.13_windows-x64_bin-sdk\javafx-sdk-17.0.13\bin\api-ms-win-core-string-l1-1-0.dll
0x000001db49d00000 - 0x000001db49d03000 	E:\openjfx-17.0.13_windows-x64_bin-sdk\javafx-sdk-17.0.13\bin\api-ms-win-core-synch-l1-1-0.dll
0x000001db49d10000 - 0x000001db49d13000 	E:\openjfx-17.0.13_windows-x64_bin-sdk\javafx-sdk-17.0.13\bin\api-ms-win-core-synch-l1-2-0.dll
0x000001db49d20000 - 0x000001db49d23000 	E:\openjfx-17.0.13_windows-x64_bin-sdk\javafx-sdk-17.0.13\bin\api-ms-win-core-sysinfo-l1-1-0.dll
0x000001db49d30000 - 0x000001db49d33000 	E:\openjfx-17.0.13_windows-x64_bin-sdk\javafx-sdk-17.0.13\bin\api-ms-win-core-timezone-l1-1-0.dll
0x000001db49d40000 - 0x000001db49d43000 	E:\openjfx-17.0.13_windows-x64_bin-sdk\javafx-sdk-17.0.13\bin\api-ms-win-core-util-l1-1-0.dll
0x000001db49d50000 - 0x000001db49d53000 	E:\openjfx-17.0.13_windows-x64_bin-sdk\javafx-sdk-17.0.13\bin\api-ms-win-crt-conio-l1-1-0.dll
0x000001db49d60000 - 0x000001db49d64000 	E:\openjfx-17.0.13_windows-x64_bin-sdk\javafx-sdk-17.0.13\bin\api-ms-win-crt-convert-l1-1-0.dll
0x000001db49d70000 - 0x000001db49d73000 	E:\openjfx-17.0.13_windows-x64_bin-sdk\javafx-sdk-17.0.13\bin\api-ms-win-crt-environment-l1-1-0.dll
0x000001db49d80000 - 0x000001db49d83000 	E:\openjfx-17.0.13_windows-x64_bin-sdk\javafx-sdk-17.0.13\bin\api-ms-win-crt-filesystem-l1-1-0.dll
0x000001db49d90000 - 0x000001db49d93000 	E:\openjfx-17.0.13_windows-x64_bin-sdk\javafx-sdk-17.0.13\bin\api-ms-win-crt-heap-l1-1-0.dll
0x000001db49da0000 - 0x000001db49da3000 	E:\openjfx-17.0.13_windows-x64_bin-sdk\javafx-sdk-17.0.13\bin\api-ms-win-crt-locale-l1-1-0.dll
0x000001db49db0000 - 0x000001db49db5000 	E:\openjfx-17.0.13_windows-x64_bin-sdk\javafx-sdk-17.0.13\bin\api-ms-win-crt-math-l1-1-0.dll
0x000001db49dc0000 - 0x000001db49dc5000 	E:\openjfx-17.0.13_windows-x64_bin-sdk\javafx-sdk-17.0.13\bin\api-ms-win-crt-multibyte-l1-1-0.dll
0x000001db49dd0000 - 0x000001db49de0000 	E:\openjfx-17.0.13_windows-x64_bin-sdk\javafx-sdk-17.0.13\bin\api-ms-win-crt-private-l1-1-0.dll
0x000001db49de0000 - 0x000001db49de3000 	E:\openjfx-17.0.13_windows-x64_bin-sdk\javafx-sdk-17.0.13\bin\api-ms-win-crt-process-l1-1-0.dll
0x000001db49df0000 - 0x000001db49df4000 	E:\openjfx-17.0.13_windows-x64_bin-sdk\javafx-sdk-17.0.13\bin\api-ms-win-crt-runtime-l1-1-0.dll
0x000001db49e00000 - 0x000001db49e04000 	E:\openjfx-17.0.13_windows-x64_bin-sdk\javafx-sdk-17.0.13\bin\api-ms-win-crt-stdio-l1-1-0.dll
0x000001db49e10000 - 0x000001db49e14000 	E:\openjfx-17.0.13_windows-x64_bin-sdk\javafx-sdk-17.0.13\bin\api-ms-win-crt-string-l1-1-0.dll
0x000001db49e20000 - 0x000001db49e23000 	E:\openjfx-17.0.13_windows-x64_bin-sdk\javafx-sdk-17.0.13\bin\api-ms-win-crt-time-l1-1-0.dll
0x000001db49e30000 - 0x000001db49e33000 	E:\openjfx-17.0.13_windows-x64_bin-sdk\javafx-sdk-17.0.13\bin\api-ms-win-crt-utility-l1-1-0.dll
0x00007ff97c4e0000 - 0x00007ff97c5dc000 	E:\openjfx-17.0.13_windows-x64_bin-sdk\javafx-sdk-17.0.13\bin\ucrtbase.dll
0x00007ff9a4e00000 - 0x00007ff9a4e1b000 	E:\openjfx-17.0.13_windows-x64_bin-sdk\javafx-sdk-17.0.13\bin\vcruntime140.dll
0x00007ff9a4f20000 - 0x00007ff9a4f2c000 	E:\openjfx-17.0.13_windows-x64_bin-sdk\javafx-sdk-17.0.13\bin\vcruntime140_1.dll
0x00007ff9a4d70000 - 0x00007ff9a4dfe000 	E:\openjfx-17.0.13_windows-x64_bin-sdk\javafx-sdk-17.0.13\bin\msvcp140.dll
0x00007ff9a4d60000 - 0x00007ff9a4d69000 	E:\openjfx-17.0.13_windows-x64_bin-sdk\javafx-sdk-17.0.13\bin\msvcp140_1.dll
0x00007ff98a6f0000 - 0x00007ff98a731000 	E:\openjfx-17.0.13_windows-x64_bin-sdk\javafx-sdk-17.0.13\bin\msvcp140_2.dll
0x00007ff9a4950000 - 0x00007ff9a497a000 	E:\openjfx-17.0.13_windows-x64_bin-sdk\javafx-sdk-17.0.13\bin\prism_d3d.dll
0x00007ff95cf70000 - 0x00007ff95d116000 	C:\WINDOWS\system32\d3d9.dll
0x00007ff9bd030000 - 0x00007ff9bd05e000 	C:\WINDOWS\SYSTEM32\dwmapi.dll
0x00007ff9bce70000 - 0x00007ff9bceb7000 	C:\WINDOWS\SYSTEM32\dxcore.dll
0x00007ff9bcd00000 - 0x00007ff9bcdad000 	C:\WINDOWS\system32\uxtheme.dll
0x00007ff965f40000 - 0x00007ff966005000 	C:\WINDOWS\SYSTEM32\d3d9on12.dll
0x00007ff9bcee0000 - 0x00007ff9bd00b000 	C:\WINDOWS\SYSTEM32\dxgi.dll
0x00007ff990c00000 - 0x00007ff990c23000 	C:\WINDOWS\SYSTEM32\d3d12.dll
0x00007ff9bce10000 - 0x00007ff9bce6c000 	C:\WINDOWS\SYSTEM32\directxdatabasehelper.dll
0x00007ff9bfb90000 - 0x00007ff9bfbef000 	C:\WINDOWS\SYSTEM32\cfgmgr32.dll
0x00007ff959f70000 - 0x00007ff95a1e5000 	C:\WINDOWS\SYSTEM32\D3D12Core.dll
0x00007ff988790000 - 0x00007ff9887b6000 	C:\WINDOWS\System32\DriverStore\FileRepository\iigd_dch.inf_amd64_64dc54263337697d\igd12umd64.dll
0x00007ff9301a0000 - 0x00007ff9322c4000 	C:\WINDOWS\System32\DriverStore\FileRepository\iigd_dch.inf_amd64_64dc54263337697d\igd12um64xel.dll
0x00007ff9c0920000 - 0x00007ff9c0a96000 	C:\WINDOWS\System32\CRYPT32.dll
0x00007ff9c12d0000 - 0x00007ff9c1469000 	C:\WINDOWS\System32\ole32.dll
0x00007ff9bf830000 - 0x00007ff9bf856000 	C:\WINDOWS\SYSTEM32\bcrypt.dll
0x00007ff9aa8a0000 - 0x00007ff9aaa18000 	C:\WINDOWS\SYSTEM32\drvstore.dll
0x00007ff97cfc0000 - 0x00007ff97cfe7000 	C:\WINDOWS\System32\DriverStore\FileRepository\iigd_dch.inf_amd64_64dc54263337697d\igdext64.dll
0x00007ff9b3600000 - 0x00007ff9b369c000 	C:\WINDOWS\System32\DriverStore\FileRepository\iigd_dch.inf_amd64_64dc54263337697d\IntelControlLib.dll
0x00007ff9b3090000 - 0x00007ff9b34cf000 	C:\WINDOWS\System32\DriverStore\FileRepository\iigd_dch.inf_amd64_64dc54263337697d\igdgmm64.dll
0x00007ff9b3060000 - 0x00007ff9b3084000 	C:\WINDOWS\System32\DriverStore\FileRepository\iigd_dch.inf_amd64_64dc54263337697d\igc64.dll
0x00007ff9ae5a0000 - 0x00007ff9b2d0b000 	C:\WINDOWS\System32\DriverStore\FileRepository\iigd_dch.inf_amd64_64dc54263337697d\igc1464.dll
0x00007ff97c320000 - 0x00007ff97c34e000 	C:\WINDOWS\SYSTEM32\D3DSCache.dll
0x00007ff9bf3f0000 - 0x00007ff9bf41b000 	C:\WINDOWS\SYSTEM32\USERENV.dll
0x00007ff94c550000 - 0x00007ff94c870000 	C:\WINDOWS\System32\DriverStore\FileRepository\iigd_dch.inf_amd64_64dc54263337697d\igd12dxva64.dll
0x00007ff9c2370000 - 0x00007ff9c27f6000 	C:\WINDOWS\System32\SETUPAPI.dll
0x00007ff9a2a00000 - 0x00007ff9a3d83000 	C:\WINDOWS\System32\DriverStore\FileRepository\iigd_dch.inf_amd64_64dc54263337697d\igddxvacommon64.dll
0x00007ff9a0b80000 - 0x00007ff9a28ab000 	C:\WINDOWS\System32\DriverStore\FileRepository\iigd_dch.inf_amd64_64dc54263337697d\media_bin_64.dll
0x00007ff9a0b50000 - 0x00007ff9a0b77000 	C:\WINDOWS\System32\DriverStore\FileRepository\iigd_dch.inf_amd64_64dc54263337697d\igdinfo64.dll
0x00007ff97c2d0000 - 0x00007ff97c312000 	E:\openjfx-17.0.13_windows-x64_bin-sdk\javafx-sdk-17.0.13\bin\glass.dll
0x00007ff9c1900000 - 0x00007ff9c19ed000 	C:\WINDOWS\System32\COMDLG32.dll
0x00007ff9c1720000 - 0x00007ff9c187c000 	C:\WINDOWS\System32\MSCTF.dll
0x00007ff980dc0000 - 0x00007ff980dd5000 	E:\openjfx-17.0.13_windows-x64_bin-sdk\javafx-sdk-17.0.13\bin\javafx_font.dll
0x00007ff9b74c0000 - 0x00007ff9b7725000 	C:\WINDOWS\SYSTEM32\dwrite.dll

dbghelp: loaded successfully - version: 4.0.5 - missing functions: none
symbol engine: initialized successfully - sym options: 0x614 - pdb path: .;C:\Program Files\Eclipse Adoptium\jdk-17.0.12.7-hotspot\bin;C:\WINDOWS\SYSTEM32;C:\WINDOWS\WinSxS\amd64_microsoft.windows.common-controls_6595b64144ccf1df_6.0.26100.2454_none_3e0b68a2e331ad60;C:\Program Files\Eclipse Adoptium\jdk-17.0.12.7-hotspot\bin\server;E:\openjfx-17.0.13_windows-x64_bin-sdk\javafx-sdk-17.0.13\bin;C:\WINDOWS\System32\DriverStore\FileRepository\iigd_dch.inf_amd64_64dc54263337697d

VM Arguments:
jvm_args: --module-path=E:/openjfx-17.0.13_windows-x64_bin-sdk/javafx-sdk-17.0.13/lib --add-modules=javafx.controls,javafx.fxml -XX:+ShowCodeDetailsInExceptionMessages 
java_command: App
java_class_path (initial): C:\Users\soura\OneDrive\Desktop\project\project_2205083\bin;e:\openjfx-17.0.13_windows-x64_bin-sdk\javafx-sdk-17.0.13\lib\javafx.graphics.jar;e:\openjfx-17.0.13_windows-x64_bin-sdk\javafx-sdk-17.0.13\lib\javafx.base.jar;e:\openjfx-17.0.13_windows-x64_bin-sdk\javafx-sdk-17.0.13\lib\javafx.fxml.jar;e:\openjfx-17.0.13_windows-x64_bin-sdk\javafx-sdk-17.0.13\lib\javafx-swt.jar;e:\openjfx-17.0.13_windows-x64_bin-sdk\javafx-sdk-17.0.13\lib\javafx.swing.jar;e:\openjfx-17.0.13_windows-x64_bin-sdk\javafx-sdk-17.0.13\lib\javafx.media.jar;e:\openjfx-17.0.13_windows-x64_bin-sdk\javafx-sdk-17.0.13\lib\javafx.controls.jar;e:\openjfx-17.0.13_windows-x64_bin-sdk\javafx-sdk-17.0.13\lib\javafx.web.jar
Launcher Type: SUN_STANDARD

[Global flags]
     intx CICompilerCount                          = 4                                         {product} {ergonomic}
     uint ConcGCThreads                            = 3                                         {product} {ergonomic}
     uint G1ConcRefinementThreads                  = 10                                        {product} {ergonomic}
   size_t G1HeapRegionSize                         = 1048576                                   {product} {ergonomic}
    uintx GCDrainStackTargetSize                   = 64                                        {product} {ergonomic}
   size_t InitialHeapSize                          = 130023424                                 {product} {ergonomic}
   size_t MarkStackSize                            = 4194304                                   {product} {ergonomic}
   size_t MaxHeapSize                              = 2061500416                                {product} {ergonomic}
   size_t MaxNewSize                               = 1236271104                                {product} {ergonomic}
   size_t MinHeapDeltaBytes                        = 1048576                                   {product} {ergonomic}
   size_t MinHeapSize                              = 8388608                                   {product} {ergonomic}
    uintx NonNMethodCodeHeapSize                   = 5839372                                {pd product} {ergonomic}
    uintx NonProfiledCodeHeapSize                  = 122909434                              {pd product} {ergonomic}
    uintx ProfiledCodeHeapSize                     = 122909434                              {pd product} {ergonomic}
    uintx ReservedCodeCacheSize                    = 251658240                              {pd product} {ergonomic}
     bool SegmentedCodeCache                       = true                                      {product} {ergonomic}
     bool ShowCodeDetailsInExceptionMessages       = true                                   {manageable} {command line}
   size_t SoftMaxHeapSize                          = 2061500416                             {manageable} {ergonomic}
     bool UseCompressedClassPointers               = true                           {product lp64_product} {ergonomic}
     bool UseCompressedOops                        = true                           {product lp64_product} {ergonomic}
     bool UseG1GC                                  = true                                      {product} {ergonomic}
     bool UseLargePagesIndividualAllocation        = false                                  {pd product} {ergonomic}

Logging:
Log output configuration:
 #0: stdout all=warning uptime,level,tags
 #1: stderr all=off uptime,level,tags

Environment Variables:
JAVA_HOME=C:\Program Files\Eclipse Adoptium\jdk-17.0.12.7-hotspot\
PATH=C:\Program Files\Eclipse Adoptium\jdk-17.0.12.7-hotspot\bin;C:\WINDOWS\system32;C:\WINDOWS;C:\WINDOWS\System32\Wbem;C:\WINDOWS\System32\WindowsPowerShell\v1.0\;C:\WINDOWS\System32\OpenSSH\;C:\MinGW\bin;;C:\Program Files (x86)\NVIDIA Corporation\PhysX\Common;C:\Program Files\dotnet\;%SystemRoot%\system32;%SystemRoot%;%SystemRoot%\System32\Wbem;%SYSTEMROOT%\System32\WindowsPowerShell\v1.0\;%SYSTEMROOT%\System32\OpenSSH\;C:\Users\soura\AppData\Local\Programs\Python\Python312\Scripts\;C:\Users\soura\AppData\Local\Programs\Python\Python312\;C:\Users\soura\AppData\Local\Microsoft\WindowsApps;;C:\Users\soura\AppData\Local\Programs\Microsoft VS Code\bin
USERNAME=soura
LANG=en_US.UTF-8
OS=Windows_NT
PROCESSOR_IDENTIFIER=Intel64 Family 6 Model 154 Stepping 4, GenuineIntel
TMP=C:\Users\soura\AppData\Local\Temp
TEMP=C:\Users\soura\AppData\Local\Temp



Periodic native trim disabled


---------------  S Y S T E M  ---------------

OS:
 Windows 11 , 64 bit Build 26100 (10.0.26100.2454)
OS uptime: 1 days 4:57 hours
Hyper-V role detected

CPU: total 12 (initial active 12) (6 cores per cpu, 2 threads per core) family 6 model 154 stepping 4 microcode 0x42c, cx8, cmov, fxsr, ht, mmx, 3dnowpref, sse, sse2, sse3, ssse3, sse4.1, sse4.2, popcnt, lzcnt, tsc, tscinvbit, avx, avx2, aes, erms, clmul, bmi1, bmi2, adx, sha, fma, vzeroupper, clflush, clflushopt, clwb, hv
Processor Information for processor 0
  Max Mhz: 1300, Current Mhz: 1300, Mhz Limit: 1300
Processor Information for processor 1
  Max Mhz: 1300, Current Mhz: 1300, Mhz Limit: 1300
Processor Information for processor 2
  Max Mhz: 1300, Current Mhz: 1300, Mhz Limit: 1300
Processor Information for processor 3
  Max Mhz: 1300, Current Mhz: 1300, Mhz Limit: 1300
Processor Information for processor 4
  Max Mhz: 1300, Current Mhz: 900, Mhz Limit: 897
Processor Information for processor 5
  Max Mhz: 1300, Current Mhz: 900, Mhz Limit: 897
Processor Information for processor 6
  Max Mhz: 1300, Current Mhz: 900, Mhz Limit: 897
Processor Information for processor 7
  Max Mhz: 1300, Current Mhz: 900, Mhz Limit: 897
Processor Information for processor 8
  Max Mhz: 1300, Current Mhz: 900, Mhz Limit: 897
Processor Information for processor 9
  Max Mhz: 1300, Current Mhz: 900, Mhz Limit: 897
Processor Information for processor 10
  Max Mhz: 1300, Current Mhz: 900, Mhz Limit: 897
Processor Information for processor 11
  Max Mhz: 1300, Current Mhz: 900, Mhz Limit: 897

Memory: 4k page, system-wide physical 7863M (645M free)
TotalPageFile size 22762M (AvailPageFile size 93M)
current process WorkingSet (physical memory assigned to process): 269M, peak: 269M
current process commit charge ("private bytes"): 484M, peak: 675M

vm_info: OpenJDK 64-Bit Server VM (17.0.12+7) for windows-amd64 JRE (17.0.12+7), built on Jul 16 2024 22:08:24 by "admin" with MS VC++ 16.10 / 16.11 (VS2019)

END.
