#
# There is insufficient memory for the Java Runtime Environment to continue.
# Native memory allocation (mmap) failed to map 409993216 bytes. Error detail: G1 virtual space
# Possible reasons:
#   The system is out of physical RAM or swap space
#   This process is running with CompressedOops enabled, and the Java Heap may be blocking the growth of the native heap
# Possible solutions:
#   Reduce memory load on the system
#   Increase physical memory or swap space
#   Check if swap backing store is full
#   Decrease Java heap size (-Xmx/-Xms)
#   Decrease number of Java threads
#   Decrease Java thread stack sizes (-Xss)
#   Set larger code cache with -XX:ReservedCodeCacheSize=
#   JVM is running with Unscaled Compressed Oops mode in which the Java heap is
#     placed in the first 4GB address space. The Java Heap base address is the
#     maximum limit for the native heap growth. Please use -XX:HeapBaseMinAddress
#     to set the Java Heap base and to place the Java Heap above 4GB virtual address.
# This output file may be truncated or incomplete.
#
#  Out of Memory Error (os_windows.cpp:3613), pid=17336, tid=192
#
# JRE version: OpenJDK Runtime Environment Temurin-17.0.12+7 (17.0.12+7) (build 17.0.12+7)
# Java VM: OpenJDK 64-Bit Server VM Temurin-17.0.12+7 (17.0.12+7, mixed mode, sharing, tiered, compressed oops, compressed class ptrs, g1 gc, windows-amd64)
# No core dump will be written. Minidumps are not enabled by default on client versions of Windows
#

---------------  S U M M A R Y ------------

Command Line: --module-path=E:/openjfx-17.0.13_windows-x64_bin-sdk/javafx-sdk-17.0.13/lib --add-modules=javafx.controls,javafx.fxml -XX:+ShowCodeDetailsInExceptionMessages App

Host: 12th Gen Intel(R) Core(TM) i5-1235U, 12 cores, 7G,  Windows 11 , 64 bit Build 26100 (10.0.26100.2454)
Time: Thu Dec 19 19:48:22 2024 Bangladesh Standard Time elapsed time: 2.732952 seconds (0d 0h 0m 2s)

---------------  T H R E A D  ---------------

Current thread (0x000001dfe554dfd0):  VMThread "VM Thread" [stack: 0x00000065aa700000,0x00000065aa800000] [id=192]

Stack: [0x00000065aa700000,0x00000065aa800000]
Native frames: (J=compiled Java code, j=interpreted, Vv=VM code, C=native code)
V  [jvm.dll+0x67f929]
V  [jvm.dll+0x8371ba]
V  [jvm.dll+0x838c7e]
V  [jvm.dll+0x8392e3]
V  [jvm.dll+0x24834f]
V  [jvm.dll+0x67c6e9]
V  [jvm.dll+0x6711aa]
V  [jvm.dll+0x307f7b]
V  [jvm.dll+0x30f476]
V  [jvm.dll+0x35f63e]
V  [jvm.dll+0x35f87f]
V  [jvm.dll+0x2def9c]
V  [jvm.dll+0x2dd35f]
V  [jvm.dll+0x2dca8c]
V  [jvm.dll+0x320491]
V  [jvm.dll+0x83d7dd]
V  [jvm.dll+0x83e522]
V  [jvm.dll+0x83ea4f]
V  [jvm.dll+0x83ee34]
V  [jvm.dll+0x83ef00]
V  [jvm.dll+0x7e65dc]
V  [jvm.dll+0x67e7f7]
C  [ucrtbase.dll+0x14ea0]
C  [KERNEL32.DLL+0x2e8d7]
C  [ntdll.dll+0xdfbcc]

VM_Operation (0x00000065ab6fc870): G1TryInitiateConcMark, mode: safepoint, requested by thread 0x000001dfea742220


---------------  P R O C E S S  ---------------

Threads class SMR info:
_java_thread_list=0x000001dff4009470, length=19, elements={
0x000001dfc538e7e0, 0x000001dfe5554980, 0x000001dfe5555340, 0x000001dfe556de70,
0x000001dfe556e830, 0x000001dfe556f1f0, 0x000001dfe5570bc0, 0x000001dfe5573b90,
0x000001dfe5574250, 0x000001dfe5574860, 0x000001dfea0fe250, 0x000001dfea4c9cb0,
0x000001dfea742220, 0x000001dfeb123d20, 0x000001dfeb12ab80, 0x000001dfeb2c4be0,
0x000001dfeb38eb20, 0x000001dff46eef10, 0x000001dfebabce80
}

Java Threads: ( => current thread )
  0x000001dfc538e7e0 JavaThread "main" [_thread_blocked, id=4164, stack(0x00000065aa100000,0x00000065aa200000)]
  0x000001dfe5554980 JavaThread "Reference Handler" daemon [_thread_blocked, id=19416, stack(0x00000065aa800000,0x00000065aa900000)]
  0x000001dfe5555340 JavaThread "Finalizer" daemon [_thread_blocked, id=18520, stack(0x00000065aa900000,0x00000065aaa00000)]
  0x000001dfe556de70 JavaThread "Signal Dispatcher" daemon [_thread_blocked, id=10368, stack(0x00000065aaa00000,0x00000065aab00000)]
  0x000001dfe556e830 JavaThread "Attach Listener" daemon [_thread_blocked, id=18548, stack(0x00000065aab00000,0x00000065aac00000)]
  0x000001dfe556f1f0 JavaThread "Service Thread" daemon [_thread_blocked, id=10988, stack(0x00000065aac00000,0x00000065aad00000)]
  0x000001dfe5570bc0 JavaThread "Monitor Deflation Thread" daemon [_thread_blocked, id=5172, stack(0x00000065aad00000,0x00000065aae00000)]
  0x000001dfe5573b90 JavaThread "C2 CompilerThread0" daemon [_thread_blocked, id=12736, stack(0x00000065aae00000,0x00000065aaf00000)]
  0x000001dfe5574250 JavaThread "C1 CompilerThread0" daemon [_thread_blocked, id=16388, stack(0x00000065aaf00000,0x00000065ab000000)]
  0x000001dfe5574860 JavaThread "Sweeper thread" daemon [_thread_blocked, id=13780, stack(0x00000065ab000000,0x00000065ab100000)]
  0x000001dfea0fe250 JavaThread "Common-Cleaner" daemon [_thread_blocked, id=7196, stack(0x00000065ab100000,0x00000065ab200000)]
  0x000001dfea4c9cb0 JavaThread "Notification Thread" daemon [_thread_blocked, id=10472, stack(0x00000065ab400000,0x00000065ab500000)]
  0x000001dfea742220 JavaThread "QuantumRenderer-0" daemon [_thread_blocked, id=19160, stack(0x00000065ab600000,0x00000065ab700000)]
  0x000001dfeb123d20 JavaThread "InvokeLaterDispatcher" daemon [_thread_blocked, id=6848, stack(0x00000065abb00000,0x00000065abc00000)]
  0x000001dfeb12ab80 JavaThread "JavaFX Application Thread" [_thread_blocked, id=14284, stack(0x00000065abc00000,0x00000065abd00000)]
  0x000001dfeb2c4be0 JavaThread "JavaFX-Launcher" [_thread_blocked, id=7788, stack(0x00000065abd00000,0x00000065abe00000)]
  0x000001dfeb38eb20 JavaThread "Thread-2" daemon [_thread_blocked, id=17480, stack(0x00000065ab200000,0x00000065ab300000)]
  0x000001dff46eef10 JavaThread "Prism Font Disposer" daemon [_thread_blocked, id=1232, stack(0x00000065acf00000,0x00000065ad000000)]
  0x000001dfebabce80 JavaThread "Cleaner-0" daemon [_thread_blocked, id=11092, stack(0x00000065abe00000,0x00000065abf00000)]

Other Threads:
=>0x000001dfe554dfd0 VMThread "VM Thread" [stack: 0x00000065aa700000,0x00000065aa800000] [id=192]
  0x000001dfea253890 WatcherThread [stack: 0x00000065ab500000,0x00000065ab600000] [id=18936]
  0x000001dfc75ff9f0 GCTaskThread "GC Thread#0" [stack: 0x00000065aa200000,0x00000065aa300000] [id=19028]
  0x000001dfeb4e6880 GCTaskThread "GC Thread#1" [stack: 0x00000065abf00000,0x00000065ac000000] [id=7936]
  0x000001dfeb4b60b0 GCTaskThread "GC Thread#2" [stack: 0x00000065ac000000,0x00000065ac100000] [id=18704]
  0x000001dfeb4b6370 GCTaskThread "GC Thread#3" [stack: 0x00000065ac100000,0x00000065ac200000] [id=16584]
  0x000001dfeb4b6630 GCTaskThread "GC Thread#4" [stack: 0x00000065ac200000,0x00000065ac300000] [id=17116]
  0x000001dfeb2c5850 GCTaskThread "GC Thread#5" [stack: 0x00000065ac300000,0x00000065ac400000] [id=17016]
  0x000001dfeac49730 GCTaskThread "GC Thread#6" [stack: 0x00000065ac400000,0x00000065ac500000] [id=17216]
  0x000001dfeb71f9f0 GCTaskThread "GC Thread#7" [stack: 0x00000065ac700000,0x00000065ac800000] [id=15072]
  0x000001dff3c03cf0 GCTaskThread "GC Thread#8" [stack: 0x00000065ac800000,0x00000065ac900000] [id=5312]
  0x000001dfebad72e0 GCTaskThread "GC Thread#9" [stack: 0x00000065ace00000,0x00000065acf00000] [id=14244]
  0x000001dfc760ff00 ConcurrentGCThread "G1 Main Marker" [stack: 0x00000065aa300000,0x00000065aa400000] [id=14548]
  0x000001dfc7610920 ConcurrentGCThread "G1 Conc#0" [stack: 0x00000065aa400000,0x00000065aa500000] [id=19112]
  0x000001dff3ad9c80 ConcurrentGCThread "G1 Conc#1" [stack: 0x00000065ac900000,0x00000065aca00000] [id=13556]
  0x000001dff3c030c0 ConcurrentGCThread "G1 Conc#2" [stack: 0x00000065aca00000,0x00000065acb00000] [id=2880]
  0x000001dfc7656990 ConcurrentGCThread "G1 Refine#0" [stack: 0x00000065aa500000,0x00000065aa600000] [id=19444]
  0x000001dfeb7b1d40 ConcurrentGCThread "G1 Refine#1" [stack: 0x00000065ac500000,0x00000065ac600000] [id=17876]
  0x000001dfeb78d600 ConcurrentGCThread "G1 Refine#2" [stack: 0x00000065ac600000,0x00000065ac700000] [id=18428]
  0x000001dfc7659170 ConcurrentGCThread "G1 Service" [stack: 0x00000065aa600000,0x00000065aa700000] [id=12940]

Threads with active compile tasks:

VM state: at safepoint (normal execution)

VM Mutex/Monitor currently owned by a thread:  ([mutex/lock_event])
[0x000001dfc538a480] Threads_lock - owner thread: 0x000001dfe554dfd0
[0x000001dfc538b3b0] Heap_lock - owner thread: 0x000001dfea742220

Heap address: 0x0000000085200000, size: 1966 MB, Compressed Oops mode: 32-bit

CDS archive(s) mapped at: [0x000001df80000000-0x000001df80bb0000-0x000001df80bb0000), size 12255232, SharedBaseAddress: 0x000001df80000000, ArchiveRelocationMode: 1.
Compressed class space mapped at: 0x000001df81000000-0x000001dfc1000000, reserved size: 1073741824
Narrow klass base: 0x000001df80000000, Narrow klass shift: 0, Narrow klass range: 0x100000000

GC Precious Log:
 CPUs: 12 total, 12 available
 Memory: 7863M
 Large Page Support: Disabled
 NUMA Support: Disabled
 Compressed Oops: Enabled (32-bit)
 Heap Region Size: 1M
 Heap Min Capacity: 8M
 Heap Initial Capacity: 124M
 Heap Max Capacity: 1966M
 Pre-touch: Disabled
 Parallel Workers: 10
 Concurrent Workers: 3
 Concurrent Refinement Workers: 10
 Periodic GC: Disabled

Heap:
 garbage-first heap   total 201728K, used 185993K [0x0000000085200000, 0x0000000100000000)
  region size 1024K, 2 young (2048K), 2 survivors (2048K)
 Metaspace       used 14613K, committed 14848K, reserved 1114112K
  class space    used 2195K, committed 2304K, reserved 1048576K

Heap Regions: E=young(eden), S=young(survivor), O=old, HS=humongous(starts), HC=humongous(continues), CS=collection set, F=free, OA=open archive, CA=closed archive, TAMS=top-at-mark-start (previous, next)
|   0|0x0000000085200000, 0x0000000085300000, 0x0000000085300000|100%| O|  |TAMS 0x0000000085300000, 0x0000000085300000| Untracked 
|   1|0x0000000085300000, 0x0000000085400000, 0x0000000085400000|100%|HS|  |TAMS 0x0000000085400000, 0x0000000085400000| Complete 
|   2|0x0000000085400000, 0x0000000085500000, 0x0000000085500000|100%|HC|  |TAMS 0x0000000085500000, 0x0000000085500000| Complete 
|   3|0x0000000085500000, 0x0000000085600000, 0x0000000085600000|100%|HC|  |TAMS 0x0000000085600000, 0x0000000085600000| Complete 
|   4|0x0000000085600000, 0x0000000085700000, 0x0000000085700000|100%|HC|  |TAMS 0x0000000085700000, 0x0000000085700000| Complete 
|   5|0x0000000085700000, 0x0000000085800000, 0x0000000085800000|100%|HS|  |TAMS 0x0000000085800000, 0x0000000085800000| Complete 
|   6|0x0000000085800000, 0x0000000085900000, 0x0000000085900000|100%|HC|  |TAMS 0x0000000085900000, 0x0000000085900000| Complete 
|   7|0x0000000085900000, 0x0000000085a00000, 0x0000000085a00000|100%|HS|  |TAMS 0x0000000085a00000, 0x0000000085a00000| Complete 
|   8|0x0000000085a00000, 0x0000000085b00000, 0x0000000085b00000|100%|HC|  |TAMS 0x0000000085b00000, 0x0000000085b00000| Complete 
|   9|0x0000000085b00000, 0x0000000085c00000, 0x0000000085c00000|100%|HS|  |TAMS 0x0000000085c00000, 0x0000000085c00000| Complete 
|  10|0x0000000085c00000, 0x0000000085d00000, 0x0000000085d00000|100%|HC|  |TAMS 0x0000000085d00000, 0x0000000085d00000| Complete 
|  11|0x0000000085d00000, 0x0000000085e00000, 0x0000000085e00000|100%|HS|  |TAMS 0x0000000085e00000, 0x0000000085e00000| Complete 
|  12|0x0000000085e00000, 0x0000000085f00000, 0x0000000085f00000|100%|HC|  |TAMS 0x0000000085f00000, 0x0000000085f00000| Complete 
|  13|0x0000000085f00000, 0x0000000086000000, 0x0000000086000000|100%|HS|  |TAMS 0x0000000086000000, 0x0000000086000000| Complete 
|  14|0x0000000086000000, 0x0000000086100000, 0x0000000086100000|100%|HC|  |TAMS 0x0000000086100000, 0x0000000086100000| Complete 
|  15|0x0000000086100000, 0x0000000086200000, 0x0000000086200000|100%|HS|  |TAMS 0x0000000086200000, 0x0000000086200000| Complete 
|  16|0x0000000086200000, 0x0000000086300000, 0x0000000086300000|100%|HC|  |TAMS 0x0000000086300000, 0x0000000086300000| Complete 
|  17|0x0000000086300000, 0x0000000086400000, 0x0000000086400000|100%|HS|  |TAMS 0x0000000086400000, 0x0000000086400000| Complete 
|  18|0x0000000086400000, 0x0000000086500000, 0x0000000086500000|100%|HC|  |TAMS 0x0000000086500000, 0x0000000086500000| Complete 
|  19|0x0000000086500000, 0x0000000086600000, 0x0000000086600000|100%|HS|  |TAMS 0x0000000086600000, 0x0000000086600000| Complete 
|  20|0x0000000086600000, 0x0000000086700000, 0x0000000086700000|100%|HC|  |TAMS 0x0000000086700000, 0x0000000086700000| Complete 
|  21|0x0000000086700000, 0x0000000086800000, 0x0000000086800000|100%|HS|  |TAMS 0x0000000086800000, 0x0000000086800000| Complete 
|  22|0x0000000086800000, 0x0000000086900000, 0x0000000086900000|100%|HC|  |TAMS 0x0000000086900000, 0x0000000086900000| Complete 
|  23|0x0000000086900000, 0x0000000086a00000, 0x0000000086a00000|100%|HS|  |TAMS 0x0000000086a00000, 0x0000000086a00000| Complete 
|  24|0x0000000086a00000, 0x0000000086b00000, 0x0000000086b00000|100%|HC|  |TAMS 0x0000000086b00000, 0x0000000086b00000| Complete 
|  25|0x0000000086b00000, 0x0000000086c00000, 0x0000000086c00000|100%|HS|  |TAMS 0x0000000086c00000, 0x0000000086c00000| Complete 
|  26|0x0000000086c00000, 0x0000000086d00000, 0x0000000086d00000|100%|HC|  |TAMS 0x0000000086d00000, 0x0000000086d00000| Complete 
|  27|0x0000000086d00000, 0x0000000086e00000, 0x0000000086e00000|100%|HS|  |TAMS 0x0000000086e00000, 0x0000000086e00000| Complete 
|  28|0x0000000086e00000, 0x0000000086f00000, 0x0000000086f00000|100%|HC|  |TAMS 0x0000000086f00000, 0x0000000086f00000| Complete 
|  29|0x0000000086f00000, 0x0000000087000000, 0x0000000087000000|100%|HS|  |TAMS 0x0000000087000000, 0x0000000087000000| Complete 
|  30|0x0000000087000000, 0x0000000087100000, 0x0000000087100000|100%|HC|  |TAMS 0x0000000087100000, 0x0000000087100000| Complete 
|  31|0x0000000087100000, 0x0000000087200000, 0x0000000087200000|100%|HS|  |TAMS 0x0000000087200000, 0x0000000087200000| Complete 
|  32|0x0000000087200000, 0x0000000087300000, 0x0000000087300000|100%|HC|  |TAMS 0x0000000087300000, 0x0000000087300000| Complete 
|  33|0x0000000087300000, 0x0000000087400000, 0x0000000087400000|100%|HS|  |TAMS 0x0000000087400000, 0x0000000087400000| Complete 
|  34|0x0000000087400000, 0x0000000087500000, 0x0000000087500000|100%|HC|  |TAMS 0x0000000087500000, 0x0000000087500000| Complete 
|  35|0x0000000087500000, 0x0000000087600000, 0x0000000087600000|100%|HS|  |TAMS 0x0000000087600000, 0x0000000087600000| Complete 
|  36|0x0000000087600000, 0x0000000087700000, 0x0000000087700000|100%|HC|  |TAMS 0x0000000087700000, 0x0000000087700000| Complete 
|  37|0x0000000087700000, 0x0000000087800000, 0x0000000087800000|100%|HS|  |TAMS 0x0000000087800000, 0x0000000087800000| Complete 
|  38|0x0000000087800000, 0x0000000087900000, 0x0000000087900000|100%|HC|  |TAMS 0x0000000087900000, 0x0000000087900000| Complete 
|  39|0x0000000087900000, 0x0000000087a00000, 0x0000000087a00000|100%|HS|  |TAMS 0x0000000087a00000, 0x0000000087a00000| Complete 
|  40|0x0000000087a00000, 0x0000000087b00000, 0x0000000087b00000|100%|HC|  |TAMS 0x0000000087b00000, 0x0000000087b00000| Complete 
|  41|0x0000000087b00000, 0x0000000087c00000, 0x0000000087c00000|100%|HS|  |TAMS 0x0000000087c00000, 0x0000000087c00000| Complete 
|  42|0x0000000087c00000, 0x0000000087d00000, 0x0000000087d00000|100%|HC|  |TAMS 0x0000000087d00000, 0x0000000087d00000| Complete 
|  43|0x0000000087d00000, 0x0000000087e00000, 0x0000000087e00000|100%|HS|  |TAMS 0x0000000087e00000, 0x0000000087e00000| Complete 
|  44|0x0000000087e00000, 0x0000000087f00000, 0x0000000087f00000|100%|HC|  |TAMS 0x0000000087f00000, 0x0000000087f00000| Complete 
|  45|0x0000000087f00000, 0x0000000088000000, 0x0000000088000000|100%|HS|  |TAMS 0x0000000088000000, 0x0000000088000000| Complete 
|  46|0x0000000088000000, 0x0000000088100000, 0x0000000088100000|100%|HC|  |TAMS 0x0000000088100000, 0x0000000088100000| Complete 
|  47|0x0000000088100000, 0x0000000088200000, 0x0000000088200000|100%|HS|  |TAMS 0x0000000088200000, 0x0000000088200000| Complete 
|  48|0x0000000088200000, 0x0000000088300000, 0x0000000088300000|100%|HC|  |TAMS 0x0000000088300000, 0x0000000088300000| Complete 
|  49|0x0000000088300000, 0x0000000088400000, 0x0000000088400000|100%|HS|  |TAMS 0x0000000088400000, 0x0000000088400000| Complete 
|  50|0x0000000088400000, 0x0000000088500000, 0x0000000088500000|100%|HC|  |TAMS 0x0000000088500000, 0x0000000088500000| Complete 
|  51|0x0000000088500000, 0x0000000088600000, 0x0000000088600000|100%|HS|  |TAMS 0x0000000088600000, 0x0000000088600000| Complete 
|  52|0x0000000088600000, 0x0000000088700000, 0x0000000088700000|100%|HC|  |TAMS 0x0000000088700000, 0x0000000088700000| Complete 
|  53|0x0000000088700000, 0x0000000088800000, 0x0000000088800000|100%|HS|  |TAMS 0x0000000088800000, 0x0000000088800000| Complete 
|  54|0x0000000088800000, 0x0000000088900000, 0x0000000088900000|100%|HC|  |TAMS 0x0000000088900000, 0x0000000088900000| Complete 
|  55|0x0000000088900000, 0x0000000088a00000, 0x0000000088a00000|100%|HS|  |TAMS 0x0000000088a00000, 0x0000000088a00000| Complete 
|  56|0x0000000088a00000, 0x0000000088b00000, 0x0000000088b00000|100%|HC|  |TAMS 0x0000000088b00000, 0x0000000088b00000| Complete 
|  57|0x0000000088b00000, 0x0000000088c00000, 0x0000000088c00000|100%| O|  |TAMS 0x0000000088c00000, 0x0000000088c00000| Untracked 
|  58|0x0000000088c00000, 0x0000000088d00000, 0x0000000088d00000|100%| O|  |TAMS 0x0000000088d00000, 0x0000000088d00000| Untracked 
|  59|0x0000000088d00000, 0x0000000088e00000, 0x0000000088e00000|100%| O|  |TAMS 0x0000000088e00000, 0x0000000088e00000| Untracked 
|  60|0x0000000088e00000, 0x0000000088f00000, 0x0000000088f00000|100%|HS|  |TAMS 0x0000000088f00000, 0x0000000088f00000| Complete 
|  61|0x0000000088f00000, 0x0000000089000000, 0x0000000089000000|100%|HC|  |TAMS 0x0000000089000000, 0x0000000089000000| Complete 
|  62|0x0000000089000000, 0x0000000089100000, 0x0000000089100000|100%|HS|  |TAMS 0x0000000089100000, 0x0000000089100000| Complete 
|  63|0x0000000089100000, 0x0000000089200000, 0x0000000089200000|100%|HC|  |TAMS 0x0000000089200000, 0x0000000089200000| Complete 
|  64|0x0000000089200000, 0x0000000089300000, 0x0000000089300000|100%|HS|  |TAMS 0x0000000089300000, 0x0000000089300000| Complete 
|  65|0x0000000089300000, 0x0000000089400000, 0x0000000089400000|100%|HC|  |TAMS 0x0000000089400000, 0x0000000089400000| Complete 
|  66|0x0000000089400000, 0x0000000089500000, 0x0000000089500000|100%|HS|  |TAMS 0x0000000089500000, 0x0000000089500000| Complete 
|  67|0x0000000089500000, 0x0000000089600000, 0x0000000089600000|100%|HC|  |TAMS 0x0000000089600000, 0x0000000089600000| Complete 
|  68|0x0000000089600000, 0x0000000089700000, 0x0000000089700000|100%|HS|  |TAMS 0x0000000089700000, 0x0000000089700000| Complete 
|  69|0x0000000089700000, 0x0000000089800000, 0x0000000089800000|100%|HC|  |TAMS 0x0000000089800000, 0x0000000089800000| Complete 
|  70|0x0000000089800000, 0x0000000089900000, 0x0000000089900000|100%|HS|  |TAMS 0x0000000089900000, 0x0000000089900000| Complete 
|  71|0x0000000089900000, 0x0000000089a00000, 0x0000000089a00000|100%|HC|  |TAMS 0x0000000089a00000, 0x0000000089a00000| Complete 
|  72|0x0000000089a00000, 0x0000000089b00000, 0x0000000089b00000|100%|HS|  |TAMS 0x0000000089b00000, 0x0000000089b00000| Complete 
|  73|0x0000000089b00000, 0x0000000089c00000, 0x0000000089c00000|100%|HC|  |TAMS 0x0000000089c00000, 0x0000000089c00000| Complete 
|  74|0x0000000089c00000, 0x0000000089d00000, 0x0000000089d00000|100%|HS|  |TAMS 0x0000000089d00000, 0x0000000089d00000| Complete 
|  75|0x0000000089d00000, 0x0000000089e00000, 0x0000000089e00000|100%|HC|  |TAMS 0x0000000089e00000, 0x0000000089e00000| Complete 
|  76|0x0000000089e00000, 0x0000000089e76c00, 0x0000000089f00000| 46%| O|  |TAMS 0x0000000089e00000, 0x0000000089e00000| Untracked 
|  77|0x0000000089f00000, 0x000000008a000000, 0x000000008a000000|100%| O|  |TAMS 0x0000000089fd5400, 0x000000008a000000| Untracked 
|  78|0x000000008a000000, 0x000000008a100000, 0x000000008a100000|100%|HS|  |TAMS 0x000000008a100000, 0x000000008a100000| Complete 
|  79|0x000000008a100000, 0x000000008a200000, 0x000000008a200000|100%|HC|  |TAMS 0x000000008a200000, 0x000000008a200000| Complete 
|  80|0x000000008a200000, 0x000000008a300000, 0x000000008a300000|100%|HS|  |TAMS 0x000000008a300000, 0x000000008a300000| Complete 
|  81|0x000000008a300000, 0x000000008a400000, 0x000000008a400000|100%|HC|  |TAMS 0x000000008a400000, 0x000000008a400000| Complete 
|  82|0x000000008a400000, 0x000000008a500000, 0x000000008a500000|100%|HS|  |TAMS 0x000000008a500000, 0x000000008a500000| Complete 
|  83|0x000000008a500000, 0x000000008a600000, 0x000000008a600000|100%|HC|  |TAMS 0x000000008a600000, 0x000000008a600000| Complete 
|  84|0x000000008a600000, 0x000000008a700000, 0x000000008a700000|100%|HS|  |TAMS 0x000000008a700000, 0x000000008a700000| Complete 
|  85|0x000000008a700000, 0x000000008a800000, 0x000000008a800000|100%|HC|  |TAMS 0x000000008a800000, 0x000000008a800000| Complete 
|  86|0x000000008a800000, 0x000000008a900000, 0x000000008a900000|100%|HS|  |TAMS 0x000000008a900000, 0x000000008a900000| Complete 
|  87|0x000000008a900000, 0x000000008aa00000, 0x000000008aa00000|100%|HC|  |TAMS 0x000000008aa00000, 0x000000008aa00000| Complete 
|  88|0x000000008aa00000, 0x000000008ab00000, 0x000000008ab00000|100%|HS|  |TAMS 0x000000008ab00000, 0x000000008ab00000| Complete 
|  89|0x000000008ab00000, 0x000000008ac00000, 0x000000008ac00000|100%|HC|  |TAMS 0x000000008ac00000, 0x000000008ac00000| Complete 
|  90|0x000000008ac00000, 0x000000008ad00000, 0x000000008ad00000|100%|HS|  |TAMS 0x000000008ac00000, 0x000000008ad00000| Complete 
|  91|0x000000008ad00000, 0x000000008ae00000, 0x000000008ae00000|100%|HC|  |TAMS 0x000000008ad00000, 0x000000008ae00000| Complete 
|  92|0x000000008ae00000, 0x000000008af00000, 0x000000008af00000|100%|HS|  |TAMS 0x000000008ae00000, 0x000000008af00000| Complete 
|  93|0x000000008af00000, 0x000000008b000000, 0x000000008b000000|100%|HC|  |TAMS 0x000000008af00000, 0x000000008b000000| Complete 
|  94|0x000000008b000000, 0x000000008b100000, 0x000000008b100000|100%|HS|  |TAMS 0x000000008b000000, 0x000000008b100000| Complete 
|  95|0x000000008b100000, 0x000000008b200000, 0x000000008b200000|100%|HC|  |TAMS 0x000000008b100000, 0x000000008b200000| Complete 
|  96|0x000000008b200000, 0x000000008b300000, 0x000000008b300000|100%|HS|  |TAMS 0x000000008b200000, 0x000000008b300000| Complete 
|  97|0x000000008b300000, 0x000000008b400000, 0x000000008b400000|100%|HC|  |TAMS 0x000000008b300000, 0x000000008b400000| Complete 
|  98|0x000000008b400000, 0x000000008b500000, 0x000000008b500000|100%|HS|  |TAMS 0x000000008b400000, 0x000000008b500000| Complete 
|  99|0x000000008b500000, 0x000000008b600000, 0x000000008b600000|100%|HC|  |TAMS 0x000000008b500000, 0x000000008b600000| Complete 
| 100|0x000000008b600000, 0x000000008b700000, 0x000000008b700000|100%|HS|  |TAMS 0x000000008b600000, 0x000000008b700000| Complete 
| 101|0x000000008b700000, 0x000000008b800000, 0x000000008b800000|100%|HC|  |TAMS 0x000000008b700000, 0x000000008b800000| Complete 
| 102|0x000000008b800000, 0x000000008b900000, 0x000000008b900000|100%|HS|  |TAMS 0x000000008b800000, 0x000000008b900000| Complete 
| 103|0x000000008b900000, 0x000000008ba00000, 0x000000008ba00000|100%|HC|  |TAMS 0x000000008b900000, 0x000000008ba00000| Complete 
| 104|0x000000008ba00000, 0x000000008bb00000, 0x000000008bb00000|100%|HS|  |TAMS 0x000000008ba00000, 0x000000008bb00000| Complete 
| 105|0x000000008bb00000, 0x000000008bc00000, 0x000000008bc00000|100%|HC|  |TAMS 0x000000008bb00000, 0x000000008bc00000| Complete 
| 106|0x000000008bc00000, 0x000000008bd00000, 0x000000008bd00000|100%|HS|  |TAMS 0x000000008bc00000, 0x000000008bd00000| Complete 
| 107|0x000000008bd00000, 0x000000008be00000, 0x000000008be00000|100%|HC|  |TAMS 0x000000008bd00000, 0x000000008be00000| Complete 
| 108|0x000000008be00000, 0x000000008bf00000, 0x000000008bf00000|100%|HS|  |TAMS 0x000000008be00000, 0x000000008bf00000| Complete 
| 109|0x000000008bf00000, 0x000000008c000000, 0x000000008c000000|100%|HC|  |TAMS 0x000000008bf00000, 0x000000008c000000| Complete 
| 110|0x000000008c000000, 0x000000008c100000, 0x000000008c100000|100%|HS|  |TAMS 0x000000008c000000, 0x000000008c100000| Complete 
| 111|0x000000008c100000, 0x000000008c200000, 0x000000008c200000|100%|HC|  |TAMS 0x000000008c100000, 0x000000008c200000| Complete 
| 112|0x000000008c200000, 0x000000008c300000, 0x000000008c300000|100%|HS|  |TAMS 0x000000008c200000, 0x000000008c300000| Complete 
| 113|0x000000008c300000, 0x000000008c400000, 0x000000008c400000|100%|HC|  |TAMS 0x000000008c300000, 0x000000008c400000| Complete 
| 114|0x000000008c400000, 0x000000008c500000, 0x000000008c500000|100%|HS|  |TAMS 0x000000008c400000, 0x000000008c500000| Complete 
| 115|0x000000008c500000, 0x000000008c600000, 0x000000008c600000|100%|HC|  |TAMS 0x000000008c500000, 0x000000008c600000| Complete 
| 116|0x000000008c600000, 0x000000008c700000, 0x000000008c700000|100%|HS|  |TAMS 0x000000008c600000, 0x000000008c700000| Complete 
| 117|0x000000008c700000, 0x000000008c800000, 0x000000008c800000|100%|HC|  |TAMS 0x000000008c700000, 0x000000008c800000| Complete 
| 118|0x000000008c800000, 0x000000008c900000, 0x000000008c900000|100%|HS|  |TAMS 0x000000008c800000, 0x000000008c900000| Complete 
| 119|0x000000008c900000, 0x000000008ca00000, 0x000000008ca00000|100%|HC|  |TAMS 0x000000008c900000, 0x000000008ca00000| Complete 
| 120|0x000000008ca00000, 0x000000008cb00000, 0x000000008cb00000|100%|HS|  |TAMS 0x000000008ca00000, 0x000000008cb00000| Complete 
| 121|0x000000008cb00000, 0x000000008cc00000, 0x000000008cc00000|100%|HC|  |TAMS 0x000000008cb00000, 0x000000008cc00000| Complete 
| 122|0x000000008cc00000, 0x000000008cd00000, 0x000000008cd00000|100%|HS|  |TAMS 0x000000008cc00000, 0x000000008cd00000| Complete 
| 123|0x000000008cd00000, 0x000000008ce00000, 0x000000008ce00000|100%|HC|  |TAMS 0x000000008cd00000, 0x000000008ce00000| Complete 
| 124|0x000000008ce00000, 0x000000008cf00000, 0x000000008cf00000|100%|HS|  |TAMS 0x000000008ce00000, 0x000000008cf00000| Complete 
| 125|0x000000008cf00000, 0x000000008d000000, 0x000000008d000000|100%|HC|  |TAMS 0x000000008cf00000, 0x000000008d000000| Complete 
| 126|0x000000008d000000, 0x000000008d100000, 0x000000008d100000|100%|HS|  |TAMS 0x000000008d000000, 0x000000008d100000| Complete 
| 127|0x000000008d100000, 0x000000008d200000, 0x000000008d200000|100%|HC|  |TAMS 0x000000008d100000, 0x000000008d200000| Complete 
| 128|0x000000008d200000, 0x000000008d300000, 0x000000008d300000|100%|HS|  |TAMS 0x000000008d200000, 0x000000008d300000| Complete 
| 129|0x000000008d300000, 0x000000008d400000, 0x000000008d400000|100%|HC|  |TAMS 0x000000008d300000, 0x000000008d400000| Complete 
| 130|0x000000008d400000, 0x000000008d500000, 0x000000008d500000|100%|HS|  |TAMS 0x000000008d400000, 0x000000008d500000| Complete 
| 131|0x000000008d500000, 0x000000008d600000, 0x000000008d600000|100%|HC|  |TAMS 0x000000008d500000, 0x000000008d600000| Complete 
| 132|0x000000008d600000, 0x000000008d700000, 0x000000008d700000|100%|HS|  |TAMS 0x000000008d600000, 0x000000008d700000| Complete 
| 133|0x000000008d700000, 0x000000008d800000, 0x000000008d800000|100%|HC|  |TAMS 0x000000008d700000, 0x000000008d800000| Complete 
| 134|0x000000008d800000, 0x000000008d900000, 0x000000008d900000|100%|HS|  |TAMS 0x000000008d800000, 0x000000008d900000| Complete 
| 135|0x000000008d900000, 0x000000008da00000, 0x000000008da00000|100%|HC|  |TAMS 0x000000008d900000, 0x000000008da00000| Complete 
| 136|0x000000008da00000, 0x000000008db00000, 0x000000008db00000|100%|HS|  |TAMS 0x000000008da00000, 0x000000008db00000| Complete 
| 137|0x000000008db00000, 0x000000008dc00000, 0x000000008dc00000|100%|HC|  |TAMS 0x000000008db00000, 0x000000008dc00000| Complete 
| 138|0x000000008dc00000, 0x000000008dd00000, 0x000000008dd00000|100%|HS|  |TAMS 0x000000008dc00000, 0x000000008dd00000| Complete 
| 139|0x000000008dd00000, 0x000000008de00000, 0x000000008de00000|100%|HC|  |TAMS 0x000000008dd00000, 0x000000008de00000| Complete 
| 140|0x000000008de00000, 0x000000008df00000, 0x000000008df00000|100%|HS|  |TAMS 0x000000008de00000, 0x000000008df00000| Complete 
| 141|0x000000008df00000, 0x000000008e000000, 0x000000008e000000|100%|HC|  |TAMS 0x000000008df00000, 0x000000008e000000| Complete 
| 142|0x000000008e000000, 0x000000008e100000, 0x000000008e100000|100%|HS|  |TAMS 0x000000008e000000, 0x000000008e100000| Complete 
| 143|0x000000008e100000, 0x000000008e200000, 0x000000008e200000|100%|HC|  |TAMS 0x000000008e100000, 0x000000008e200000| Complete 
| 144|0x000000008e200000, 0x000000008e300000, 0x000000008e300000|100%|HS|  |TAMS 0x000000008e200000, 0x000000008e300000| Complete 
| 145|0x000000008e300000, 0x000000008e400000, 0x000000008e400000|100%|HC|  |TAMS 0x000000008e300000, 0x000000008e400000| Complete 
| 146|0x000000008e400000, 0x000000008e500000, 0x000000008e500000|100%|HS|  |TAMS 0x000000008e400000, 0x000000008e500000| Complete 
| 147|0x000000008e500000, 0x000000008e600000, 0x000000008e600000|100%|HC|  |TAMS 0x000000008e500000, 0x000000008e600000| Complete 
| 148|0x000000008e600000, 0x000000008e700000, 0x000000008e700000|100%|HS|  |TAMS 0x000000008e600000, 0x000000008e700000| Complete 
| 149|0x000000008e700000, 0x000000008e800000, 0x000000008e800000|100%|HC|  |TAMS 0x000000008e700000, 0x000000008e800000| Complete 
| 150|0x000000008e800000, 0x000000008e900000, 0x000000008e900000|100%|HS|  |TAMS 0x000000008e800000, 0x000000008e900000| Complete 
| 151|0x000000008e900000, 0x000000008ea00000, 0x000000008ea00000|100%|HC|  |TAMS 0x000000008e900000, 0x000000008ea00000| Complete 
| 152|0x000000008ea00000, 0x000000008eb00000, 0x000000008eb00000|100%|HS|  |TAMS 0x000000008ea00000, 0x000000008eb00000| Complete 
| 153|0x000000008eb00000, 0x000000008ec00000, 0x000000008ec00000|100%|HC|  |TAMS 0x000000008eb00000, 0x000000008ec00000| Complete 
| 154|0x000000008ec00000, 0x000000008ed00000, 0x000000008ed00000|100%|HS|  |TAMS 0x000000008ec00000, 0x000000008ed00000| Complete 
| 155|0x000000008ed00000, 0x000000008ee00000, 0x000000008ee00000|100%|HC|  |TAMS 0x000000008ed00000, 0x000000008ee00000| Complete 
| 156|0x000000008ee00000, 0x000000008ef00000, 0x000000008ef00000|100%|HS|  |TAMS 0x000000008ee00000, 0x000000008ef00000| Complete 
| 157|0x000000008ef00000, 0x000000008f000000, 0x000000008f000000|100%|HC|  |TAMS 0x000000008ef00000, 0x000000008f000000| Complete 
| 158|0x000000008f000000, 0x000000008f100000, 0x000000008f100000|100%|HS|  |TAMS 0x000000008f000000, 0x000000008f100000| Complete 
| 159|0x000000008f100000, 0x000000008f200000, 0x000000008f200000|100%|HC|  |TAMS 0x000000008f100000, 0x000000008f200000| Complete 
| 160|0x000000008f200000, 0x000000008f300000, 0x000000008f300000|100%|HS|  |TAMS 0x000000008f200000, 0x000000008f300000| Complete 
| 161|0x000000008f300000, 0x000000008f400000, 0x000000008f400000|100%|HC|  |TAMS 0x000000008f300000, 0x000000008f400000| Complete 
| 162|0x000000008f400000, 0x000000008f500000, 0x000000008f500000|100%|HS|  |TAMS 0x000000008f400000, 0x000000008f500000| Complete 
| 163|0x000000008f500000, 0x000000008f600000, 0x000000008f600000|100%|HC|  |TAMS 0x000000008f500000, 0x000000008f600000| Complete 
| 164|0x000000008f600000, 0x000000008f700000, 0x000000008f700000|100%|HS|  |TAMS 0x000000008f600000, 0x000000008f700000| Complete 
| 165|0x000000008f700000, 0x000000008f800000, 0x000000008f800000|100%|HC|  |TAMS 0x000000008f700000, 0x000000008f800000| Complete 
| 166|0x000000008f800000, 0x000000008f900000, 0x000000008f900000|100%|HS|  |TAMS 0x000000008f800000, 0x000000008f900000| Complete 
| 167|0x000000008f900000, 0x000000008fa00000, 0x000000008fa00000|100%|HC|  |TAMS 0x000000008f900000, 0x000000008fa00000| Complete 
| 168|0x000000008fa00000, 0x000000008fb00000, 0x000000008fb00000|100%|HS|  |TAMS 0x000000008fa00000, 0x000000008fb00000| Complete 
| 169|0x000000008fb00000, 0x000000008fc00000, 0x000000008fc00000|100%|HC|  |TAMS 0x000000008fb00000, 0x000000008fc00000| Complete 
| 170|0x000000008fc00000, 0x000000008fd00000, 0x000000008fd00000|100%|HS|  |TAMS 0x000000008fc00000, 0x000000008fd00000| Complete 
| 171|0x000000008fd00000, 0x000000008fe00000, 0x000000008fe00000|100%|HC|  |TAMS 0x000000008fd00000, 0x000000008fe00000| Complete 
| 172|0x000000008fe00000, 0x000000008ff00000, 0x000000008ff00000|100%|HS|  |TAMS 0x000000008fe00000, 0x000000008ff00000| Complete 
| 173|0x000000008ff00000, 0x0000000090000000, 0x0000000090000000|100%|HC|  |TAMS 0x000000008ff00000, 0x0000000090000000| Complete 
| 174|0x0000000090000000, 0x0000000090100000, 0x0000000090100000|100%|HS|  |TAMS 0x0000000090000000, 0x0000000090100000| Complete 
| 175|0x0000000090100000, 0x0000000090200000, 0x0000000090200000|100%|HC|  |TAMS 0x0000000090100000, 0x0000000090200000| Complete 
| 176|0x0000000090200000, 0x0000000090300000, 0x0000000090300000|100%|HS|  |TAMS 0x0000000090200000, 0x0000000090300000| Complete 
| 177|0x0000000090300000, 0x0000000090400000, 0x0000000090400000|100%|HC|  |TAMS 0x0000000090300000, 0x0000000090400000| Complete 
| 178|0x0000000090400000, 0x0000000090500000, 0x0000000090500000|100%|HS|  |TAMS 0x0000000090400000, 0x0000000090500000| Complete 
| 179|0x0000000090500000, 0x0000000090600000, 0x0000000090600000|100%|HC|  |TAMS 0x0000000090500000, 0x0000000090600000| Complete 
| 180|0x0000000090600000, 0x0000000090700000, 0x0000000090700000|100%| O|  |TAMS 0x0000000090600000, 0x00000000906a8e00| Untracked 
| 181|0x0000000090700000, 0x0000000090700000, 0x0000000090800000|  0%| F|  |TAMS 0x0000000090700000, 0x0000000090700000| Untracked 
| 182|0x0000000090800000, 0x0000000090800000, 0x0000000090900000|  0%| F|  |TAMS 0x0000000090800000, 0x0000000090800000| Untracked 
| 183|0x0000000090900000, 0x0000000090900000, 0x0000000090a00000|  0%| F|  |TAMS 0x0000000090900000, 0x0000000090900000| Untracked 
| 184|0x0000000090a00000, 0x0000000090a00000, 0x0000000090b00000|  0%| F|  |TAMS 0x0000000090a00000, 0x0000000090a00000| Untracked 
| 185|0x0000000090b00000, 0x0000000090b00000, 0x0000000090c00000|  0%| F|  |TAMS 0x0000000090b00000, 0x0000000090b00000| Untracked 
| 186|0x0000000090c00000, 0x0000000090c00000, 0x0000000090d00000|  0%| F|  |TAMS 0x0000000090c00000, 0x0000000090c00000| Untracked 
| 187|0x0000000090d00000, 0x0000000090d00000, 0x0000000090e00000|  0%| F|  |TAMS 0x0000000090d00000, 0x0000000090d00000| Untracked 
| 188|0x0000000090e00000, 0x0000000090e00000, 0x0000000090f00000|  0%| F|  |TAMS 0x0000000090e00000, 0x0000000090e00000| Untracked 
| 189|0x0000000090f00000, 0x0000000090f00000, 0x0000000091000000|  0%| F|  |TAMS 0x0000000090f00000, 0x0000000090f00000| Untracked 
| 190|0x0000000091000000, 0x0000000091000000, 0x0000000091100000|  0%| F|  |TAMS 0x0000000091000000, 0x0000000091000000| Untracked 
| 191|0x0000000091100000, 0x0000000091100000, 0x0000000091200000|  0%| F|  |TAMS 0x0000000091100000, 0x0000000091100000| Untracked 
| 192|0x0000000091200000, 0x000000009122ba38, 0x0000000091300000| 17%| S|CS|TAMS 0x0000000091200000, 0x0000000091200000| Complete 
| 193|0x0000000091300000, 0x0000000091400000, 0x0000000091400000|100%| S|CS|TAMS 0x0000000091300000, 0x0000000091300000| Complete 
| 194|0x0000000091400000, 0x0000000091400000, 0x0000000091500000|  0%| F|  |TAMS 0x0000000091400000, 0x0000000091400000| Untracked 
| 195|0x0000000091500000, 0x0000000091500000, 0x0000000091600000|  0%| F|  |TAMS 0x0000000091500000, 0x0000000091500000| Untracked 
| 196|0x0000000091600000, 0x0000000091600000, 0x0000000091700000|  0%| F|  |TAMS 0x0000000091600000, 0x0000000091600000| Untracked 

Card table byte_map: [0x000001dfdea10000,0x000001dfdedf0000] _byte_map_base: 0x000001dfde5e7000

Marking Bits (Prev, Next): (CMBitMap*) 0x000001dfc7600050, (CMBitMap*) 0x000001dfc7600010
 Prev Bits: [0x000001dfe1090000, 0x000001dfe2f48000)
 Next Bits: [0x000001dfdf1d0000, 0x000001dfe1088000)

Polling page: 0x000001dfc5460000

Metaspace:

Usage:
  Non-class:     12.13 MB used.
      Class:      2.14 MB used.
       Both:     14.27 MB used.

Virtual space:
  Non-class space:       64.00 MB reserved,      12.25 MB ( 19%) committed,  1 nodes.
      Class space:        1.00 GB reserved,       2.25 MB ( <1%) committed,  1 nodes.
             Both:        1.06 GB reserved,      14.50 MB (  1%) committed. 

Chunk freelists:
   Non-Class:  3.53 MB
       Class:  13.59 MB
        Both:  17.13 MB

MaxMetaspaceSize: unlimited
CompressedClassSpaceSize: 1.00 GB
Initial GC threshold: 21.00 MB
Current GC threshold: 21.00 MB
CDS: on
MetaspaceReclaimPolicy: balanced
 - commit_granule_bytes: 65536.
 - commit_granule_words: 8192.
 - virtual_space_node_default_size: 8388608.
 - enlarge_chunks_in_place: 1.
 - new_chunks_are_fully_committed: 0.
 - uncommit_free_chunks: 1.
 - use_allocation_guard: 0.
 - handle_deallocations: 1.


Internal statistics:

num_allocs_failed_limit: 0.
num_arena_births: 180.
num_arena_deaths: 0.
num_vsnodes_births: 2.
num_vsnodes_deaths: 0.
num_space_committed: 232.
num_space_uncommitted: 0.
num_chunks_returned_to_freelist: 0.
num_chunks_taken_from_freelist: 667.
num_chunk_merges: 0.
num_chunk_splits: 446.
num_chunks_enlarged: 353.
num_inconsistent_stats: 0.

CodeHeap 'non-profiled nmethods': size=120000Kb used=743Kb max_used=743Kb free=119256Kb
 bounds [0x000001dfd6bb0000, 0x000001dfd6e20000, 0x000001dfde0e0000]
CodeHeap 'profiled nmethods': size=120000Kb used=2996Kb max_used=2996Kb free=117004Kb
 bounds [0x000001dfcf0e0000, 0x000001dfcf3d0000, 0x000001dfd6610000]
CodeHeap 'non-nmethods': size=5760Kb used=1423Kb max_used=1438Kb free=4336Kb
 bounds [0x000001dfd6610000, 0x000001dfd6880000, 0x000001dfd6bb0000]
 total_blobs=2577 nmethods=1793 adapters=696
 compilation: enabled
              stopped_count=0, restarted_count=0
 full_count=0

Compilation events (20 events):
Event: 1.549 Thread 0x000001dfe5574250 1781       3       java.lang.invoke.ClassSpecializer$SpeciesData::transformHelper (56 bytes)
Event: 1.550 Thread 0x000001dfe5574250 nmethod 1781 0x000001dfcf3c6190 code [0x000001dfcf3c6420, 0x000001dfcf3c7488]
Event: 1.551 Thread 0x000001dfe5574250 1782       3       java.lang.invoke.Invokers::maybeCustomize (5 bytes)
Event: 1.551 Thread 0x000001dfe5574250 nmethod 1782 0x000001dfcf3c7910 code [0x000001dfcf3c7aa0, 0x000001dfcf3c7c48]
Event: 1.551 Thread 0x000001dfe5574250 1783       3       java.lang.invoke.MethodHandle::maybeCustomize (38 bytes)
Event: 1.551 Thread 0x000001dfe5573b90 1786       4       java.util.ImmutableCollections$ListN::get (7 bytes)
Event: 1.551 Thread 0x000001dfe5574250 nmethod 1783 0x000001dfcf3c7d10 code [0x000001dfcf3c7ee0, 0x000001dfcf3c83c8]
Event: 1.551 Thread 0x000001dfe5574250 1789       3       java.lang.invoke.MethodHandle::intrinsicName (4 bytes)
Event: 1.552 Thread 0x000001dfe5574250 nmethod 1789 0x000001dfcf3c8590 code [0x000001dfcf3c8720, 0x000001dfcf3c8838]
Event: 1.553 Thread 0x000001dfe5574250 1790       3       java.lang.invoke.BoundMethodHandle$SpeciesData::extendWith (62 bytes)
Event: 1.553 Thread 0x000001dfe5573b90 nmethod 1786 0x000001dfd6c68890 code [0x000001dfd6c68a00, 0x000001dfd6c68ab8]
Event: 1.553 Thread 0x000001dfe5573b90 1791       4       java.lang.StringLatin1::toLowerCase (186 bytes)
Event: 1.553 Thread 0x000001dfe5574250 nmethod 1790 0x000001dfcf3c8910 code [0x000001dfcf3c8b80, 0x000001dfcf3c9618]
Event: 1.553 Thread 0x000001dfe5574250 1785       3       java.lang.invoke.BoundMethodHandle$Species_L::speciesData (4 bytes)
Event: 1.553 Thread 0x000001dfe5574250 nmethod 1785 0x000001dfcf3c9990 code [0x000001dfcf3c9b20, 0x000001dfcf3c9c38]
Event: 1.560 Thread 0x000001dfe5574250 1792   !   3       java.lang.invoke.MethodHandles$Lookup::canBeCached (150 bytes)
Event: 1.562 Thread 0x000001dfe5574250 nmethod 1792 0x000001dfcf3c9d10 code [0x000001dfcf3ca160, 0x000001dfcf3cc488]
Event: 1.564 Thread 0x000001dfe5573b90 nmethod 1791 0x000001dfd6c68b90 code [0x000001dfd6c68d40, 0x000001dfd6c69658]
Event: 1.564 Thread 0x000001dfe5573b90 1793       4       jdk.internal.org.objectweb.asm.ByteVector::put12 (64 bytes)
Event: 1.565 Thread 0x000001dfe5573b90 nmethod 1793 0x000001dfd6c69a90 code [0x000001dfd6c69c20, 0x000001dfd6c69dc8]

GC Heap History (19 events):
Event: 0.510 GC heap before
{Heap before GC invocations=0 (full 0):
 garbage-first heap   total 126976K, used 22528K [0x0000000085200000, 0x0000000100000000)
  region size 1024K, 23 young (23552K), 0 survivors (0K)
 Metaspace       used 5996K, committed 6208K, reserved 1114112K
  class space    used 726K, committed 832K, reserved 1048576K
}
Event: 0.515 GC heap after
{Heap after GC invocations=1 (full 0):
 garbage-first heap   total 126976K, used 3983K [0x0000000085200000, 0x0000000100000000)
  region size 1024K, 3 young (3072K), 3 survivors (3072K)
 Metaspace       used 5996K, committed 6208K, reserved 1114112K
  class space    used 726K, committed 832K, reserved 1048576K
}
Event: 0.790 GC heap before
{Heap before GC invocations=1 (full 0):
 garbage-first heap   total 126976K, used 71567K [0x0000000085200000, 0x0000000100000000)
  region size 1024K, 17 young (17408K), 3 survivors (3072K)
 Metaspace       used 8756K, committed 9024K, reserved 1114112K
  class space    used 1159K, committed 1280K, reserved 1048576K
}
Event: 0.793 GC heap after
{Heap after GC invocations=2 (full 0):
 garbage-first heap   total 126976K, used 61432K [0x0000000085200000, 0x0000000100000000)
  region size 1024K, 5 young (5120K), 5 survivors (5120K)
 Metaspace       used 8756K, committed 9024K, reserved 1114112K
  class space    used 1159K, committed 1280K, reserved 1048576K
}
Event: 0.795 GC heap before
{Heap before GC invocations=2 (full 0):
 garbage-first heap   total 126976K, used 63480K [0x0000000085200000, 0x0000000100000000)
  region size 1024K, 6 young (6144K), 5 survivors (5120K)
 Metaspace       used 8756K, committed 9024K, reserved 1114112K
  class space    used 1159K, committed 1280K, reserved 1048576K
}
Event: 0.799 GC heap after
{Heap after GC invocations=3 (full 0):
 garbage-first heap   total 126976K, used 63701K [0x0000000085200000, 0x0000000100000000)
  region size 1024K, 3 young (3072K), 3 survivors (3072K)
 Metaspace       used 8756K, committed 9024K, reserved 1114112K
  class space    used 1159K, committed 1280K, reserved 1048576K
}
Event: 0.807 GC heap before
{Heap before GC invocations=4 (full 0):
 garbage-first heap   total 126976K, used 71893K [0x0000000085200000, 0x0000000100000000)
  region size 1024K, 4 young (4096K), 3 survivors (3072K)
 Metaspace       used 8756K, committed 9024K, reserved 1114112K
  class space    used 1159K, committed 1280K, reserved 1048576K
}
Event: 0.810 GC heap after
{Heap after GC invocations=5 (full 0):
 garbage-first heap   total 126976K, used 71423K [0x0000000085200000, 0x0000000100000000)
  region size 1024K, 3 young (3072K), 3 survivors (3072K)
 Metaspace       used 8756K, committed 9024K, reserved 1114112K
  class space    used 1159K, committed 1280K, reserved 1048576K
}
Event: 0.816 GC heap before
{Heap before GC invocations=6 (full 0):
 garbage-first heap   total 133120K, used 79615K [0x0000000085200000, 0x0000000100000000)
  region size 1024K, 4 young (4096K), 3 survivors (3072K)
 Metaspace       used 8756K, committed 9024K, reserved 1114112K
  class space    used 1159K, committed 1280K, reserved 1048576K
}
Event: 0.819 GC heap after
{Heap after GC invocations=7 (full 0):
 garbage-first heap   total 201728K, used 79827K [0x0000000085200000, 0x0000000100000000)
  region size 1024K, 1 young (1024K), 1 survivors (1024K)
 Metaspace       used 8756K, committed 9024K, reserved 1114112K
  class space    used 1159K, committed 1280K, reserved 1048576K
}
Event: 0.823 GC heap before
{Heap before GC invocations=7 (full 0):
 garbage-first heap   total 201728K, used 90067K [0x0000000085200000, 0x0000000100000000)
  region size 1024K, 2 young (2048K), 1 survivors (1024K)
 Metaspace       used 8756K, committed 9024K, reserved 1114112K
  class space    used 1159K, committed 1280K, reserved 1048576K
}
Event: 0.824 GC heap after
{Heap after GC invocations=8 (full 0):
 garbage-first heap   total 201728K, used 89988K [0x0000000085200000, 0x0000000100000000)
  region size 1024K, 1 young (1024K), 1 survivors (1024K)
 Metaspace       used 8756K, committed 9024K, reserved 1114112K
  class space    used 1159K, committed 1280K, reserved 1048576K
}
Event: 0.825 GC heap before
{Heap before GC invocations=8 (full 0):
 garbage-first heap   total 201728K, used 92036K [0x0000000085200000, 0x0000000100000000)
  region size 1024K, 2 young (2048K), 1 survivors (1024K)
 Metaspace       used 8756K, committed 9024K, reserved 1114112K
  class space    used 1159K, committed 1280K, reserved 1048576K
}
Event: 0.826 GC heap after
{Heap after GC invocations=9 (full 0):
 garbage-first heap   total 201728K, used 92010K [0x0000000085200000, 0x0000000100000000)
  region size 1024K, 1 young (1024K), 1 survivors (1024K)
 Metaspace       used 8756K, committed 9024K, reserved 1114112K
  class space    used 1159K, committed 1280K, reserved 1048576K
}
Event: 1.239 GC heap before
{Heap before GC invocations=10 (full 0):
 garbage-first heap   total 201728K, used 197482K [0x0000000085200000, 0x0000000100000000)
  region size 1024K, 15 young (15360K), 1 survivors (1024K)
 Metaspace       used 11873K, committed 12160K, reserved 1114112K
  class space    used 1702K, committed 1856K, reserved 1048576K
}
Event: 1.241 GC heap after
{Heap after GC invocations=11 (full 0):
 garbage-first heap   total 201728K, used 184931K [0x0000000085200000, 0x0000000100000000)
  region size 1024K, 1 young (1024K), 1 survivors (1024K)
 Metaspace       used 11873K, committed 12160K, reserved 1114112K
  class space    used 1702K, committed 1856K, reserved 1048576K
}
Event: 1.389 GC heap before
{Heap before GC invocations=11 (full 0):
 garbage-first heap   total 201728K, used 192099K [0x0000000085200000, 0x0000000100000000)
  region size 1024K, 9 young (9216K), 1 survivors (1024K)
 Metaspace       used 13942K, committed 14208K, reserved 1114112K
  class space    used 2125K, committed 2240K, reserved 1048576K
}
Event: 1.392 GC heap after
{Heap after GC invocations=12 (full 0):
 garbage-first heap   total 201728K, used 185385K [0x0000000085200000, 0x0000000100000000)
  region size 1024K, 2 young (2048K), 2 survivors (2048K)
 Metaspace       used 13942K, committed 14208K, reserved 1114112K
  class space    used 2125K, committed 2240K, reserved 1048576K
}
Event: 1.565 GC heap before
{Heap before GC invocations=12 (full 0):
 garbage-first heap   total 201728K, used 187433K [0x0000000085200000, 0x0000000100000000)
  region size 1024K, 5 young (5120K), 2 survivors (2048K)
 Metaspace       used 14613K, committed 14848K, reserved 1114112K
  class space    used 2195K, committed 2304K, reserved 1048576K
}

Dll operation events (20 events):
Event: 0.188 Loaded shared library E:\openjfx-17.0.13_windows-x64_bin-sdk\javafx-sdk-17.0.13\bin\api-ms-win-crt-locale-l1-1-0.dll
Event: 0.188 Loaded shared library E:\openjfx-17.0.13_windows-x64_bin-sdk\javafx-sdk-17.0.13\bin\api-ms-win-crt-math-l1-1-0.dll
Event: 0.188 Loaded shared library E:\openjfx-17.0.13_windows-x64_bin-sdk\javafx-sdk-17.0.13\bin\api-ms-win-crt-multibyte-l1-1-0.dll
Event: 0.189 Loaded shared library E:\openjfx-17.0.13_windows-x64_bin-sdk\javafx-sdk-17.0.13\bin\api-ms-win-crt-private-l1-1-0.dll
Event: 0.189 Loaded shared library E:\openjfx-17.0.13_windows-x64_bin-sdk\javafx-sdk-17.0.13\bin\api-ms-win-crt-process-l1-1-0.dll
Event: 0.190 Loaded shared library E:\openjfx-17.0.13_windows-x64_bin-sdk\javafx-sdk-17.0.13\bin\api-ms-win-crt-runtime-l1-1-0.dll
Event: 0.190 Loaded shared library E:\openjfx-17.0.13_windows-x64_bin-sdk\javafx-sdk-17.0.13\bin\api-ms-win-crt-stdio-l1-1-0.dll
Event: 0.190 Loaded shared library E:\openjfx-17.0.13_windows-x64_bin-sdk\javafx-sdk-17.0.13\bin\api-ms-win-crt-string-l1-1-0.dll
Event: 0.191 Loaded shared library E:\openjfx-17.0.13_windows-x64_bin-sdk\javafx-sdk-17.0.13\bin\api-ms-win-crt-time-l1-1-0.dll
Event: 0.191 Loaded shared library E:\openjfx-17.0.13_windows-x64_bin-sdk\javafx-sdk-17.0.13\bin\api-ms-win-crt-utility-l1-1-0.dll
Event: 0.192 Loaded shared library E:\openjfx-17.0.13_windows-x64_bin-sdk\javafx-sdk-17.0.13\bin\ucrtbase.dll
Event: 0.192 Loaded shared library E:\openjfx-17.0.13_windows-x64_bin-sdk\javafx-sdk-17.0.13\bin\vcruntime140.dll
Event: 0.193 Loaded shared library E:\openjfx-17.0.13_windows-x64_bin-sdk\javafx-sdk-17.0.13\bin\vcruntime140_1.dll
Event: 0.193 Loaded shared library E:\openjfx-17.0.13_windows-x64_bin-sdk\javafx-sdk-17.0.13\bin\msvcp140.dll
Event: 0.194 Loaded shared library E:\openjfx-17.0.13_windows-x64_bin-sdk\javafx-sdk-17.0.13\bin\msvcp140_1.dll
Event: 0.195 Loaded shared library E:\openjfx-17.0.13_windows-x64_bin-sdk\javafx-sdk-17.0.13\bin\msvcp140_2.dll
Event: 0.226 Loaded shared library E:\openjfx-17.0.13_windows-x64_bin-sdk\javafx-sdk-17.0.13\bin\prism_d3d.dll
Event: 0.294 Loaded shared library E:\openjfx-17.0.13_windows-x64_bin-sdk\javafx-sdk-17.0.13\bin\glass.dll
Event: 0.402 Loaded shared library C:\Program Files\Eclipse Adoptium\jdk-17.0.12.7-hotspot\bin\jimage.dll
Event: 0.653 Loaded shared library E:\openjfx-17.0.13_windows-x64_bin-sdk\javafx-sdk-17.0.13\bin\javafx_font.dll

Deoptimization events (20 events):
Event: 1.175 Thread 0x000001dfeb12ab80 Uncommon trap: trap_request=0xffffffde fr.pc=0x000001dfd6bc1c24 relative=0x00000000000001a4
Event: 1.175 Thread 0x000001dfeb12ab80 Uncommon trap: reason=class_check action=maybe_recompile pc=0x000001dfd6bc1c24 method=java.lang.String.equals(Ljava/lang/Object;)Z @ 8 c2
Event: 1.175 Thread 0x000001dfeb12ab80 DEOPT PACKING pc=0x000001dfd6bc1c24 sp=0x00000065abcfd710
Event: 1.175 Thread 0x000001dfeb12ab80 DEOPT UNPACKING pc=0x000001dfd66669a3 sp=0x00000065abcfd6b8 mode 2
Event: 1.305 Thread 0x000001dfeb12ab80 Uncommon trap: trap_request=0xffffffde fr.pc=0x000001dfd6c5a134 relative=0x0000000000000114
Event: 1.305 Thread 0x000001dfeb12ab80 Uncommon trap: reason=class_check action=maybe_recompile pc=0x000001dfd6c5a134 method=jdk.internal.misc.Unsafe.allocateUninitializedArray(Ljava/lang/Class;I)Ljava/lang/Object; @ 51 c2
Event: 1.305 Thread 0x000001dfeb12ab80 DEOPT PACKING pc=0x000001dfd6c5a134 sp=0x00000065abcfc660
Event: 1.305 Thread 0x000001dfeb12ab80 DEOPT UNPACKING pc=0x000001dfd66669a3 sp=0x00000065abcfc5e8 mode 2
Event: 1.305 Thread 0x000001dfeb12ab80 Uncommon trap: trap_request=0xffffffde fr.pc=0x000001dfd6c5a134 relative=0x0000000000000114
Event: 1.305 Thread 0x000001dfeb12ab80 Uncommon trap: reason=class_check action=maybe_recompile pc=0x000001dfd6c5a134 method=jdk.internal.misc.Unsafe.allocateUninitializedArray(Ljava/lang/Class;I)Ljava/lang/Object; @ 51 c2
Event: 1.305 Thread 0x000001dfeb12ab80 DEOPT PACKING pc=0x000001dfd6c5a134 sp=0x00000065abcfc660
Event: 1.305 Thread 0x000001dfeb12ab80 DEOPT UNPACKING pc=0x000001dfd66669a3 sp=0x00000065abcfc5e8 mode 2
Event: 1.305 Thread 0x000001dfeb12ab80 Uncommon trap: trap_request=0xffffffde fr.pc=0x000001dfd6c5a134 relative=0x0000000000000114
Event: 1.305 Thread 0x000001dfeb12ab80 Uncommon trap: reason=class_check action=maybe_recompile pc=0x000001dfd6c5a134 method=jdk.internal.misc.Unsafe.allocateUninitializedArray(Ljava/lang/Class;I)Ljava/lang/Object; @ 51 c2
Event: 1.305 Thread 0x000001dfeb12ab80 DEOPT PACKING pc=0x000001dfd6c5a134 sp=0x00000065abcfc660
Event: 1.305 Thread 0x000001dfeb12ab80 DEOPT UNPACKING pc=0x000001dfd66669a3 sp=0x00000065abcfc5e8 mode 2
Event: 1.305 Thread 0x000001dfeb12ab80 Uncommon trap: trap_request=0xffffffde fr.pc=0x000001dfd6c5a134 relative=0x0000000000000114
Event: 1.305 Thread 0x000001dfeb12ab80 Uncommon trap: reason=class_check action=maybe_recompile pc=0x000001dfd6c5a134 method=jdk.internal.misc.Unsafe.allocateUninitializedArray(Ljava/lang/Class;I)Ljava/lang/Object; @ 51 c2
Event: 1.305 Thread 0x000001dfeb12ab80 DEOPT PACKING pc=0x000001dfd6c5a134 sp=0x00000065abcfc660
Event: 1.305 Thread 0x000001dfeb12ab80 DEOPT UNPACKING pc=0x000001dfd66669a3 sp=0x00000065abcfc5e8 mode 2

Classes loaded (20 events):
Event: 1.368 Loading class java/util/EnumMap$EnumMapIterator done
Event: 1.368 Loading class java/util/EnumMap$ValueIterator done
Event: 1.394 Loading class java/nio/DirectByteBuffer$Deallocator
Event: 1.395 Loading class java/nio/DirectByteBuffer$Deallocator done
Event: 1.395 Loading class java/nio/ShortBuffer
Event: 1.396 Loading class java/nio/ShortBuffer done
Event: 1.396 Loading class java/nio/DoubleBuffer
Event: 1.396 Loading class java/nio/DoubleBuffer done
Event: 1.396 Loading class java/nio/DirectFloatBufferU
Event: 1.396 Loading class java/nio/DirectFloatBufferU done
Event: 1.536 Loading class jdk/internal/ref/CleanerImpl$InnocuousThreadFactory
Event: 1.536 Loading class jdk/internal/ref/CleanerImpl$InnocuousThreadFactory done
Event: 1.545 Loading class jdk/internal/math/FDBigInteger
Event: 1.546 Loading class jdk/internal/math/FDBigInteger done
Event: 1.550 Loading class sun/misc/Unsafe
Event: 1.550 Loading class sun/misc/Unsafe done
Event: 1.551 Loading class jdk/internal/reflect/UnsafeQualifiedStaticObjectFieldAccessorImpl
Event: 1.551 Loading class jdk/internal/reflect/UnsafeQualifiedStaticFieldAccessorImpl
Event: 1.551 Loading class jdk/internal/reflect/UnsafeQualifiedStaticFieldAccessorImpl done
Event: 1.551 Loading class jdk/internal/reflect/UnsafeQualifiedStaticObjectFieldAccessorImpl done

Classes unloaded (0 events):
No events

Classes redefined (0 events):
No events

Internal exceptions (20 events):
Event: 0.709 Thread 0x000001dfeb12ab80 Exception <a 'java/lang/NoSuchMethodError'{0x000000008c5bdf78}: 'void java.lang.invoke.DirectMethodHandle$Holder.invokeStaticInit(java.lang.Object, java.lang.Object)'> (0x000000008c5bdf78) 
thrown [s\src\hotspot\share\interpreter\linkResolver.cpp, line 759]
Event: 0.719 Thread 0x000001dfeb12ab80 Exception <a 'java/lang/NoSuchMethodError'{0x000000008c440b30}: 'void java.lang.invoke.DirectMethodHandle$Holder.invokeSpecial(java.lang.Object, java.lang.Object, java.lang.Object, java.lang.Object, java.lang.Object)'> (0x000000008c440b30) 
thrown [s\src\hotspot\share\interpreter\linkResolver.cpp, line 759]
Event: 1.027 Thread 0x000001dfeb12ab80 Implicit null exception at 0x000001dfd6bce5d8 to 0x000001dfd6bce66e
Event: 1.033 Thread 0x000001dfeb12ab80 Implicit null exception at 0x000001dfd6c1748f to 0x000001dfd6c178a0
Event: 1.061 Thread 0x000001dfeb12ab80 Implicit null exception at 0x000001dfd6c12f8a to 0x000001dfd6c13394
Event: 1.062 Thread 0x000001dfeb12ab80 Implicit null exception at 0x000001dfd6bcb2af to 0x000001dfd6bcb470
Event: 1.145 Thread 0x000001dfeb12ab80 Exception <a 'java/io/FileNotFoundException'{0x0000000090c883b8}> (0x0000000090c883b8) 
thrown [s\src\hotspot\share\prims\jni.cpp, line 516]
Event: 1.216 Thread 0x000001dfeb12ab80 Exception <a 'java/lang/ClassNotFoundException'{0x0000000090979800}: com/sun/javafx/scene/control/skin/resources/controls> (0x0000000090979800) 
thrown [s\src\hotspot\share\prims\jni.cpp, line 535]
Event: 1.217 Thread 0x000001dfeb12ab80 Exception <a 'java/lang/ClassNotFoundException'{0x00000000909879e8}: com/sun/javafx/scene/control/skin/resources/controls_en> (0x00000000909879e8) 
thrown [s\src\hotspot\share\prims\jni.cpp, line 535]
Event: 1.217 Thread 0x000001dfeb12ab80 Exception <a 'java/lang/ClassNotFoundException'{0x0000000090989088}: com/sun/javafx/scene/control/skin/resources/controls_en_US> (0x0000000090989088) 
thrown [s\src\hotspot\share\prims\jni.cpp, line 535]
Event: 1.246 Thread 0x000001dfeb12ab80 Exception <a 'java/lang/NoSuchMethodError'{0x0000000091659520}: 'void java.lang.invoke.DirectMethodHandle$Holder.invokeSpecial(java.lang.Object, java.lang.Object, java.lang.Object, java.lang.Object, java.lang.Object, java.lang.Object)'> (0x0000000091659520) 
thrown [s\src\hotspot\share\interpreter\linkResolver.cpp, line 759]
Event: 1.268 Thread 0x000001dfeb12ab80 Exception <a 'java/lang/NoSuchMethodError'{0x00000000913501a0}: 'java.lang.Object java.lang.invoke.DirectMethodHandle$Holder.invokeInterface(java.lang.Object, java.lang.Object, java.lang.Object)'> (0x00000000913501a0) 
thrown [s\src\hotspot\share\interpreter\linkResolver.cpp, line 759]
Event: 1.268 Thread 0x000001dfeb12ab80 Exception <a 'java/lang/IncompatibleClassChangeError'{0x0000000091353d78}: Found class java.lang.Object, but interface was expected> (0x0000000091353d78) 
thrown [s\src\hotspot\share\interpreter\linkResolver.cpp, line 826]
Event: 1.312 Thread 0x000001dfeb12ab80 Exception <a 'java/lang/NoSuchMethodError'{0x000000009113ad40}: 'java.lang.Object java.lang.invoke.DirectMethodHandle$Holder.newInvokeSpecial(java.lang.Object, java.lang.Object, int)'> (0x000000009113ad40) 
thrown [s\src\hotspot\share\interpreter\linkResolver.cpp, line 759]
Event: 1.339 Thread 0x000001dfeb12ab80 Exception <a 'java/lang/NoSuchMethodError'{0x0000000091000b18}: 'long java.lang.invoke.DirectMethodHandle$Holder.invokeStatic(java.lang.Object, java.lang.Object, java.lang.Object)'> (0x0000000091000b18) 
thrown [s\src\hotspot\share\interpreter\linkResolver.cpp, line 759]
Event: 1.340 Thread 0x000001dfeb12ab80 Exception <a 'java/lang/NoSuchMethodError'{0x00000000910042c0}: 'long java.lang.invoke.DirectMethodHandle$Holder.invokeStaticInit(java.lang.Object, java.lang.Object, java.lang.Object)'> (0x00000000910042c0) 
thrown [s\src\hotspot\share\interpreter\linkResolver.cpp, line 759]
Event: 1.344 Thread 0x000001dfeb12ab80 Exception <a 'java/lang/NoSuchMethodError'{0x000000009101c098}: 'java.lang.Object java.lang.invoke.DirectMethodHandle$Holder.newInvokeSpecial(java.lang.Object, java.lang.Object, long)'> (0x000000009101c098) 
thrown [s\src\hotspot\share\interpreter\linkResolver.cpp, line 759]
Event: 1.344 Thread 0x000001dfeb12ab80 Exception <a 'java/lang/NoSuchMethodError'{0x000000009101fc08}: 'java.lang.Object java.lang.invoke.Invokers$Holder.linkToTargetMethod(java.lang.Object, long, java.lang.Object)'> (0x000000009101fc08) 
thrown [s\src\hotspot\share\interpreter\linkResolver.cpp, line 759]
Event: 1.367 Thread 0x000001dfea742220 Exception <a 'java/lang/NoSuchMethodError'{0x00000000910dc7a8}: 'int java.lang.invoke.DirectMethodHandle$Holder.invokeStaticInit(java.lang.Object, java.lang.Object)'> (0x00000000910dc7a8) 
thrown [s\src\hotspot\share\interpreter\linkResolver.cpp, line 759]
Event: 1.382 Thread 0x000001dfea742220 Exception <a 'java/lang/NoSuchMethodError'{0x0000000090f7f308}: 'java.lang.Object java.lang.invoke.DirectMethodHandle$Holder.invokeStaticInit(java.lang.Object, int)'> (0x0000000090f7f308) 
thrown [s\src\hotspot\share\interpreter\linkResolver.cpp, line 759]

VM Operations (20 events):
Event: 0.814 Executing VM operation: G1PauseRemark done
Event: 0.815 Executing VM operation: G1PauseCleanup
Event: 0.815 Executing VM operation: G1PauseCleanup done
Event: 0.816 Executing VM operation: G1TryInitiateConcMark
Event: 0.819 Executing VM operation: G1TryInitiateConcMark done
Event: 0.823 Executing VM operation: G1TryInitiateConcMark
Event: 0.824 Executing VM operation: G1TryInitiateConcMark done
Event: 0.825 Executing VM operation: G1TryInitiateConcMark
Event: 0.826 Executing VM operation: G1TryInitiateConcMark done
Event: 0.831 Executing VM operation: G1PauseRemark
Event: 0.831 Executing VM operation: G1PauseRemark done
Event: 0.833 Executing VM operation: G1PauseCleanup
Event: 0.833 Executing VM operation: G1PauseCleanup done
Event: 1.155 Executing VM operation: HandshakeAllThreads
Event: 1.155 Executing VM operation: HandshakeAllThreads done
Event: 1.239 Executing VM operation: G1CollectForAllocation
Event: 1.241 Executing VM operation: G1CollectForAllocation done
Event: 1.389 Executing VM operation: G1CollectForAllocation
Event: 1.392 Executing VM operation: G1CollectForAllocation done
Event: 1.565 Executing VM operation: G1TryInitiateConcMark

Events (20 events):
Event: 0.027 Thread 0x000001dfe556f1f0 Thread added: 0x000001dfe556f1f0
Event: 0.027 Thread 0x000001dfe5570bc0 Thread added: 0x000001dfe5570bc0
Event: 0.027 Thread 0x000001dfe5573b90 Thread added: 0x000001dfe5573b90
Event: 0.027 Thread 0x000001dfe5574250 Thread added: 0x000001dfe5574250
Event: 0.027 Thread 0x000001dfe5574860 Thread added: 0x000001dfe5574860
Event: 0.038 Thread 0x000001dfea0fe250 Thread added: 0x000001dfea0fe250
Event: 0.067 Thread 0x000001dfea1464c0 Thread added: 0x000001dfea1464c0
Event: 0.071 Thread 0x000001dfea180210 Thread added: 0x000001dfea180210
Event: 0.107 Thread 0x000001dfea4c9cb0 Thread added: 0x000001dfea4c9cb0
Event: 0.221 Thread 0x000001dfea742220 Thread added: 0x000001dfea742220
Event: 0.296 Thread 0x000001dfeb123d20 Thread added: 0x000001dfeb123d20
Event: 0.298 Thread 0x000001dfeb12ab80 Thread added: 0x000001dfeb12ab80
Event: 0.307 Thread 0x000001dfea180210 Thread exited: 0x000001dfea180210
Event: 0.353 Thread 0x000001dfea1464c0 Thread exited: 0x000001dfea1464c0
Event: 0.379 Thread 0x000001dfeb2c4be0 Thread added: 0x000001dfeb2c4be0
Event: 0.390 Thread 0x000001dfeb38eb20 Thread added: 0x000001dfeb38eb20
Event: 0.411 Thread 0x000001dfeac49c80 Thread added: 0x000001dfeac49c80
Event: 1.252 Thread 0x000001dff46eef10 Thread added: 0x000001dff46eef10
Event: 1.518 Thread 0x000001dfeac49c80 Thread exited: 0x000001dfeac49c80
Event: 1.536 Thread 0x000001dfebabce80 Thread added: 0x000001dfebabce80


Dynamic libraries:
0x00007ff6fc670000 - 0x00007ff6fc67e000 	C:\Program Files\Eclipse Adoptium\jdk-17.0.12.7-hotspot\bin\java.exe
0x00007ff9c2c40000 - 0x00007ff9c2ea3000 	C:\WINDOWS\SYSTEM32\ntdll.dll
0x00007ff9c29a0000 - 0x00007ff9c2a68000 	C:\WINDOWS\System32\KERNEL32.DLL
0x00007ff9c0010000 - 0x00007ff9c03c2000 	C:\WINDOWS\System32\KERNELBASE.dll
0x00007ff9c05c0000 - 0x00007ff9c070b000 	C:\WINDOWS\System32\ucrtbase.dll
0x00007ff9b8ad0000 - 0x00007ff9b8ae7000 	C:\Program Files\Eclipse Adoptium\jdk-17.0.12.7-hotspot\bin\jli.dll
0x00007ff9a9080000 - 0x00007ff9a909b000 	C:\Program Files\Eclipse Adoptium\jdk-17.0.12.7-hotspot\bin\VCRUNTIME140.dll
0x00007ff9c1a20000 - 0x00007ff9c1be8000 	C:\WINDOWS\System32\USER32.dll
0x00007ff9c0840000 - 0x00007ff9c0867000 	C:\WINDOWS\System32\win32u.dll
0x00007ff99d1c0000 - 0x00007ff99d450000 	C:\WINDOWS\WinSxS\amd64_microsoft.windows.common-controls_6595b64144ccf1df_6.0.26100.2454_none_3e0b68a2e331ad60\COMCTL32.dll
0x00007ff9c2970000 - 0x00007ff9c299a000 	C:\WINDOWS\System32\GDI32.dll
0x00007ff9c2800000 - 0x00007ff9c28a9000 	C:\WINDOWS\System32\msvcrt.dll
0x00007ff9c0490000 - 0x00007ff9c05bb000 	C:\WINDOWS\System32\gdi32full.dll
0x00007ff9c0870000 - 0x00007ff9c0913000 	C:\WINDOWS\System32\msvcp_win.dll
0x00007ff9c1170000 - 0x00007ff9c119f000 	C:\WINDOWS\System32\IMM32.DLL
0x00007ff9b8dd0000 - 0x00007ff9b8ddc000 	C:\Program Files\Eclipse Adoptium\jdk-17.0.12.7-hotspot\bin\vcruntime140_1.dll
0x00007ff9a5000000 - 0x00007ff9a508d000 	C:\Program Files\Eclipse Adoptium\jdk-17.0.12.7-hotspot\bin\msvcp140.dll
0x00007ff944ef0000 - 0x00007ff945b5a000 	C:\Program Files\Eclipse Adoptium\jdk-17.0.12.7-hotspot\bin\server\jvm.dll
0x00007ff9c28b0000 - 0x00007ff9c2964000 	C:\WINDOWS\System32\ADVAPI32.dll
0x00007ff9c0fa0000 - 0x00007ff9c1046000 	C:\WINDOWS\System32\sechost.dll
0x00007ff9c11b0000 - 0x00007ff9c12c6000 	C:\WINDOWS\System32\RPCRT4.dll
0x00007ff9c2b80000 - 0x00007ff9c2bf4000 	C:\WINDOWS\System32\WS2_32.dll
0x00007ff9bfea0000 - 0x00007ff9bfeee000 	C:\WINDOWS\SYSTEM32\POWRPROF.dll
0x00007ff9b34f0000 - 0x00007ff9b34fb000 	C:\WINDOWS\SYSTEM32\VERSION.dll
0x00007ff9b6180000 - 0x00007ff9b61b6000 	C:\WINDOWS\SYSTEM32\WINMM.dll
0x00007ff9bfe80000 - 0x00007ff9bfe94000 	C:\WINDOWS\SYSTEM32\UMPDC.dll
0x00007ff9bed80000 - 0x00007ff9bed9a000 	C:\WINDOWS\SYSTEM32\kernel.appcore.dll
0x00007ff9a8f10000 - 0x00007ff9a8f1a000 	C:\Program Files\Eclipse Adoptium\jdk-17.0.12.7-hotspot\bin\jimage.dll
0x00007ff9bd990000 - 0x00007ff9bdbd1000 	C:\WINDOWS\SYSTEM32\DBGHELP.DLL
0x00007ff9c0c10000 - 0x00007ff9c0f8e000 	C:\WINDOWS\System32\combase.dll
0x00007ff9c1070000 - 0x00007ff9c1146000 	C:\WINDOWS\System32\OLEAUT32.dll
0x00007ff99a740000 - 0x00007ff99a779000 	C:\WINDOWS\SYSTEM32\dbgcore.DLL
0x00007ff9c0710000 - 0x00007ff9c07a9000 	C:\WINDOWS\System32\bcryptPrimitives.dll
0x00007ff9a4f30000 - 0x00007ff9a4f55000 	C:\Program Files\Eclipse Adoptium\jdk-17.0.12.7-hotspot\bin\java.dll
0x00007ff97c5e0000 - 0x00007ff97c6b7000 	C:\Program Files\Eclipse Adoptium\jdk-17.0.12.7-hotspot\bin\jsvml.dll
0x00007ff9c1c60000 - 0x00007ff9c2360000 	C:\WINDOWS\System32\SHELL32.dll
0x00007ff9bdce0000 - 0x00007ff9be511000 	C:\WINDOWS\SYSTEM32\windows.storage.dll
0x00007ff9c0aa0000 - 0x00007ff9c0b7a000 	C:\WINDOWS\System32\SHCORE.dll
0x00007ff9c1bf0000 - 0x00007ff9c1c4d000 	C:\WINDOWS\System32\shlwapi.dll
0x00007ff9bff20000 - 0x00007ff9bff4e000 	C:\WINDOWS\SYSTEM32\profapi.dll
0x00007ff9a8da0000 - 0x00007ff9a8db9000 	C:\Program Files\Eclipse Adoptium\jdk-17.0.12.7-hotspot\bin\net.dll
0x00007ff9b9080000 - 0x00007ff9b91a6000 	C:\WINDOWS\SYSTEM32\WINHTTP.dll
0x00007ff9bf350000 - 0x00007ff9bf3b8000 	C:\WINDOWS\system32\mswsock.dll
0x00007ff9a5590000 - 0x00007ff9a55a6000 	C:\Program Files\Eclipse Adoptium\jdk-17.0.12.7-hotspot\bin\nio.dll
0x00007ff9a54f0000 - 0x00007ff9a5508000 	C:\Program Files\Eclipse Adoptium\jdk-17.0.12.7-hotspot\bin\zip.dll
0x000001dfc54a0000 - 0x000001dfc54a3000 	E:\openjfx-17.0.13_windows-x64_bin-sdk\javafx-sdk-17.0.13\bin\api-ms-win-core-console-l1-1-0.dll
0x000001dfc54b0000 - 0x000001dfc54b3000 	E:\openjfx-17.0.13_windows-x64_bin-sdk\javafx-sdk-17.0.13\bin\api-ms-win-core-console-l1-2-0.dll
0x000001dfc54c0000 - 0x000001dfc54c3000 	E:\openjfx-17.0.13_windows-x64_bin-sdk\javafx-sdk-17.0.13\bin\api-ms-win-core-datetime-l1-1-0.dll
0x000001dfc54d0000 - 0x000001dfc54d3000 	E:\openjfx-17.0.13_windows-x64_bin-sdk\javafx-sdk-17.0.13\bin\api-ms-win-core-debug-l1-1-0.dll
0x000001dfc54e0000 - 0x000001dfc54e3000 	E:\openjfx-17.0.13_windows-x64_bin-sdk\javafx-sdk-17.0.13\bin\api-ms-win-core-errorhandling-l1-1-0.dll
0x000001dfc5580000 - 0x000001dfc5584000 	E:\openjfx-17.0.13_windows-x64_bin-sdk\javafx-sdk-17.0.13\bin\api-ms-win-core-file-l1-1-0.dll
0x000001dfc5590000 - 0x000001dfc5593000 	E:\openjfx-17.0.13_windows-x64_bin-sdk\javafx-sdk-17.0.13\bin\api-ms-win-core-file-l1-2-0.dll
0x000001dfc55a0000 - 0x000001dfc55a3000 	E:\openjfx-17.0.13_windows-x64_bin-sdk\javafx-sdk-17.0.13\bin\api-ms-win-core-file-l2-1-0.dll
0x000001dfc7490000 - 0x000001dfc7493000 	E:\openjfx-17.0.13_windows-x64_bin-sdk\javafx-sdk-17.0.13\bin\api-ms-win-core-handle-l1-1-0.dll
0x000001dfc74a0000 - 0x000001dfc74a3000 	E:\openjfx-17.0.13_windows-x64_bin-sdk\javafx-sdk-17.0.13\bin\api-ms-win-core-heap-l1-1-0.dll
0x000001dfc74b0000 - 0x000001dfc74b3000 	E:\openjfx-17.0.13_windows-x64_bin-sdk\javafx-sdk-17.0.13\bin\api-ms-win-core-interlocked-l1-1-0.dll
0x000001dfc74c0000 - 0x000001dfc74c3000 	E:\openjfx-17.0.13_windows-x64_bin-sdk\javafx-sdk-17.0.13\bin\api-ms-win-core-libraryloader-l1-1-0.dll
0x000001dfc74d0000 - 0x000001dfc74d3000 	E:\openjfx-17.0.13_windows-x64_bin-sdk\javafx-sdk-17.0.13\bin\api-ms-win-core-localization-l1-2-0.dll
0x000001dfc74e0000 - 0x000001dfc74e3000 	E:\openjfx-17.0.13_windows-x64_bin-sdk\javafx-sdk-17.0.13\bin\api-ms-win-core-memory-l1-1-0.dll
0x000001dfc74f0000 - 0x000001dfc74f3000 	E:\openjfx-17.0.13_windows-x64_bin-sdk\javafx-sdk-17.0.13\bin\api-ms-win-core-namedpipe-l1-1-0.dll
0x000001dfc7500000 - 0x000001dfc7503000 	E:\openjfx-17.0.13_windows-x64_bin-sdk\javafx-sdk-17.0.13\bin\api-ms-win-core-processenvironment-l1-1-0.dll
0x000001dfc7510000 - 0x000001dfc7513000 	E:\openjfx-17.0.13_windows-x64_bin-sdk\javafx-sdk-17.0.13\bin\api-ms-win-core-processthreads-l1-1-0.dll
0x000001dfc7520000 - 0x000001dfc7523000 	E:\openjfx-17.0.13_windows-x64_bin-sdk\javafx-sdk-17.0.13\bin\api-ms-win-core-processthreads-l1-1-1.dll
0x000001dfc7530000 - 0x000001dfc7533000 	E:\openjfx-17.0.13_windows-x64_bin-sdk\javafx-sdk-17.0.13\bin\api-ms-win-core-profile-l1-1-0.dll
0x000001dfc7540000 - 0x000001dfc7543000 	E:\openjfx-17.0.13_windows-x64_bin-sdk\javafx-sdk-17.0.13\bin\api-ms-win-core-rtlsupport-l1-1-0.dll
0x000001dfc7550000 - 0x000001dfc7553000 	E:\openjfx-17.0.13_windows-x64_bin-sdk\javafx-sdk-17.0.13\bin\api-ms-win-core-string-l1-1-0.dll
0x000001dfe5d00000 - 0x000001dfe5d03000 	E:\openjfx-17.0.13_windows-x64_bin-sdk\javafx-sdk-17.0.13\bin\api-ms-win-core-synch-l1-1-0.dll
0x000001dfe5d10000 - 0x000001dfe5d13000 	E:\openjfx-17.0.13_windows-x64_bin-sdk\javafx-sdk-17.0.13\bin\api-ms-win-core-synch-l1-2-0.dll
0x000001dfe5d20000 - 0x000001dfe5d23000 	E:\openjfx-17.0.13_windows-x64_bin-sdk\javafx-sdk-17.0.13\bin\api-ms-win-core-sysinfo-l1-1-0.dll
0x000001dfe5d30000 - 0x000001dfe5d33000 	E:\openjfx-17.0.13_windows-x64_bin-sdk\javafx-sdk-17.0.13\bin\api-ms-win-core-timezone-l1-1-0.dll
0x000001dfe5d40000 - 0x000001dfe5d43000 	E:\openjfx-17.0.13_windows-x64_bin-sdk\javafx-sdk-17.0.13\bin\api-ms-win-core-util-l1-1-0.dll
0x000001dfe5d50000 - 0x000001dfe5d53000 	E:\openjfx-17.0.13_windows-x64_bin-sdk\javafx-sdk-17.0.13\bin\api-ms-win-crt-conio-l1-1-0.dll
0x000001dfe5d60000 - 0x000001dfe5d64000 	E:\openjfx-17.0.13_windows-x64_bin-sdk\javafx-sdk-17.0.13\bin\api-ms-win-crt-convert-l1-1-0.dll
0x000001dfe5d70000 - 0x000001dfe5d73000 	E:\openjfx-17.0.13_windows-x64_bin-sdk\javafx-sdk-17.0.13\bin\api-ms-win-crt-environment-l1-1-0.dll
0x000001dfe5d80000 - 0x000001dfe5d83000 	E:\openjfx-17.0.13_windows-x64_bin-sdk\javafx-sdk-17.0.13\bin\api-ms-win-crt-filesystem-l1-1-0.dll
0x000001dfe5d90000 - 0x000001dfe5d93000 	E:\openjfx-17.0.13_windows-x64_bin-sdk\javafx-sdk-17.0.13\bin\api-ms-win-crt-heap-l1-1-0.dll
0x000001dfe5da0000 - 0x000001dfe5da3000 	E:\openjfx-17.0.13_windows-x64_bin-sdk\javafx-sdk-17.0.13\bin\api-ms-win-crt-locale-l1-1-0.dll
0x000001dfe5db0000 - 0x000001dfe5db5000 	E:\openjfx-17.0.13_windows-x64_bin-sdk\javafx-sdk-17.0.13\bin\api-ms-win-crt-math-l1-1-0.dll
0x000001dfe5dc0000 - 0x000001dfe5dc5000 	E:\openjfx-17.0.13_windows-x64_bin-sdk\javafx-sdk-17.0.13\bin\api-ms-win-crt-multibyte-l1-1-0.dll
0x000001dfe5dd0000 - 0x000001dfe5de0000 	E:\openjfx-17.0.13_windows-x64_bin-sdk\javafx-sdk-17.0.13\bin\api-ms-win-crt-private-l1-1-0.dll
0x000001dfe5de0000 - 0x000001dfe5de3000 	E:\openjfx-17.0.13_windows-x64_bin-sdk\javafx-sdk-17.0.13\bin\api-ms-win-crt-process-l1-1-0.dll
0x000001dfe5df0000 - 0x000001dfe5df4000 	E:\openjfx-17.0.13_windows-x64_bin-sdk\javafx-sdk-17.0.13\bin\api-ms-win-crt-runtime-l1-1-0.dll
0x000001dfe5e00000 - 0x000001dfe5e04000 	E:\openjfx-17.0.13_windows-x64_bin-sdk\javafx-sdk-17.0.13\bin\api-ms-win-crt-stdio-l1-1-0.dll
0x000001dfe5e10000 - 0x000001dfe5e14000 	E:\openjfx-17.0.13_windows-x64_bin-sdk\javafx-sdk-17.0.13\bin\api-ms-win-crt-string-l1-1-0.dll
0x000001dfe5e20000 - 0x000001dfe5e23000 	E:\openjfx-17.0.13_windows-x64_bin-sdk\javafx-sdk-17.0.13\bin\api-ms-win-crt-time-l1-1-0.dll
0x000001dfe5e30000 - 0x000001dfe5e33000 	E:\openjfx-17.0.13_windows-x64_bin-sdk\javafx-sdk-17.0.13\bin\api-ms-win-crt-utility-l1-1-0.dll
0x00007ff97c4e0000 - 0x00007ff97c5dc000 	E:\openjfx-17.0.13_windows-x64_bin-sdk\javafx-sdk-17.0.13\bin\ucrtbase.dll
0x00007ff9a4e00000 - 0x00007ff9a4e1b000 	E:\openjfx-17.0.13_windows-x64_bin-sdk\javafx-sdk-17.0.13\bin\vcruntime140.dll
0x00007ff9a4f20000 - 0x00007ff9a4f2c000 	E:\openjfx-17.0.13_windows-x64_bin-sdk\javafx-sdk-17.0.13\bin\vcruntime140_1.dll
0x00007ff9a4d70000 - 0x00007ff9a4dfe000 	E:\openjfx-17.0.13_windows-x64_bin-sdk\javafx-sdk-17.0.13\bin\msvcp140.dll
0x00007ff9a4d60000 - 0x00007ff9a4d69000 	E:\openjfx-17.0.13_windows-x64_bin-sdk\javafx-sdk-17.0.13\bin\msvcp140_1.dll
0x00007ff98a6f0000 - 0x00007ff98a731000 	E:\openjfx-17.0.13_windows-x64_bin-sdk\javafx-sdk-17.0.13\bin\msvcp140_2.dll
0x00007ff9a4950000 - 0x00007ff9a497a000 	E:\openjfx-17.0.13_windows-x64_bin-sdk\javafx-sdk-17.0.13\bin\prism_d3d.dll
0x00007ff95cf70000 - 0x00007ff95d116000 	C:\WINDOWS\system32\d3d9.dll
0x00007ff9bd030000 - 0x00007ff9bd05e000 	C:\WINDOWS\SYSTEM32\dwmapi.dll
0x00007ff9bce70000 - 0x00007ff9bceb7000 	C:\WINDOWS\SYSTEM32\dxcore.dll
0x00007ff9bcd00000 - 0x00007ff9bcdad000 	C:\WINDOWS\system32\uxtheme.dll
0x00007ff965f40000 - 0x00007ff966005000 	C:\WINDOWS\SYSTEM32\d3d9on12.dll
0x00007ff990c00000 - 0x00007ff990c23000 	C:\WINDOWS\SYSTEM32\d3d12.dll
0x00007ff9bcee0000 - 0x00007ff9bd00b000 	C:\WINDOWS\SYSTEM32\dxgi.dll
0x00007ff9bce10000 - 0x00007ff9bce6c000 	C:\WINDOWS\SYSTEM32\directxdatabasehelper.dll
0x00007ff9bfb90000 - 0x00007ff9bfbef000 	C:\WINDOWS\SYSTEM32\cfgmgr32.dll
0x00007ff959f70000 - 0x00007ff95a1e5000 	C:\WINDOWS\SYSTEM32\D3D12Core.dll
0x00007ff988790000 - 0x00007ff9887b6000 	C:\WINDOWS\System32\DriverStore\FileRepository\iigd_dch.inf_amd64_64dc54263337697d\igd12umd64.dll
0x00007ff9301a0000 - 0x00007ff9322c4000 	C:\WINDOWS\System32\DriverStore\FileRepository\iigd_dch.inf_amd64_64dc54263337697d\igd12um64xel.dll
0x00007ff9c0920000 - 0x00007ff9c0a96000 	C:\WINDOWS\System32\CRYPT32.dll
0x00007ff9c12d0000 - 0x00007ff9c1469000 	C:\WINDOWS\System32\ole32.dll
0x00007ff9bf830000 - 0x00007ff9bf856000 	C:\WINDOWS\SYSTEM32\bcrypt.dll
0x00007ff9aa8a0000 - 0x00007ff9aaa18000 	C:\WINDOWS\SYSTEM32\drvstore.dll
0x00007ff97cfc0000 - 0x00007ff97cfe7000 	C:\WINDOWS\System32\DriverStore\FileRepository\iigd_dch.inf_amd64_64dc54263337697d\igdext64.dll
0x00007ff9b3600000 - 0x00007ff9b369c000 	C:\WINDOWS\System32\DriverStore\FileRepository\iigd_dch.inf_amd64_64dc54263337697d\IntelControlLib.dll
0x00007ff9b3090000 - 0x00007ff9b34cf000 	C:\WINDOWS\System32\DriverStore\FileRepository\iigd_dch.inf_amd64_64dc54263337697d\igdgmm64.dll
0x00007ff9b3060000 - 0x00007ff9b3084000 	C:\WINDOWS\System32\DriverStore\FileRepository\iigd_dch.inf_amd64_64dc54263337697d\igc64.dll
0x00007ff9ae5a0000 - 0x00007ff9b2d0b000 	C:\WINDOWS\System32\DriverStore\FileRepository\iigd_dch.inf_amd64_64dc54263337697d\igc1464.dll
0x00007ff97c320000 - 0x00007ff97c34e000 	C:\WINDOWS\SYSTEM32\D3DSCache.dll
0x00007ff9bf3f0000 - 0x00007ff9bf41b000 	C:\WINDOWS\SYSTEM32\USERENV.dll
0x00007ff94c550000 - 0x00007ff94c870000 	C:\WINDOWS\System32\DriverStore\FileRepository\iigd_dch.inf_amd64_64dc54263337697d\igd12dxva64.dll
0x00007ff9c2370000 - 0x00007ff9c27f6000 	C:\WINDOWS\System32\SETUPAPI.dll
0x00007ff9a2a00000 - 0x00007ff9a3d83000 	C:\WINDOWS\System32\DriverStore\FileRepository\iigd_dch.inf_amd64_64dc54263337697d\igddxvacommon64.dll
0x00007ff9a0b80000 - 0x00007ff9a28ab000 	C:\WINDOWS\System32\DriverStore\FileRepository\iigd_dch.inf_amd64_64dc54263337697d\media_bin_64.dll
0x00007ff9a0b50000 - 0x00007ff9a0b77000 	C:\WINDOWS\System32\DriverStore\FileRepository\iigd_dch.inf_amd64_64dc54263337697d\igdinfo64.dll
0x00007ff97c2d0000 - 0x00007ff97c312000 	E:\openjfx-17.0.13_windows-x64_bin-sdk\javafx-sdk-17.0.13\bin\glass.dll
0x00007ff9c1900000 - 0x00007ff9c19ed000 	C:\WINDOWS\System32\COMDLG32.dll
0x00007ff9c1720000 - 0x00007ff9c187c000 	C:\WINDOWS\System32\MSCTF.dll
0x00007ff980dc0000 - 0x00007ff980dd5000 	E:\openjfx-17.0.13_windows-x64_bin-sdk\javafx-sdk-17.0.13\bin\javafx_font.dll
0x00007ff9b74c0000 - 0x00007ff9b7725000 	C:\WINDOWS\SYSTEM32\dwrite.dll
0x00007ff9c2a70000 - 0x00007ff9c2b18000 	C:\WINDOWS\System32\clbcatq.dll
0x00007ff9bc9d0000 - 0x00007ff9bcbfe000 	C:\WINDOWS\SYSTEM32\WindowsCodecs.dll

dbghelp: loaded successfully - version: 4.0.5 - missing functions: none
symbol engine: initialized successfully - sym options: 0x614 - pdb path: .;C:\Program Files\Eclipse Adoptium\jdk-17.0.12.7-hotspot\bin;C:\WINDOWS\SYSTEM32;C:\WINDOWS\WinSxS\amd64_microsoft.windows.common-controls_6595b64144ccf1df_6.0.26100.2454_none_3e0b68a2e331ad60;C:\Program Files\Eclipse Adoptium\jdk-17.0.12.7-hotspot\bin\server;E:\openjfx-17.0.13_windows-x64_bin-sdk\javafx-sdk-17.0.13\bin;C:\WINDOWS\System32\DriverStore\FileRepository\iigd_dch.inf_amd64_64dc54263337697d;C:\Program Files\Common Files\Microsoft Shared\Ink

VM Arguments:
jvm_args: --module-path=E:/openjfx-17.0.13_windows-x64_bin-sdk/javafx-sdk-17.0.13/lib --add-modules=javafx.controls,javafx.fxml -XX:+ShowCodeDetailsInExceptionMessages 
java_command: App
java_class_path (initial): C:\Users\soura\OneDrive\Desktop\project\project_2205083\bin;e:\openjfx-17.0.13_windows-x64_bin-sdk\javafx-sdk-17.0.13\lib\javafx.graphics.jar;e:\openjfx-17.0.13_windows-x64_bin-sdk\javafx-sdk-17.0.13\lib\javafx.base.jar;e:\openjfx-17.0.13_windows-x64_bin-sdk\javafx-sdk-17.0.13\lib\javafx.fxml.jar;e:\openjfx-17.0.13_windows-x64_bin-sdk\javafx-sdk-17.0.13\lib\javafx-swt.jar;e:\openjfx-17.0.13_windows-x64_bin-sdk\javafx-sdk-17.0.13\lib\javafx.swing.jar;e:\openjfx-17.0.13_windows-x64_bin-sdk\javafx-sdk-17.0.13\lib\javafx.media.jar;e:\openjfx-17.0.13_windows-x64_bin-sdk\javafx-sdk-17.0.13\lib\javafx.controls.jar;e:\openjfx-17.0.13_windows-x64_bin-sdk\javafx-sdk-17.0.13\lib\javafx.web.jar
Launcher Type: SUN_STANDARD

[Global flags]
     intx CICompilerCount                          = 4                                         {product} {ergonomic}
     uint ConcGCThreads                            = 3                                         {product} {ergonomic}
     uint G1ConcRefinementThreads                  = 10                                        {product} {ergonomic}
   size_t G1HeapRegionSize                         = 1048576                                   {product} {ergonomic}
    uintx GCDrainStackTargetSize                   = 64                                        {product} {ergonomic}
   size_t InitialHeapSize                          = 130023424                                 {product} {ergonomic}
   size_t MarkStackSize                            = 4194304                                   {product} {ergonomic}
   size_t MaxHeapSize                              = 2061500416                                {product} {ergonomic}
   size_t MaxNewSize                               = 1236271104                                {product} {ergonomic}
   size_t MinHeapDeltaBytes                        = 1048576                                   {product} {ergonomic}
   size_t MinHeapSize                              = 8388608                                   {product} {ergonomic}
    uintx NonNMethodCodeHeapSize                   = 5839372                                {pd product} {ergonomic}
    uintx NonProfiledCodeHeapSize                  = 122909434                              {pd product} {ergonomic}
    uintx ProfiledCodeHeapSize                     = 122909434                              {pd product} {ergonomic}
    uintx ReservedCodeCacheSize                    = 251658240                              {pd product} {ergonomic}
     bool SegmentedCodeCache                       = true                                      {product} {ergonomic}
     bool ShowCodeDetailsInExceptionMessages       = true                                   {manageable} {command line}
   size_t SoftMaxHeapSize                          = 2061500416                             {manageable} {ergonomic}
     bool UseCompressedClassPointers               = true                           {product lp64_product} {ergonomic}
     bool UseCompressedOops                        = true                           {product lp64_product} {ergonomic}
     bool UseG1GC                                  = true                                      {product} {ergonomic}
     bool UseLargePagesIndividualAllocation        = false                                  {pd product} {ergonomic}

Logging:
Log output configuration:
 #0: stdout all=warning uptime,level,tags
 #1: stderr all=off uptime,level,tags

Environment Variables:
JAVA_HOME=C:\Program Files\Eclipse Adoptium\jdk-17.0.12.7-hotspot\
PATH=C:\Program Files\Eclipse Adoptium\jdk-17.0.12.7-hotspot\bin;C:\WINDOWS\system32;C:\WINDOWS;C:\WINDOWS\System32\Wbem;C:\WINDOWS\System32\WindowsPowerShell\v1.0\;C:\WINDOWS\System32\OpenSSH\;C:\MinGW\bin;;C:\Program Files (x86)\NVIDIA Corporation\PhysX\Common;C:\Program Files\dotnet\;%SystemRoot%\system32;%SystemRoot%;%SystemRoot%\System32\Wbem;%SYSTEMROOT%\System32\WindowsPowerShell\v1.0\;%SYSTEMROOT%\System32\OpenSSH\;C:\Users\soura\AppData\Local\Programs\Python\Python312\Scripts\;C:\Users\soura\AppData\Local\Programs\Python\Python312\;C:\Users\soura\AppData\Local\Microsoft\WindowsApps;;C:\Users\soura\AppData\Local\Programs\Microsoft VS Code\bin
USERNAME=soura
LANG=en_US.UTF-8
OS=Windows_NT
PROCESSOR_IDENTIFIER=Intel64 Family 6 Model 154 Stepping 4, GenuineIntel
TMP=C:\Users\soura\AppData\Local\Temp
TEMP=C:\Users\soura\AppData\Local\Temp



Periodic native trim disabled


---------------  S Y S T E M  ---------------

OS:
 Windows 11 , 64 bit Build 26100 (10.0.26100.2454)
OS uptime: 1 days 4:56 hours
Hyper-V role detected

CPU: total 12 (initial active 12) (6 cores per cpu, 2 threads per core) family 6 model 154 stepping 4 microcode 0x42c, cx8, cmov, fxsr, ht, mmx, 3dnowpref, sse, sse2, sse3, ssse3, sse4.1, sse4.2, popcnt, lzcnt, tsc, tscinvbit, avx, avx2, aes, erms, clmul, bmi1, bmi2, adx, sha, fma, vzeroupper, clflush, clflushopt, clwb, hv
Processor Information for processor 0
  Max Mhz: 1300, Current Mhz: 1300, Mhz Limit: 1300
Processor Information for processor 1
  Max Mhz: 1300, Current Mhz: 1300, Mhz Limit: 1300
Processor Information for processor 2
  Max Mhz: 1300, Current Mhz: 1300, Mhz Limit: 1300
Processor Information for processor 3
  Max Mhz: 1300, Current Mhz: 1300, Mhz Limit: 1300
Processor Information for processor 4
  Max Mhz: 1300, Current Mhz: 900, Mhz Limit: 897
Processor Information for processor 5
  Max Mhz: 1300, Current Mhz: 900, Mhz Limit: 897
Processor Information for processor 6
  Max Mhz: 1300, Current Mhz: 900, Mhz Limit: 897
Processor Information for processor 7
  Max Mhz: 1300, Current Mhz: 900, Mhz Limit: 897
Processor Information for processor 8
  Max Mhz: 1300, Current Mhz: 900, Mhz Limit: 897
Processor Information for processor 9
  Max Mhz: 1300, Current Mhz: 900, Mhz Limit: 897
Processor Information for processor 10
  Max Mhz: 1300, Current Mhz: 900, Mhz Limit: 897
Processor Information for processor 11
  Max Mhz: 1300, Current Mhz: 900, Mhz Limit: 897

Memory: 4k page, system-wide physical 7863M (441M free)
TotalPageFile size 22762M (AvailPageFile size 13M)
current process WorkingSet (physical memory assigned to process): 382M, peak: 382M
current process commit charge ("private bytes"): 504M, peak: 895M

vm_info: OpenJDK 64-Bit Server VM (17.0.12+7) for windows-amd64 JRE (17.0.12+7), built on Jul 16 2024 22:08:24 by "admin" with MS VC++ 16.10 / 16.11 (VS2019)

END.
